!SESSION 2022-07-05 09:17:43.584 -----------------------------------------------
eclipse.buildId=4.13.1.202201311654
java.version=11.0.14
java.vendor=Oracle Corporation
BootLoader constants: OS=win32, ARCH=x86_64, WS=win32, NL=ko_KR
Framework arguments:  -product org.springframework.boot.ide.branding.sts4
Command-line arguments:  -data C:\LYK\work\new -os win32 -ws win32 -arch x86_64 -product org.springframework.boot.ide.branding.sts4 -clean

!ENTRY org.eclipse.mylyn.tasks.core 4 0 2022-07-05 09:17:51.524
!MESSAGE Unexpected error while loading repository template extensions
!SUBENTRY 1 org.eclipse.mylyn.tasks.core 4 0 2022-07-05 09:17:51.524
!MESSAGE Could not load repository template extension contributed by 'org.eclipse.mylyn.bugzilla.ide' with connectorKind 'bugzilla'

!ENTRY org.eclipse.jface 2 0 2022-07-05 09:17:51.615
!MESSAGE Keybinding conflicts occurred.  They may interfere with normal accelerator operation.
!SUBENTRY 1 org.eclipse.jface 2 0 2022-07-05 09:17:51.615
!MESSAGE A conflict occurred for CTRL+SHIFT+T:
Binding(CTRL+SHIFT+T,
	ParameterizedCommand(Command(org.eclipse.jdt.ui.navigate.open.type,Open Type,
		Open a type in a Java editor,
		Category(org.eclipse.ui.category.navigate,Navigate,null,true),
		org.eclipse.ui.internal.WorkbenchHandlerServiceHandler@321302bc,
		,,true),null),
	org.eclipse.ui.defaultAcceleratorConfiguration,
	org.eclipse.ui.contexts.window,,,system)
Binding(CTRL+SHIFT+T,
	ParameterizedCommand(Command(org.eclipse.lsp4e.symbolinworkspace,Go to Symbol in Workspace,
		,
		Category(org.eclipse.lsp4e.category,Language Servers,null,true),
		org.eclipse.ui.internal.WorkbenchHandlerServiceHandler@89dd102,
		,,true),null),
	org.eclipse.ui.defaultAcceleratorConfiguration,
	org.eclipse.ui.contexts.window,,,system)
!SUBENTRY 1 org.eclipse.jface 2 0 2022-07-05 09:17:51.615
!MESSAGE A conflict occurred for ALT+SHIFT+R:
Binding(ALT+SHIFT+R,
	ParameterizedCommand(Command(org.eclipse.jdt.ui.edit.text.java.rename.element,Rename - Refactoring ,
		Rename the selected element,
		Category(org.eclipse.jdt.ui.category.refactoring,Refactor - Java,Java Refactoring Actions,true),
		org.eclipse.ui.internal.WorkbenchHandlerServiceHandler@2b826482,
		,,true),null),
	org.eclipse.ui.defaultAcceleratorConfiguration,
	org.eclipse.ui.contexts.window,,,system)
Binding(ALT+SHIFT+R,
	ParameterizedCommand(Command(org.eclipse.ui.edit.rename,Rename,
		Rename the selected item,
		Category(org.eclipse.ui.category.file,File,null,true),
		org.eclipse.ui.internal.WorkbenchHandlerServiceHandler@3f908a10,
		,,true),null),
	org.eclipse.ui.defaultAcceleratorConfiguration,
	org.eclipse.ui.contexts.window,,,system)

!ENTRY org.eclipse.egit.ui 2 0 2022-07-05 09:17:55.414
!MESSAGE Warning: The environment variable HOME is not set. The following directory will be used to store the Git
user global configuration and to define the default location to store repositories: 'C:\Users\USER'. If this is
not correct please set the HOME environment variable and restart Eclipse. Otherwise Git for Windows and
EGit might behave differently since they see different configuration options.
This warning can be switched off on the Team > Git > Confirmations and Warnings preference page.

!ENTRY org.eclipse.equinox.p2.repository 2 0 2022-07-05 09:18:22.999
!MESSAGE Using unsafe http transport to retrieve http://www.pydev.org/updates/, see CVE-2021-41033. Consider using https instead.

!ENTRY org.eclipse.equinox.p2.repository 2 0 2022-07-05 09:18:24.028
!MESSAGE Using unsafe http transport to retrieve http://download.eclipse.org/buildship/updates/e410/releases/3.x, see CVE-2021-41033. Consider using https instead.

!ENTRY org.eclipse.equinox.p2.repository 2 0 2022-07-05 09:18:24.036
!MESSAGE Using unsafe http transport to retrieve http://download.eclipse.org/wildwebdeveloper/releases/latest/artifacts.xml.xz, see CVE-2021-41033. Consider using https instead.

!ENTRY org.eclipse.equinox.p2.repository 2 0 2022-07-05 09:18:24.446
!MESSAGE Server returned lastModified <= 0 for https://sourceforge.net/projects/museproject/files/latest/download/artifacts.jar

!ENTRY org.eclipse.equinox.p2.repository 2 0 2022-07-05 09:18:24.477
!MESSAGE Using unsafe http transport to retrieve http://www.pydev.org/updates/, see CVE-2021-41033. Consider using https instead.

!ENTRY org.eclipse.epp.mpc.ui 1 2 2022-07-05 09:18:24.987
!MESSAGE Skipping update check for repository 'https://sourceforge.net/projects/museproject/files/latest/download' - failed to read repository. Affected entries: 
!STACK 1
org.eclipse.equinox.p2.core.ProvisionException: Unable to read repository at https://sourceforge.net/projects/museproject/files/latest/download.
	at org.eclipse.equinox.internal.p2.artifact.repository.simple.SimpleArtifactRepositoryFactory.load(SimpleArtifactRepositoryFactory.java:130)
	at org.eclipse.equinox.internal.p2.artifact.repository.simple.SimpleArtifactRepositoryFactory.load(SimpleArtifactRepositoryFactory.java:80)
	at org.eclipse.equinox.internal.p2.artifact.repository.ArtifactRepositoryManager.factoryLoad(ArtifactRepositoryManager.java:92)
	at org.eclipse.equinox.internal.p2.repository.helpers.AbstractRepositoryManager.loadRepository(AbstractRepositoryManager.java:787)
	at org.eclipse.equinox.internal.p2.repository.helpers.AbstractRepositoryManager.loadRepository(AbstractRepositoryManager.java:685)
	at org.eclipse.equinox.internal.p2.artifact.repository.ArtifactRepositoryManager.loadRepository(ArtifactRepositoryManager.java:131)
	at org.eclipse.equinox.internal.p2.artifact.repository.ArtifactRepositoryManager.loadRepository(ArtifactRepositoryManager.java:125)
	at org.eclipse.epp.internal.mpc.ui.catalog.MarketplaceCatalog.lambda$12(MarketplaceCatalog.java:338)
	at java.base/java.util.concurrent.Executors$RunnableAdapter.call(Executors.java:515)
	at java.base/java.util.concurrent.FutureTask.run(FutureTask.java:264)
	at java.base/java.util.concurrent.ThreadPoolExecutor.runWorker(ThreadPoolExecutor.java:1128)
	at java.base/java.util.concurrent.ThreadPoolExecutor$Worker.run(ThreadPoolExecutor.java:628)
	at java.base/java.lang.Thread.run(Thread.java:834)
Caused by: java.io.IOException: Invalid repository location: https://sourceforge.net/projects/museproject/files/latest/download.
	at org.eclipse.equinox.internal.p2.artifact.repository.simple.SimpleArtifactRepositoryFactory.load(SimpleArtifactRepositoryFactory.java:106)
	... 12 more
!SUBENTRY 1 org.eclipse.equinox.p2.artifact.repository 4 1002 2022-07-05 09:18:24.988
!MESSAGE Unable to read repository at https://sourceforge.net/projects/museproject/files/latest/download.
!STACK 0
java.io.IOException: Invalid repository location: https://sourceforge.net/projects/museproject/files/latest/download.
	at org.eclipse.equinox.internal.p2.artifact.repository.simple.SimpleArtifactRepositoryFactory.load(SimpleArtifactRepositoryFactory.java:106)
	at org.eclipse.equinox.internal.p2.artifact.repository.simple.SimpleArtifactRepositoryFactory.load(SimpleArtifactRepositoryFactory.java:80)
	at org.eclipse.equinox.internal.p2.artifact.repository.ArtifactRepositoryManager.factoryLoad(ArtifactRepositoryManager.java:92)
	at org.eclipse.equinox.internal.p2.repository.helpers.AbstractRepositoryManager.loadRepository(AbstractRepositoryManager.java:787)
	at org.eclipse.equinox.internal.p2.repository.helpers.AbstractRepositoryManager.loadRepository(AbstractRepositoryManager.java:685)
	at org.eclipse.equinox.internal.p2.artifact.repository.ArtifactRepositoryManager.loadRepository(ArtifactRepositoryManager.java:131)
	at org.eclipse.equinox.internal.p2.artifact.repository.ArtifactRepositoryManager.loadRepository(ArtifactRepositoryManager.java:125)
	at org.eclipse.epp.internal.mpc.ui.catalog.MarketplaceCatalog.lambda$12(MarketplaceCatalog.java:338)
	at java.base/java.util.concurrent.Executors$RunnableAdapter.call(Executors.java:515)
	at java.base/java.util.concurrent.FutureTask.run(FutureTask.java:264)
	at java.base/java.util.concurrent.ThreadPoolExecutor.runWorker(ThreadPoolExecutor.java:1128)
	at java.base/java.util.concurrent.ThreadPoolExecutor$Worker.run(ThreadPoolExecutor.java:628)
	at java.base/java.lang.Thread.run(Thread.java:834)
!SUBENTRY 1 org.eclipse.epp.mpc.ui 1 0 2022-07-05 09:18:24.988
!MESSAGE Muse - Middleware Universal Scripting idE 2.0.27

!ENTRY org.eclipse.equinox.p2.repository 2 0 2022-07-05 09:18:26.608
!MESSAGE Using unsafe http transport to retrieve http://download.eclipse.org/buildship/updates/e410/releases/3.x/3.0.0.v20181205-1821/, see CVE-2021-41033. Consider using https instead.

!ENTRY org.eclipse.equinox.p2.repository 2 0 2022-07-05 09:18:26.619
!MESSAGE Using unsafe http transport to retrieve http://download.eclipse.org/wildwebdeveloper/releases/latest/content.xml.xz, see CVE-2021-41033. Consider using https instead.

!ENTRY org.eclipse.equinox.p2.repository 2 0 2022-07-05 09:18:29.165
!MESSAGE Using unsafe http transport to retrieve http://download.eclipse.org/buildship/updates/e410/releases/3.x/3.0.1.v20181217-1554/, see CVE-2021-41033. Consider using https instead.

!ENTRY org.eclipse.equinox.p2.repository 2 0 2022-07-05 09:18:31.722
!MESSAGE Using unsafe http transport to retrieve http://download.eclipse.org/buildship/updates/e410/releases/3.x/3.1.0.v20190501-0830/, see CVE-2021-41033. Consider using https instead.

!ENTRY org.eclipse.equinox.p2.repository 2 0 2022-07-05 09:18:34.162
!MESSAGE Using unsafe http transport to retrieve http://download.eclipse.org/buildship/updates/e410/releases/3.x/3.1.1.v20190701-1623/, see CVE-2021-41033. Consider using https instead.

!ENTRY org.eclipse.equinox.p2.repository 2 0 2022-07-05 09:18:36.502
!MESSAGE Using unsafe http transport to retrieve http://download.eclipse.org/buildship/updates/e410/releases/3.x/3.1.2.v20190903-1732/, see CVE-2021-41033. Consider using https instead.

!ENTRY org.eclipse.equinox.p2.repository 2 0 2022-07-05 09:18:39.087
!MESSAGE Using unsafe http transport to retrieve http://download.eclipse.org/buildship/updates/e410/releases/3.x/3.1.3.v20191117-2045/, see CVE-2021-41033. Consider using https instead.

!ENTRY org.eclipse.equinox.p2.repository 2 0 2022-07-05 09:18:41.664
!MESSAGE Using unsafe http transport to retrieve http://download.eclipse.org/buildship/updates/e410/releases/3.x/3.1.4.v20200326-1718/, see CVE-2021-41033. Consider using https instead.

!ENTRY org.eclipse.equinox.p2.repository 2 0 2022-07-05 09:18:44.211
!MESSAGE Using unsafe http transport to retrieve http://download.eclipse.org/buildship/updates/e410/releases/3.x/3.1.5.v20210113-0904/, see CVE-2021-41033. Consider using https instead.

!ENTRY org.eclipse.equinox.p2.repository 2 0 2022-07-05 09:18:44.965
!MESSAGE Unexpected interrupt while waiting on ECF browse request
!STACK 0
java.lang.InterruptedException
	at java.base/java.lang.Object.wait(Native Method)
	at org.eclipse.core.internal.jobs.Semaphore.acquire(Semaphore.java:45)
	at org.eclipse.core.internal.jobs.JobManager.join(JobManager.java:927)
	at org.eclipse.core.internal.jobs.InternalJob.join(InternalJob.java:344)
	at org.eclipse.core.runtime.jobs.Job.join(Job.java:531)
	at org.eclipse.equinox.internal.p2.transport.ecf.FileInfoReader.waitOnSelf(FileInfoReader.java:74)
	at org.eclipse.equinox.internal.p2.transport.ecf.FileInfoReader.getRemoteFiles(FileInfoReader.java:110)
	at org.eclipse.equinox.internal.p2.transport.ecf.FileInfoReader.getRemoteFile(FileInfoReader.java:125)
	at org.eclipse.equinox.internal.p2.transport.ecf.FileInfoReader.getLastModified(FileInfoReader.java:130)
	at org.eclipse.equinox.internal.p2.transport.ecf.RepositoryTransport.getLastModified(RepositoryTransport.java:249)
	at org.eclipse.equinox.internal.p2.repository.CacheManager.getLastModified(CacheManager.java:283)
	at org.eclipse.equinox.internal.p2.repository.CacheManager.createCache(CacheManager.java:194)
	at org.eclipse.equinox.internal.p2.artifact.repository.simple.SimpleArtifactRepositoryFactory.getLocalFile(SimpleArtifactRepositoryFactory.java:68)
	at org.eclipse.equinox.internal.p2.artifact.repository.simple.SimpleArtifactRepositoryFactory.load(SimpleArtifactRepositoryFactory.java:92)
	at org.eclipse.equinox.internal.p2.artifact.repository.simple.SimpleArtifactRepositoryFactory.load(SimpleArtifactRepositoryFactory.java:80)
	at org.eclipse.equinox.internal.p2.artifact.repository.ArtifactRepositoryManager.factoryLoad(ArtifactRepositoryManager.java:92)
	at org.eclipse.equinox.internal.p2.repository.helpers.AbstractRepositoryManager.loadRepository(AbstractRepositoryManager.java:787)
	at org.eclipse.equinox.internal.p2.repository.helpers.AbstractRepositoryManager.loadRepository(AbstractRepositoryManager.java:685)
	at org.eclipse.equinox.internal.p2.artifact.repository.ArtifactRepositoryManager.loadRepository(ArtifactRepositoryManager.java:131)
	at org.eclipse.equinox.internal.p2.artifact.repository.ArtifactRepositoryManager.loadRepository(ArtifactRepositoryManager.java:125)
	at org.eclipse.equinox.internal.p2.artifact.repository.CompositeArtifactRepository.load(CompositeArtifactRepository.java:496)
	at org.eclipse.equinox.internal.p2.artifact.repository.CompositeArtifactRepository.addChild(CompositeArtifactRepository.java:177)
	at org.eclipse.equinox.internal.p2.artifact.repository.CompositeArtifactRepository.<init>(CompositeArtifactRepository.java:99)
	at org.eclipse.equinox.internal.p2.artifact.repository.CompositeArtifactRepositoryFactory.load(CompositeArtifactRepositoryFactory.java:120)
	at org.eclipse.equinox.internal.p2.artifact.repository.ArtifactRepositoryManager.factoryLoad(ArtifactRepositoryManager.java:92)
	at org.eclipse.equinox.internal.p2.repository.helpers.AbstractRepositoryManager.loadRepository(AbstractRepositoryManager.java:787)
	at org.eclipse.equinox.internal.p2.repository.helpers.AbstractRepositoryManager.loadRepository(AbstractRepositoryManager.java:685)
	at org.eclipse.equinox.internal.p2.artifact.repository.ArtifactRepositoryManager.loadRepository(ArtifactRepositoryManager.java:131)
	at org.eclipse.equinox.internal.p2.artifact.repository.ArtifactRepositoryManager.loadRepository(ArtifactRepositoryManager.java:125)
	at org.eclipse.epp.internal.mpc.ui.catalog.MarketplaceCatalog.lambda$12(MarketplaceCatalog.java:338)
	at java.base/java.util.concurrent.Executors$RunnableAdapter.call(Executors.java:515)
	at java.base/java.util.concurrent.FutureTask.run(FutureTask.java:264)
	at java.base/java.util.concurrent.ThreadPoolExecutor.runWorker(ThreadPoolExecutor.java:1128)
	at java.base/java.util.concurrent.ThreadPoolExecutor$Worker.run(ThreadPoolExecutor.java:628)
	at java.base/java.lang.Thread.run(Thread.java:834)

!ENTRY org.eclipse.equinox.p2.repository 2 0 2022-07-05 09:18:44.966
!MESSAGE Unexpected interrupt while waiting on ECF browse request
!STACK 0
java.lang.InterruptedException
	at org.eclipse.core.internal.jobs.Semaphore.acquire(Semaphore.java:35)
	at org.eclipse.core.internal.jobs.JobManager.join(JobManager.java:927)
	at org.eclipse.core.internal.jobs.InternalJob.join(InternalJob.java:344)
	at org.eclipse.core.runtime.jobs.Job.join(Job.java:531)
	at org.eclipse.equinox.internal.p2.transport.ecf.FileInfoReader.waitOnSelf(FileInfoReader.java:74)
	at org.eclipse.equinox.internal.p2.transport.ecf.FileInfoReader.getRemoteFiles(FileInfoReader.java:110)
	at org.eclipse.equinox.internal.p2.transport.ecf.FileInfoReader.getRemoteFile(FileInfoReader.java:125)
	at org.eclipse.equinox.internal.p2.transport.ecf.FileInfoReader.getLastModified(FileInfoReader.java:130)
	at org.eclipse.equinox.internal.p2.transport.ecf.RepositoryTransport.getLastModified(RepositoryTransport.java:249)
	at org.eclipse.equinox.internal.p2.repository.CacheManager.getLastModified(CacheManager.java:283)
	at org.eclipse.equinox.internal.p2.repository.CacheManager.createCache(CacheManager.java:194)
	at org.eclipse.equinox.internal.p2.artifact.repository.simple.SimpleArtifactRepositoryFactory.getLocalFile(SimpleArtifactRepositoryFactory.java:68)
	at org.eclipse.equinox.internal.p2.artifact.repository.simple.SimpleArtifactRepositoryFactory.load(SimpleArtifactRepositoryFactory.java:92)
	at org.eclipse.equinox.internal.p2.artifact.repository.simple.SimpleArtifactRepositoryFactory.load(SimpleArtifactRepositoryFactory.java:80)
	at org.eclipse.equinox.internal.p2.artifact.repository.ArtifactRepositoryManager.factoryLoad(ArtifactRepositoryManager.java:92)
	at org.eclipse.equinox.internal.p2.repository.helpers.AbstractRepositoryManager.loadRepository(AbstractRepositoryManager.java:787)
	at org.eclipse.equinox.internal.p2.repository.helpers.AbstractRepositoryManager.loadRepository(AbstractRepositoryManager.java:685)
	at org.eclipse.equinox.internal.p2.artifact.repository.ArtifactRepositoryManager.loadRepository(ArtifactRepositoryManager.java:131)
	at org.eclipse.equinox.internal.p2.artifact.repository.ArtifactRepositoryManager.loadRepository(ArtifactRepositoryManager.java:125)
	at org.eclipse.equinox.internal.p2.artifact.repository.CompositeArtifactRepository.load(CompositeArtifactRepository.java:496)
	at org.eclipse.equinox.internal.p2.artifact.repository.CompositeArtifactRepository.addChild(CompositeArtifactRepository.java:177)
	at org.eclipse.equinox.internal.p2.artifact.repository.CompositeArtifactRepository.<init>(CompositeArtifactRepository.java:99)
	at org.eclipse.equinox.internal.p2.artifact.repository.CompositeArtifactRepositoryFactory.load(CompositeArtifactRepositoryFactory.java:120)
	at org.eclipse.equinox.internal.p2.artifact.repository.ArtifactRepositoryManager.factoryLoad(ArtifactRepositoryManager.java:92)
	at org.eclipse.equinox.internal.p2.repository.helpers.AbstractRepositoryManager.loadRepository(AbstractRepositoryManager.java:787)
	at org.eclipse.equinox.internal.p2.repository.helpers.AbstractRepositoryManager.loadRepository(AbstractRepositoryManager.java:685)
	at org.eclipse.equinox.internal.p2.artifact.repository.ArtifactRepositoryManager.loadRepository(ArtifactRepositoryManager.java:131)
	at org.eclipse.equinox.internal.p2.artifact.repository.ArtifactRepositoryManager.loadRepository(ArtifactRepositoryManager.java:125)
	at org.eclipse.epp.internal.mpc.ui.catalog.MarketplaceCatalog.lambda$12(MarketplaceCatalog.java:338)
	at java.base/java.util.concurrent.Executors$RunnableAdapter.call(Executors.java:515)
	at java.base/java.util.concurrent.FutureTask.run(FutureTask.java:264)
	at java.base/java.util.concurrent.ThreadPoolExecutor.runWorker(ThreadPoolExecutor.java:1128)
	at java.base/java.util.concurrent.ThreadPoolExecutor$Worker.run(ThreadPoolExecutor.java:628)
	at java.base/java.lang.Thread.run(Thread.java:834)

!ENTRY org.eclipse.equinox.p2.repository 2 0 2022-07-05 09:18:44.975
!MESSAGE Unexpected interrupt while waiting on ECF browse request
!STACK 0
java.lang.InterruptedException
	at java.base/java.lang.Object.wait(Native Method)
	at org.eclipse.core.internal.jobs.Semaphore.acquire(Semaphore.java:45)
	at org.eclipse.core.internal.jobs.JobManager.join(JobManager.java:927)
	at org.eclipse.core.internal.jobs.InternalJob.join(InternalJob.java:344)
	at org.eclipse.core.runtime.jobs.Job.join(Job.java:531)
	at org.eclipse.equinox.internal.p2.transport.ecf.FileInfoReader.waitOnSelf(FileInfoReader.java:74)
	at org.eclipse.equinox.internal.p2.transport.ecf.FileInfoReader.getRemoteFiles(FileInfoReader.java:110)
	at org.eclipse.equinox.internal.p2.transport.ecf.FileInfoReader.getRemoteFile(FileInfoReader.java:125)
	at org.eclipse.equinox.internal.p2.transport.ecf.FileInfoReader.getLastModified(FileInfoReader.java:130)
	at org.eclipse.equinox.internal.p2.transport.ecf.RepositoryTransport.getLastModified(RepositoryTransport.java:249)
	at org.eclipse.equinox.internal.p2.repository.CacheManager.getLastModified(CacheManager.java:283)
	at org.eclipse.equinox.internal.p2.repository.CacheManager.createCache(CacheManager.java:194)
	at org.eclipse.equinox.internal.p2.artifact.repository.simple.SimpleArtifactRepositoryFactory.getLocalFile(SimpleArtifactRepositoryFactory.java:68)
	at org.eclipse.equinox.internal.p2.artifact.repository.simple.SimpleArtifactRepositoryFactory.load(SimpleArtifactRepositoryFactory.java:92)
	at org.eclipse.equinox.internal.p2.artifact.repository.simple.SimpleArtifactRepositoryFactory.load(SimpleArtifactRepositoryFactory.java:80)
	at org.eclipse.equinox.internal.p2.artifact.repository.ArtifactRepositoryManager.factoryLoad(ArtifactRepositoryManager.java:92)
	at org.eclipse.equinox.internal.p2.repository.helpers.AbstractRepositoryManager.loadRepository(AbstractRepositoryManager.java:787)
	at org.eclipse.equinox.internal.p2.repository.helpers.AbstractRepositoryManager.loadRepository(AbstractRepositoryManager.java:685)
	at org.eclipse.equinox.internal.p2.artifact.repository.ArtifactRepositoryManager.loadRepository(ArtifactRepositoryManager.java:131)
	at org.eclipse.equinox.internal.p2.artifact.repository.ArtifactRepositoryManager.loadRepository(ArtifactRepositoryManager.java:125)
	at org.eclipse.equinox.internal.p2.artifact.repository.CompositeArtifactRepository.load(CompositeArtifactRepository.java:496)
	at org.eclipse.equinox.internal.p2.artifact.repository.CompositeArtifactRepository.addChild(CompositeArtifactRepository.java:177)
	at org.eclipse.equinox.internal.p2.artifact.repository.CompositeArtifactRepository.<init>(CompositeArtifactRepository.java:99)
	at org.eclipse.equinox.internal.p2.artifact.repository.CompositeArtifactRepositoryFactory.load(CompositeArtifactRepositoryFactory.java:120)
	at org.eclipse.equinox.internal.p2.artifact.repository.ArtifactRepositoryManager.factoryLoad(ArtifactRepositoryManager.java:92)
	at org.eclipse.equinox.internal.p2.repository.helpers.AbstractRepositoryManager.loadRepository(AbstractRepositoryManager.java:787)
	at org.eclipse.equinox.internal.p2.repository.helpers.AbstractRepositoryManager.loadRepository(AbstractRepositoryManager.java:685)
	at org.eclipse.equinox.internal.p2.artifact.repository.ArtifactRepositoryManager.loadRepository(ArtifactRepositoryManager.java:131)
	at org.eclipse.equinox.internal.p2.artifact.repository.ArtifactRepositoryManager.loadRepository(ArtifactRepositoryManager.java:125)
	at org.eclipse.epp.internal.mpc.ui.catalog.MarketplaceCatalog.lambda$12(MarketplaceCatalog.java:338)
	at java.base/java.util.concurrent.Executors$RunnableAdapter.call(Executors.java:515)
	at java.base/java.util.concurrent.FutureTask.run(FutureTask.java:264)
	at java.base/java.util.concurrent.ThreadPoolExecutor.runWorker(ThreadPoolExecutor.java:1128)
	at java.base/java.util.concurrent.ThreadPoolExecutor$Worker.run(ThreadPoolExecutor.java:628)
	at java.base/java.lang.Thread.run(Thread.java:834)

!ENTRY org.eclipse.equinox.p2.repository 2 0 2022-07-05 09:18:46.711
!MESSAGE Using unsafe http transport to retrieve http://download.eclipse.org/buildship/updates/e410/releases/3.x/3.1.6.v20220511-1224/, see CVE-2021-41033. Consider using https instead.

!ENTRY org.eclipse.equinox.p2.repository 2 0 2022-07-05 09:18:49.226
!MESSAGE Using unsafe http transport to retrieve http://download.eclipse.org/buildship/updates/e410/releases/3.x, see CVE-2021-41033. Consider using https instead.

!ENTRY org.eclipse.equinox.p2.repository 2 0 2022-07-05 09:18:51.667
!MESSAGE Using unsafe http transport to retrieve http://download.eclipse.org/buildship/updates/e410/releases/3.x/3.0.0.v20181205-1821/, see CVE-2021-41033. Consider using https instead.

!ENTRY org.eclipse.equinox.p2.repository 2 0 2022-07-05 09:18:54.147
!MESSAGE Using unsafe http transport to retrieve http://download.eclipse.org/buildship/updates/e410/releases/3.x/3.0.1.v20181217-1554/, see CVE-2021-41033. Consider using https instead.

!ENTRY org.eclipse.equinox.p2.repository 2 0 2022-07-05 09:18:56.507
!MESSAGE Using unsafe http transport to retrieve http://download.eclipse.org/buildship/updates/e410/releases/3.x/3.1.0.v20190501-0830/, see CVE-2021-41033. Consider using https instead.

!ENTRY org.eclipse.equinox.p2.repository 2 0 2022-07-05 09:18:58.877
!MESSAGE Using unsafe http transport to retrieve http://download.eclipse.org/buildship/updates/e410/releases/3.x/3.1.1.v20190701-1623/, see CVE-2021-41033. Consider using https instead.

!ENTRY org.eclipse.equinox.p2.repository 2 0 2022-07-05 09:19:01.386
!MESSAGE Using unsafe http transport to retrieve http://download.eclipse.org/buildship/updates/e410/releases/3.x/3.1.2.v20190903-1732/, see CVE-2021-41033. Consider using https instead.

!ENTRY org.eclipse.equinox.p2.repository 2 0 2022-07-05 09:19:03.877
!MESSAGE Using unsafe http transport to retrieve http://download.eclipse.org/buildship/updates/e410/releases/3.x/3.1.3.v20191117-2045/, see CVE-2021-41033. Consider using https instead.

!ENTRY org.eclipse.equinox.p2.repository 2 0 2022-07-05 09:19:06.424
!MESSAGE Using unsafe http transport to retrieve http://download.eclipse.org/buildship/updates/e410/releases/3.x/3.1.4.v20200326-1718/, see CVE-2021-41033. Consider using https instead.

!ENTRY org.eclipse.equinox.p2.repository 2 0 2022-07-05 09:19:08.910
!MESSAGE Using unsafe http transport to retrieve http://download.eclipse.org/buildship/updates/e410/releases/3.x/3.1.5.v20210113-0904/, see CVE-2021-41033. Consider using https instead.

!ENTRY org.eclipse.equinox.p2.repository 2 0 2022-07-05 09:19:11.173
!MESSAGE Using unsafe http transport to retrieve http://download.eclipse.org/buildship/updates/e410/releases/3.x/3.1.6.v20220511-1224/, see CVE-2021-41033. Consider using https instead.

!ENTRY org.python.pydev.shared_core 1 1 2022-07-05 09:20:09.265
!MESSAGE Information about process of adding new interpreter:
- Opening dialog to request executable (or jar).
- Chosen interpreter (name and file):'NameAndExecutable [python -- C:\Users\USER\anaconda3\python.exe]
- Ok, file is non-null. Getting info on:C:\Users\USER\anaconda3\python.exe
- Beggining task:Getting libs totalWork:100
- Setting task name:Mounting executable string...
- Setting task name:Executing:  C:\Users\USER\anaconda3\python.exe -u C:\LYK\sts-4.13.1.RELEASE\plugins\org.python.pydev.core_9.3.0.202203051235\pysrc\interpreterInfo.py
- Setting task name:Making pythonpath environment... C:\Users\USER\anaconda3\python.exe -u C:\LYK\sts-4.13.1.RELEASE\plugins\org.python.pydev.core_9.3.0.202203051235\pysrc\interpreterInfo.py
- Setting task name:Making exec... C:\Users\USER\anaconda3\python.exe -u C:\LYK\sts-4.13.1.RELEASE\plugins\org.python.pydev.core_9.3.0.202203051235\pysrc\interpreterInfo.py
- Setting task name:Reading output...
- Setting task name:Waiting for process to finish.
- Setting task name:Process finished.
- Success getting the info. Result:<xml>
<name>python</name>
<version>3.9</version>
<executable>C:\Users\USER\anaconda3\python.exe</executable>
<lib>C:\Program Files\Csound6_x64\bin</lib>
<lib>C:\LYK\sts-4.13.1.RELEASE</lib>
<lib>C:\Users\USER\anaconda3\DLLs</lib>
<lib>C:\Users\USER\anaconda3\lib</lib>
<lib>C:\Users\USER\anaconda3</lib>
<lib>C:\Users\USER\anaconda3\lib\site-packages</lib>
<lib>C:\Users\USER\anaconda3\lib\site-packages\win32</lib>
<lib>C:\Users\USER\anaconda3\lib\site-packages\win32\lib</lib>
<lib>C:\Users\USER\anaconda3\lib\site-packages\Pythonwin</lib>
<forced_lib>Image</forced_lib>
<forced_lib>OpenGL</forced_lib>
<forced_lib>_abc</forced_lib>
<forced_lib>_ast</forced_lib>
<forced_lib>_bisect</forced_lib>
<forced_lib>_blake2</forced_lib>
<forced_lib>_bytesio</forced_lib>
<forced_lib>_codecs</forced_lib>
<forced_lib>_codecs_cn</forced_lib>
<forced_lib>_codecs_hk</forced_lib>
<forced_lib>_codecs_iso2022</forced_lib>
<forced_lib>_codecs_jp</forced_lib>
<forced_lib>_codecs_kr</forced_lib>
<forced_lib>_codecs_tw</forced_lib>
<forced_lib>_collections</forced_lib>
<forced_lib>_contextvars</forced_lib>
<forced_lib>_csv</forced_lib>
<forced_lib>_datetime</forced_lib>
<forced_lib>_fileio</forced_lib>
<forced_lib>_functools</forced_lib>
<forced_lib>_heapq</forced_lib>
<forced_lib>_hotshot</forced_lib>
<forced_lib>_imp</forced_lib>
<forced_lib>_io</forced_lib>
<forced_lib>_json</forced_lib>
<forced_lib>_locale</forced_lib>
<forced_lib>_lsprof</forced_lib>
<forced_lib>_md5</forced_lib>
<forced_lib>_multibytecodec</forced_lib>
<forced_lib>_opcode</forced_lib>
<forced_lib>_operator</forced_lib>
<forced_lib>_peg_parser</forced_lib>
<forced_lib>_pickle</forced_lib>
<forced_lib>_random</forced_lib>
<forced_lib>_sha</forced_lib>
<forced_lib>_sha1</forced_lib>
<forced_lib>_sha256</forced_lib>
<forced_lib>_sha3</forced_lib>
<forced_lib>_sha512</forced_lib>
<forced_lib>_signal</forced_lib>
<forced_lib>_sre</forced_lib>
<forced_lib>_stat</forced_lib>
<forced_lib>_statistics</forced_lib>
<forced_lib>_string</forced_lib>
<forced_lib>_struct</forced_lib>
<forced_lib>_subprocess</forced_lib>
<forced_lib>_symtable</forced_lib>
<forced_lib>_thread</forced_lib>
<forced_lib>_tracemalloc</forced_lib>
<forced_lib>_warnings</forced_lib>
<forced_lib>_weakref</forced_lib>
<forced_lib>_winapi</forced_lib>
<forced_lib>_winreg</forced_lib>
<forced_lib>_xxsubinterpreters</forced_lib>
<forced_lib>array</forced_lib>
<forced_lib>astropy</forced_lib>
<forced_lib>astropy.units</forced_lib>
<forced_lib>atexit</forced_lib>
<forced_lib>audioop</forced_lib>
<forced_lib>binascii</forced_lib>
<forced_lib>builtins</forced_lib>
<forced_lib>cPickle</forced_lib>
<forced_lib>cStringIO</forced_lib>
<forced_lib>cmath</forced_lib>
<forced_lib>cv2</forced_lib>
<forced_lib>datetime</forced_lib>
<forced_lib>email</forced_lib>
<forced_lib>errno</forced_lib>
<forced_lib>exceptions</forced_lib>
<forced_lib>faulthandler</forced_lib>
<forced_lib>future_builtins</forced_lib>
<forced_lib>gc</forced_lib>
<forced_lib>gi</forced_lib>
<forced_lib>hashlib</forced_lib>
<forced_lib>imageop</forced_lib>
<forced_lib>imp</forced_lib>
<forced_lib>itertools</forced_lib>
<forced_lib>marshal</forced_lib>
<forced_lib>math</forced_lib>
<forced_lib>mmap</forced_lib>
<forced_lib>mock</forced_lib>
<forced_lib>msvcrt</forced_lib>
<forced_lib>multiprocessing</forced_lib>
<forced_lib>mutagen</forced_lib>
<forced_lib>nose</forced_lib>
<forced_lib>nose.tools</forced_lib>
<forced_lib>nt</forced_lib>
<forced_lib>numpy</forced_lib>
<forced_lib>operator</forced_lib>
<forced_lib>os</forced_lib>
<forced_lib>os.path</forced_lib>
<forced_lib>parser</forced_lib>
<forced_lib>py</forced_lib>
<forced_lib>pytest</forced_lib>
<forced_lib>random</forced_lib>
<forced_lib>re</forced_lib>
<forced_lib>scipy</forced_lib>
<forced_lib>signal</forced_lib>
<forced_lib>six</forced_lib>
<forced_lib>socket</forced_lib>
<forced_lib>ssl</forced_lib>
<forced_lib>strop</forced_lib>
<forced_lib>sys</forced_lib>
<forced_lib>thread</forced_lib>
<forced_lib>time</forced_lib>
<forced_lib>werkzeug</forced_lib>
<forced_lib>winreg</forced_lib>
<forced_lib>wx</forced_lib>
<forced_lib>wxPython</forced_lib>
<forced_lib>xxsubtype</forced_lib>
<forced_lib>zipimport</forced_lib>
<forced_lib>zlib</forced_lib>
<string_substitution_var><key>PY</key><value>39</value></string_substitution_var>
</xml>

!STACK 0
java.lang.RuntimeException: Information about process of adding new interpreter:
- Opening dialog to request executable (or jar).
- Chosen interpreter (name and file):'NameAndExecutable [python -- C:\Users\USER\anaconda3\python.exe]
- Ok, file is non-null. Getting info on:C:\Users\USER\anaconda3\python.exe
- Beggining task:Getting libs totalWork:100
- Setting task name:Mounting executable string...
- Setting task name:Executing:  C:\Users\USER\anaconda3\python.exe -u C:\LYK\sts-4.13.1.RELEASE\plugins\org.python.pydev.core_9.3.0.202203051235\pysrc\interpreterInfo.py
- Setting task name:Making pythonpath environment... C:\Users\USER\anaconda3\python.exe -u C:\LYK\sts-4.13.1.RELEASE\plugins\org.python.pydev.core_9.3.0.202203051235\pysrc\interpreterInfo.py
- Setting task name:Making exec... C:\Users\USER\anaconda3\python.exe -u C:\LYK\sts-4.13.1.RELEASE\plugins\org.python.pydev.core_9.3.0.202203051235\pysrc\interpreterInfo.py
- Setting task name:Reading output...
- Setting task name:Waiting for process to finish.
- Setting task name:Process finished.
- Success getting the info. Result:<xml>
<name>python</name>
<version>3.9</version>
<executable>C:\Users\USER\anaconda3\python.exe</executable>
<lib>C:\Program Files\Csound6_x64\bin</lib>
<lib>C:\LYK\sts-4.13.1.RELEASE</lib>
<lib>C:\Users\USER\anaconda3\DLLs</lib>
<lib>C:\Users\USER\anaconda3\lib</lib>
<lib>C:\Users\USER\anaconda3</lib>
<lib>C:\Users\USER\anaconda3\lib\site-packages</lib>
<lib>C:\Users\USER\anaconda3\lib\site-packages\win32</lib>
<lib>C:\Users\USER\anaconda3\lib\site-packages\win32\lib</lib>
<lib>C:\Users\USER\anaconda3\lib\site-packages\Pythonwin</lib>
<forced_lib>Image</forced_lib>
<forced_lib>OpenGL</forced_lib>
<forced_lib>_abc</forced_lib>
<forced_lib>_ast</forced_lib>
<forced_lib>_bisect</forced_lib>
<forced_lib>_blake2</forced_lib>
<forced_lib>_bytesio</forced_lib>
<forced_lib>_codecs</forced_lib>
<forced_lib>_codecs_cn</forced_lib>
<forced_lib>_codecs_hk</forced_lib>
<forced_lib>_codecs_iso2022</forced_lib>
<forced_lib>_codecs_jp</forced_lib>
<forced_lib>_codecs_kr</forced_lib>
<forced_lib>_codecs_tw</forced_lib>
<forced_lib>_collections</forced_lib>
<forced_lib>_contextvars</forced_lib>
<forced_lib>_csv</forced_lib>
<forced_lib>_datetime</forced_lib>
<forced_lib>_fileio</forced_lib>
<forced_lib>_functools</forced_lib>
<forced_lib>_heapq</forced_lib>
<forced_lib>_hotshot</forced_lib>
<forced_lib>_imp</forced_lib>
<forced_lib>_io</forced_lib>
<forced_lib>_json</forced_lib>
<forced_lib>_locale</forced_lib>
<forced_lib>_lsprof</forced_lib>
<forced_lib>_md5</forced_lib>
<forced_lib>_multibytecodec</forced_lib>
<forced_lib>_opcode</forced_lib>
<forced_lib>_operator</forced_lib>
<forced_lib>_peg_parser</forced_lib>
<forced_lib>_pickle</forced_lib>
<forced_lib>_random</forced_lib>
<forced_lib>_sha</forced_lib>
<forced_lib>_sha1</forced_lib>
<forced_lib>_sha256</forced_lib>
<forced_lib>_sha3</forced_lib>
<forced_lib>_sha512</forced_lib>
<forced_lib>_signal</forced_lib>
<forced_lib>_sre</forced_lib>
<forced_lib>_stat</forced_lib>
<forced_lib>_statistics</forced_lib>
<forced_lib>_string</forced_lib>
<forced_lib>_struct</forced_lib>
<forced_lib>_subprocess</forced_lib>
<forced_lib>_symtable</forced_lib>
<forced_lib>_thread</forced_lib>
<forced_lib>_tracemalloc</forced_lib>
<forced_lib>_warnings</forced_lib>
<forced_lib>_weakref</forced_lib>
<forced_lib>_winapi</forced_lib>
<forced_lib>_winreg</forced_lib>
<forced_lib>_xxsubinterpreters</forced_lib>
<forced_lib>array</forced_lib>
<forced_lib>astropy</forced_lib>
<forced_lib>astropy.units</forced_lib>
<forced_lib>atexit</forced_lib>
<forced_lib>audioop</forced_lib>
<forced_lib>binascii</forced_lib>
<forced_lib>builtins</forced_lib>
<forced_lib>cPickle</forced_lib>
<forced_lib>cStringIO</forced_lib>
<forced_lib>cmath</forced_lib>
<forced_lib>cv2</forced_lib>
<forced_lib>datetime</forced_lib>
<forced_lib>email</forced_lib>
<forced_lib>errno</forced_lib>
<forced_lib>exceptions</forced_lib>
<forced_lib>faulthandler</forced_lib>
<forced_lib>future_builtins</forced_lib>
<forced_lib>gc</forced_lib>
<forced_lib>gi</forced_lib>
<forced_lib>hashlib</forced_lib>
<forced_lib>imageop</forced_lib>
<forced_lib>imp</forced_lib>
<forced_lib>itertools</forced_lib>
<forced_lib>marshal</forced_lib>
<forced_lib>math</forced_lib>
<forced_lib>mmap</forced_lib>
<forced_lib>mock</forced_lib>
<forced_lib>msvcrt</forced_lib>
<forced_lib>multiprocessing</forced_lib>
<forced_lib>mutagen</forced_lib>
<forced_lib>nose</forced_lib>
<forced_lib>nose.tools</forced_lib>
<forced_lib>nt</forced_lib>
<forced_lib>numpy</forced_lib>
<forced_lib>operator</forced_lib>
<forced_lib>os</forced_lib>
<forced_lib>os.path</forced_lib>
<forced_lib>parser</forced_lib>
<forced_lib>py</forced_lib>
<forced_lib>pytest</forced_lib>
<forced_lib>random</forced_lib>
<forced_lib>re</forced_lib>
<forced_lib>scipy</forced_lib>
<forced_lib>signal</forced_lib>
<forced_lib>six</forced_lib>
<forced_lib>socket</forced_lib>
<forced_lib>ssl</forced_lib>
<forced_lib>strop</forced_lib>
<forced_lib>sys</forced_lib>
<forced_lib>thread</forced_lib>
<forced_lib>time</forced_lib>
<forced_lib>werkzeug</forced_lib>
<forced_lib>winreg</forced_lib>
<forced_lib>wx</forced_lib>
<forced_lib>wxPython</forced_lib>
<forced_lib>xxsubtype</forced_lib>
<forced_lib>zipimport</forced_lib>
<forced_lib>zlib</forced_lib>
<string_substitution_var><key>PY</key><value>39</value></string_substitution_var>
</xml>

	at org.python.pydev.core.log.Log.logInfo(Log.java:45)
	at org.python.pydev.ui.pythonpathconf.AbstractInterpreterEditor.getNewInputObject(AbstractInterpreterEditor.java:1051)
	at org.python.copiedfromeclipsesrc.PythonListEditor.addPressed(PythonListEditor.java:159)
	at org.python.copiedfromeclipsesrc.PythonListEditor$2.widgetSelected(PythonListEditor.java:339)
	at org.eclipse.swt.widgets.TypedListener.handleEvent(TypedListener.java:252)
	at org.eclipse.swt.widgets.EventTable.sendEvent(EventTable.java:89)
	at org.eclipse.swt.widgets.Display.sendEvent(Display.java:4243)
	at org.eclipse.swt.widgets.Widget.sendEvent(Widget.java:1060)
	at org.eclipse.swt.widgets.Display.runDeferredEvents(Display.java:4060)
	at org.eclipse.swt.widgets.Display.readAndDispatch(Display.java:3632)
	at org.eclipse.jface.window.Window.runEventLoop(Window.java:823)
	at org.eclipse.jface.window.Window.open(Window.java:799)
	at org.eclipse.ui.internal.OpenPreferencesAction.run(OpenPreferencesAction.java:66)
	at org.eclipse.jface.action.Action.runWithEvent(Action.java:474)
	at org.eclipse.jface.action.ActionContributionItem.handleWidgetSelection(ActionContributionItem.java:580)
	at org.eclipse.jface.action.ActionContributionItem.lambda$4(ActionContributionItem.java:414)
	at org.eclipse.swt.widgets.EventTable.sendEvent(EventTable.java:89)
	at org.eclipse.swt.widgets.Display.sendEvent(Display.java:4243)
	at org.eclipse.swt.widgets.Widget.sendEvent(Widget.java:1060)
	at org.eclipse.swt.widgets.Display.runDeferredEvents(Display.java:4060)
	at org.eclipse.swt.widgets.Display.readAndDispatch(Display.java:3632)
	at org.eclipse.e4.ui.internal.workbench.swt.PartRenderingEngine$5.run(PartRenderingEngine.java:1154)
	at org.eclipse.core.databinding.observable.Realm.runWithDefault(Realm.java:338)
	at org.eclipse.e4.ui.internal.workbench.swt.PartRenderingEngine.run(PartRenderingEngine.java:1045)
	at org.eclipse.e4.ui.internal.workbench.E4Workbench.createAndRunUI(E4Workbench.java:155)
	at org.eclipse.ui.internal.Workbench.lambda$3(Workbench.java:644)
	at org.eclipse.core.databinding.observable.Realm.runWithDefault(Realm.java:338)
	at org.eclipse.ui.internal.Workbench.createAndRunWorkbench(Workbench.java:551)
	at org.eclipse.ui.PlatformUI.createAndRunWorkbench(PlatformUI.java:156)
	at org.eclipse.ui.internal.ide.application.IDEApplication.start(IDEApplication.java:152)
	at org.eclipse.equinox.internal.app.EclipseAppHandle.run(EclipseAppHandle.java:203)
	at org.eclipse.core.runtime.internal.adaptor.EclipseAppLauncher.runApplication(EclipseAppLauncher.java:136)
	at org.eclipse.core.runtime.internal.adaptor.EclipseAppLauncher.start(EclipseAppLauncher.java:104)
	at org.eclipse.core.runtime.adaptor.EclipseStarter.run(EclipseStarter.java:401)
	at org.eclipse.core.runtime.adaptor.EclipseStarter.run(EclipseStarter.java:255)
	at java.base/jdk.internal.reflect.NativeMethodAccessorImpl.invoke0(Native Method)
	at java.base/jdk.internal.reflect.NativeMethodAccessorImpl.invoke(NativeMethodAccessorImpl.java:62)
	at java.base/jdk.internal.reflect.DelegatingMethodAccessorImpl.invoke(DelegatingMethodAccessorImpl.java:43)
	at java.base/java.lang.reflect.Method.invoke(Method.java:566)
	at org.eclipse.equinox.launcher.Main.invokeFramework(Main.java:659)
	at org.eclipse.equinox.launcher.Main.basicRun(Main.java:596)
	at org.eclipse.equinox.launcher.Main.run(Main.java:1467)
	at org.eclipse.equinox.launcher.Main.main(Main.java:1440)

!ENTRY org.python.pydev.shared_core 1 1 2022-07-05 09:20:10.524
!MESSAGE Restoring info for: C:\Users\USER\anaconda3\python.exe
!STACK 0
java.lang.RuntimeException: Restoring info for: C:\Users\USER\anaconda3\python.exe
	at org.python.pydev.ast.interpreter_managers.AbstractInterpreterManager.getInterpretersFromPersistedString(AbstractInterpreterManager.java:461)
	at org.python.pydev.ast.interpreter_managers.AbstractInterpreterManager.internalRecreateCacheGetInterpreterInfos(AbstractInterpreterManager.java:287)
	at org.python.pydev.ast.interpreter_managers.AbstractInterpreterManager.setInfos(AbstractInterpreterManager.java:584)
	at org.python.pydev.ui.pythonpathconf.AbstractInterpreterEditor$13.run(AbstractInterpreterEditor.java:1192)
	at org.eclipse.jface.operation.ModalContext$ModalContextThread.run(ModalContext.java:122)
Caused by: java.io.IOException: Expecting: C:\LYK\work\new\.metadata\.plugins\org.python.pydev\v1_2sb3y5qzm8gpqetykgbv4e728\modulesKeys to exist (and be a file).
	at org.python.pydev.ast.codecompletion.revisited.ModulesManager.loadFromFile(ModulesManager.java:330)
	at org.python.pydev.ast.codecompletion.revisited.SystemModulesManager.load(SystemModulesManager.java:443)
	at org.python.pydev.ast.interpreter_managers.AbstractInterpreterManager.getInterpretersFromPersistedString(AbstractInterpreterManager.java:459)
	... 4 more

!ENTRY org.python.pydev.shared_core 1 1 2022-07-05 09:20:31.371
!MESSAGE Finished restoring information for: C:\Users\USER\anaconda3\python.exe at: C:\LYK\work\new\.metadata\.plugins\org.python.pydev\v1_2sb3y5qzm8gpqetykgbv4e728
!STACK 0
java.lang.RuntimeException: Finished restoring information for: C:\Users\USER\anaconda3\python.exe at: C:\LYK\work\new\.metadata\.plugins\org.python.pydev\v1_2sb3y5qzm8gpqetykgbv4e728
	at org.python.pydev.core.log.Log.logInfo(Log.java:45)
	at org.python.pydev.ast.interpreter_managers.AbstractInterpreterManager.getInterpretersFromPersistedString(AbstractInterpreterManager.java:506)
	at org.python.pydev.ast.interpreter_managers.AbstractInterpreterManager.internalRecreateCacheGetInterpreterInfos(AbstractInterpreterManager.java:287)
	at org.python.pydev.ast.interpreter_managers.AbstractInterpreterManager.setInfos(AbstractInterpreterManager.java:584)
	at org.python.pydev.ui.pythonpathconf.AbstractInterpreterEditor$13.run(AbstractInterpreterEditor.java:1192)
	at org.eclipse.jface.operation.ModalContext$ModalContextThread.run(ModalContext.java:122)

!ENTRY org.python.pydev.shared_core 4 4 2022-07-05 09:20:51.645
!MESSAGE Info: Rebuilding internal caches: C:\LYK\work\new\.metadata\.plugins\com.python.pydev.analysis\python_v1_2sb3y5qzm8gpqetykgbv4e728\python.pydevsysteminfo (Expected error to be provided and got no error!)

!ENTRY org.python.pydev.shared_core 4 4 2022-07-05 09:21:21.987
!MESSAGE Did not expect to find item below node: Assign[targets=[Name[id=ua, ctx=Store, reserved=false]], value=null, type=null] (module: test_pySmartDL.py file: C:\Users\USER\anaconda3\Lib\site-packages\test\test_pySmartDL.py row: 161).
!STACK 0
java.lang.RuntimeException: Did not expect to find item below node: Assign[targets=[Name[id=ua, ctx=Store, reserved=false]], value=null, type=null] (module: test_pySmartDL.py file: C:\Users\USER\anaconda3\Lib\site-packages\test\test_pySmartDL.py row: 161).
	at org.python.pydev.core.log.Log.log(Log.java:33)
	at org.python.pydev.parser.fastparser.FastDefinitionsParser.endScopesInStack(FastDefinitionsParser.java:631)
	at org.python.pydev.parser.fastparser.FastDefinitionsParser.handleNewLine(FastDefinitionsParser.java:415)
	at org.python.pydev.parser.fastparser.FastDefinitionsParser.extractBody(FastDefinitionsParser.java:259)
	at org.python.pydev.parser.fastparser.FastDefinitionsParser.parse(FastDefinitionsParser.java:698)
	at com.python.pydev.analysis.additionalinfo.AbstractAdditionalTokensInfo.addAstInfo(AbstractAdditionalTokensInfo.java:328)
	at com.python.pydev.analysis.additionalinfo.AbstractAdditionalInfoWithBuild.restoreInfoForModuleManager(AbstractAdditionalInfoWithBuild.java:264)
	at com.python.pydev.analysis.additionalinfo.AdditionalSystemInterpreterInfo.recreateAllInfo(AdditionalSystemInterpreterInfo.java:194)
	at com.python.pydev.analysis.additionalinfo.AdditionalSystemInterpreterInfo.getAdditionalSystemInfo(AdditionalSystemInterpreterInfo.java:170)
	at com.python.pydev.analysis.additionalinfo.AdditionalSystemInterpreterInfo.getAdditionalSystemInfo(AdditionalSystemInterpreterInfo.java:139)
	at com.python.pydev.analysis.additionalinfo.AdditionalSystemInterpreterInfo.recreateAllInfo(AdditionalSystemInterpreterInfo.java:186)
	at com.python.pydev.analysis.additionalinfo.builders.InterpreterObserver.notifyDefaultPythonpathRestored(InterpreterObserver.java:36)
	at org.python.pydev.ast.interpreter_managers.AbstractInterpreterManager.restorePythopathForInterpreters(AbstractInterpreterManager.java:668)
	at org.python.pydev.ast.interpreter_managers.AbstractInterpreterManager.setInfos(AbstractInterpreterManager.java:586)
	at org.python.pydev.ui.pythonpathconf.AbstractInterpreterEditor$13.run(AbstractInterpreterEditor.java:1192)
	at org.eclipse.jface.operation.ModalContext$ModalContextThread.run(ModalContext.java:122)

!ENTRY org.python.pydev.shared_core 4 4 2022-07-05 09:21:55.900
!MESSAGE Did not expect to find item below node: Assign[targets=[Name[id=ua, ctx=Store, reserved=false]], value=null, type=null] (module: test_pySmartDL.py file: C:\Users\USER\anaconda3\Lib\site-packages\test\test_pySmartDL.py row: 161).
!STACK 0
java.lang.RuntimeException: Did not expect to find item below node: Assign[targets=[Name[id=ua, ctx=Store, reserved=false]], value=null, type=null] (module: test_pySmartDL.py file: C:\Users\USER\anaconda3\Lib\site-packages\test\test_pySmartDL.py row: 161).
	at org.python.pydev.core.log.Log.log(Log.java:33)
	at org.python.pydev.parser.fastparser.FastDefinitionsParser.endScopesInStack(FastDefinitionsParser.java:631)
	at org.python.pydev.parser.fastparser.FastDefinitionsParser.handleNewLine(FastDefinitionsParser.java:415)
	at org.python.pydev.parser.fastparser.FastDefinitionsParser.extractBody(FastDefinitionsParser.java:259)
	at org.python.pydev.parser.fastparser.FastDefinitionsParser.parse(FastDefinitionsParser.java:698)
	at com.python.pydev.analysis.additionalinfo.AbstractAdditionalTokensInfo.addAstInfo(AbstractAdditionalTokensInfo.java:328)
	at com.python.pydev.analysis.additionalinfo.AbstractAdditionalInfoWithBuild.restoreInfoForModuleManager(AbstractAdditionalInfoWithBuild.java:264)
	at com.python.pydev.analysis.additionalinfo.AdditionalSystemInterpreterInfo.recreateAllInfo(AdditionalSystemInterpreterInfo.java:194)
	at com.python.pydev.analysis.additionalinfo.builders.InterpreterObserver.notifyDefaultPythonpathRestored(InterpreterObserver.java:36)
	at org.python.pydev.ast.interpreter_managers.AbstractInterpreterManager.restorePythopathForInterpreters(AbstractInterpreterManager.java:668)
	at org.python.pydev.ast.interpreter_managers.AbstractInterpreterManager.setInfos(AbstractInterpreterManager.java:586)
	at org.python.pydev.ui.pythonpathconf.AbstractInterpreterEditor$13.run(AbstractInterpreterEditor.java:1192)
	at org.eclipse.jface.operation.ModalContext$ModalContextThread.run(ModalContext.java:122)

!ENTRY org.python.pydev.shared_core 4 4 2022-07-05 09:22:37.089
!MESSAGE ERROR reading shell. Message sent: @@IMPORTS:astropy.convolution._convolve
END@@

ProcessInfo:

 - Executed: C:\Users\USER\anaconda3\python.exe -u C:\LYK\sts-4.13.1.RELEASE\plugins\org.python.pydev.core_9.3.0.202203051235\pysrc\pycompletionserver.py 8305

 - Environment:
ADSK_3DSMAX_X64_2017=C:\Program Files\Autodesk\3ds Max 2017\
ADSK_CLM_WPAD_PROXY_CHECK=FALSE
ALLUSERSPROFILE=C:\ProgramData
APPDATA=C:\Users\USER\AppData\Roaming
AV_APPDATA=C:\Users\USER\AppData\Roaming
CM2014DIR=C:\Program Files (x86)\Common Files\Autodesk Shared\Materials\
CM2015DIR=C:\Program Files (x86)\Common Files\Autodesk Shared\Materials\
COMMONPROGRAMFILES(X86)=C:\Program Files (x86)\Common Files
COMMONPROGRAMFILES=C:\Program Files\Common Files
COMMONPROGRAMW6432=C:\Program Files\Common Files
COMPUTERNAME=DESKTOP-8ON27CG
COMSPEC=C:\WINDOWS\system32\cmd.exe
CUDA_CACHE_MAXSIZE=268435456
DRIVERDATA=C:\Windows\System32\Drivers\DriverData
FPS_BROWSER_APP_PROFILE_STRING=Internet Explorer
FPS_BROWSER_USER_PROFILE_STRING=Default
HOMEDRIVE=C:
HOMEPATH=\Users\USER
ILBDIR=C:\Program Files (x86)\Common Files\Autodesk Shared\Materials\
JAVA_HOME=C:\Program Files\Java\jdk1.8.0_321
LOCALAPPDATA=C:\Users\USER\AppData\Local
LOGONSERVER=\\DESKTOP-8ON27CG
NUMBER_OF_PROCESSORS=16
NVM_HOME=C:\Users\USER\AppData\Roaming\nvm
NVM_SYMLINK=C:\Program Files\nodejs
ONEDRIVE=C:\Users\USER\OneDrive
OPCODE6DIR64=C:\Program Files\Csound6_x64\plugins64\
OS=Windows_NT
PATH=C:\Program Files (x86)\Common Files\Oracle\Java\javapath;C:\oraclexe\app\oracle\product\11.2.0\server\bin;C:\WINDOWS\system32;C:\WINDOWS;C:\WINDOWS\System32\Wbem;C:\WINDOWS\System32\WindowsPowerShell\v1.0\;C:\WINDOWS\System32\OpenSSH\;C:\Program Files\Common Files\Autodesk Shared\;C:\MinGW\bin;C:\Program Files\Java\jdk1.8.0_321\bin;C:\Program Files\Csound6_x64\bin;C:\Users\USER\AppData\Roaming\nvm;C:\Program Files\nodejs;C:\Program Files\Git\cmd;C:\mongodb5\bin;C:\Users\USER\anaconda3;C:\Users\USER\anaconda3\Library\mingw-w64\bin;C:\Users\USER\anaconda3\Library\usr\bin;C:\Users\USER\anaconda3\Library\bin;C:\Users\USER\anaconda3\Scripts;C:\Program Files\MySQL\MySQL Shell 8.0\bin\;C:\Users\USER\AppData\Local\Microsoft\WindowsApps;C:\Program Files\Bandizip\;C:\Users\USER\AppData\Local\atom\bin;C:\Users\USER\AppData\Roaming\npm;C:\Users\USER\AppData\Local\Programs\Microsoft VS Code\bin;C:\Program Files\Java\jdk1.8.0_321\bin;C:\Users\USER\AppData\Roaming\nvm;C:\Program Files\nodejs;
PATHEXT=.COM;.EXE;.BAT;.CMD;.VBS;.VBE;.JS;.JSE;.WSF;.WSH;.MSC
PROCESSOR_ARCHITECTURE=AMD64
PROCESSOR_IDENTIFIER=AMD64 Family 23 Model 113 Stepping 0, AuthenticAMD
PROCESSOR_LEVEL=23
PROCESSOR_REVISION=7100
PROGRAMDATA=C:\ProgramData
PROGRAMFILES(X86)=C:\Program Files (x86)
PROGRAMFILES=C:\Program Files
PROGRAMW6432=C:\Program Files
PROMPT=$P$G
PSMODULEPATH=C:\Program Files\WindowsPowerShell\Modules;C:\WINDOWS\system32\WindowsPowerShell\v1.0\Modules
PUBLIC=C:\Users\Public
PYTHONPATH=C:\LYK\sts-4.13.1.RELEASE\plugins\org.python.pydev.core_9.3.0.202203051235\pysrc\pydev_sitecustomize;C:\Program Files\Csound6_x64\bin;C:\LYK\sts-4.13.1.RELEASE;C:\Users\USER\anaconda3\DLLs;C:\Users\USER\anaconda3\lib;C:\Users\USER\anaconda3;C:\Users\USER\anaconda3\lib\site-packages;C:\Users\USER\anaconda3\lib\site-packages\win32;C:\Users\USER\anaconda3\lib\site-packages\win32\lib;C:\Users\USER\anaconda3\lib\site-packages\Pythonwin
RAWWAVE_PATH=C:\Program Files\Csound6_x64\samples\
SESSIONNAME=Console
SYSTEMDRIVE=C:
SYSTEMROOT=C:\WINDOWS
TEMP=C:\Users\USER\AppData\Local\Temp
TMP=C:\Users\USER\AppData\Local\Temp
USERDOMAIN=DESKTOP-8ON27CG
USERDOMAIN_ROAMINGPROFILE=DESKTOP-8ON27CG
USERNAME=USER
USERPROFILE=C:\Users\USER
VRAY30_RT_FOR_3DSMAX2017_MAIN_X64=C:\Program Files\Chaos Group\V-Ray\RT for 3ds Max 2017 for x64/bin
VRAY30_RT_FOR_3DSMAX2017_PLUGINS_X64=C:\Program Files\Chaos Group\V-Ray\RT for 3ds Max 2017 for x64/bin/plugins
VRAY_MDL_PATH_3DSMAX2017_X64=C:\Program Files\Chaos Group\V-Ray\3dsmax 2017 for x64\mdl
VRAY_OSL_PATH_3DSMAX2017_X64=C:\Program Files\Chaos Group\V-Ray\3dsmax 2017 for x64\opensl
VRAY_SEND_FEEDBACK=0
WINDIR=C:\WINDOWS

 - Working Dir:
C:\LYK\sts-4.13.1.RELEASE\plugins\org.python.pydev.core_9.3.0.202203051235\pysrc

 - OS:
Windows 10

 - Std output:


 - Err output:

!STACK 0
java.io.IOException:       
	at java.base/sun.nio.ch.SocketDispatcher.read0(Native Method)
	at java.base/sun.nio.ch.SocketDispatcher.read(SocketDispatcher.java:43)
	at java.base/sun.nio.ch.IOUtil.readIntoNativeBuffer(IOUtil.java:276)
	at java.base/sun.nio.ch.IOUtil.read(IOUtil.java:245)
	at java.base/sun.nio.ch.IOUtil.read(IOUtil.java:223)
	at java.base/sun.nio.ch.SocketChannelImpl.read(SocketChannelImpl.java:355)
	at java.base/sun.nio.ch.SocketAdaptor$SocketInputStream.read(SocketAdaptor.java:210)
	at java.base/sun.nio.ch.ChannelInputStream.read(ChannelInputStream.java:101)
	at java.base/java.io.InputStream.read(InputStream.java:205)
	at org.python.pydev.ast.codecompletion.shell.AbstractShell.read(AbstractShell.java:457)
	at org.python.pydev.ast.codecompletion.shell.AbstractShell.read(AbstractShell.java:515)
	at org.python.pydev.ast.codecompletion.shell.AbstractShell.writeAndGetResults(AbstractShell.java:710)
	at org.python.pydev.ast.codecompletion.shell.AbstractShell.writeAndGetResults(AbstractShell.java:702)
	at org.python.pydev.ast.codecompletion.shell.CompletionsShell.getImportCompletions(CompletionsShell.java:63)
	at org.python.pydev.ast.codecompletion.revisited.modules.CompiledModule.createTokensFromServer(CompiledModule.java:378)
	at org.python.pydev.ast.codecompletion.revisited.modules.CompiledModule.<init>(CompiledModule.java:180)
	at org.python.pydev.ast.codecompletion.revisited.SystemModulesManager.getBuiltinModule(SystemModulesManager.java:363)
	at org.python.pydev.ast.codecompletion.revisited.SystemModulesManager.getModule(SystemModulesManager.java:416)
	at com.python.pydev.analysis.additionalinfo.AbstractAdditionalDependencyInfo.updateKeysIfNeededAndSave(AbstractAdditionalDependencyInfo.java:260)
	at com.python.pydev.analysis.system_info_builder.InterpreterInfoBuilder.syncInfoToPythonPath(InterpreterInfoBuilder.java:171)
	at com.python.pydev.analysis.system_info_builder.InterpreterInfoBuilder.syncInfoToPythonPath(InterpreterInfoBuilder.java:97)
	at com.python.pydev.analysis.system_info_builder.InterpreterInfoBuilder.syncInfoToPythonPath(InterpreterInfoBuilder.java:83)
	at org.python.pydev.ast.codecompletion.revisited.SyncSystemModulesManager.synchronizeManagerToNameToInfoPythonpath(SyncSystemModulesManager.java:392)
	at org.python.pydev.ast.codecompletion.revisited.SyncSystemModulesManagerScheduler$SynchJob.run(SyncSystemModulesManagerScheduler.java:257)
	at org.eclipse.core.internal.jobs.Worker.run(Worker.java:63)
!SESSION 2022-07-06 09:59:14.254 -----------------------------------------------
eclipse.buildId=4.13.1.202201311654
java.version=11.0.14
java.vendor=Oracle Corporation
BootLoader constants: OS=win32, ARCH=x86_64, WS=win32, NL=ko_KR
Framework arguments:  -product org.springframework.boot.ide.branding.sts4
Command-line arguments:  -data C:\LYK\work\new -os win32 -ws win32 -arch x86_64 -product org.springframework.boot.ide.branding.sts4 -clean

!ENTRY org.eclipse.jface 2 0 2022-07-06 09:59:21.915
!MESSAGE Keybinding conflicts occurred.  They may interfere with normal accelerator operation.
!SUBENTRY 1 org.eclipse.jface 2 0 2022-07-06 09:59:21.915
!MESSAGE A conflict occurred for CTRL+SHIFT+T:
Binding(CTRL+SHIFT+T,
	ParameterizedCommand(Command(org.eclipse.jdt.ui.navigate.open.type,Open Type,
		Open a type in a Java editor,
		Category(org.eclipse.ui.category.navigate,Navigate,null,true),
		org.eclipse.ui.internal.WorkbenchHandlerServiceHandler@4607cbe2,
		,,true),null),
	org.eclipse.ui.defaultAcceleratorConfiguration,
	org.eclipse.ui.contexts.window,,,system)
Binding(CTRL+SHIFT+T,
	ParameterizedCommand(Command(org.eclipse.lsp4e.symbolinworkspace,Go to Symbol in Workspace,
		,
		Category(org.eclipse.lsp4e.category,Language Servers,null,true),
		org.eclipse.ui.internal.WorkbenchHandlerServiceHandler@7ff40324,
		,,true),null),
	org.eclipse.ui.defaultAcceleratorConfiguration,
	org.eclipse.ui.contexts.window,,,system)
!SUBENTRY 1 org.eclipse.jface 2 0 2022-07-06 09:59:21.915
!MESSAGE A conflict occurred for ALT+SHIFT+R:
Binding(ALT+SHIFT+R,
	ParameterizedCommand(Command(org.eclipse.jdt.ui.edit.text.java.rename.element,Rename - Refactoring ,
		Rename the selected element,
		Category(org.eclipse.jdt.ui.category.refactoring,Refactor - Java,Java Refactoring Actions,true),
		org.eclipse.ui.internal.WorkbenchHandlerServiceHandler@3a22d69f,
		,,true),null),
	org.eclipse.ui.defaultAcceleratorConfiguration,
	org.eclipse.ui.contexts.window,,,system)
Binding(ALT+SHIFT+R,
	ParameterizedCommand(Command(org.eclipse.ui.edit.rename,Rename,
		Rename the selected item,
		Category(org.eclipse.ui.category.file,File,null,true),
		org.eclipse.ui.internal.WorkbenchHandlerServiceHandler@7164e54,
		,,true),null),
	org.eclipse.ui.defaultAcceleratorConfiguration,
	org.eclipse.ui.contexts.window,,,system)

!ENTRY org.eclipse.mylyn.tasks.core 4 0 2022-07-06 09:59:22.482
!MESSAGE Unexpected error while loading repository template extensions
!SUBENTRY 1 org.eclipse.mylyn.tasks.core 4 0 2022-07-06 09:59:22.482
!MESSAGE Could not load repository template extension contributed by 'org.eclipse.mylyn.bugzilla.ide' with connectorKind 'bugzilla'

!ENTRY org.eclipse.egit.ui 2 0 2022-07-06 09:59:24.147
!MESSAGE Warning: The environment variable HOME is not set. The following directory will be used to store the Git
user global configuration and to define the default location to store repositories: 'C:\Users\USER'. If this is
not correct please set the HOME environment variable and restart Eclipse. Otherwise Git for Windows and
EGit might behave differently since they see different configuration options.
This warning can be switched off on the Team > Git > Confirmations and Warnings preference page.

!ENTRY org.python.pydev.shared_core 1 1 2022-07-06 09:59:54.974
!MESSAGE Info: Rebuilding internal caches: C:\LYK\work\new\.metadata\.plugins\com.python.pydev.analysis\python_v1_2sb3y5qzm8gpqetykgbv4e728\python.pydevsysteminfo
!STACK 0
java.lang.RuntimeException: Unable to read: C:\LYK\work\new\.metadata\.plugins\com.python.pydev.analysis\python_v1_2sb3y5qzm8gpqetykgbv4e728\python.pydevsysteminfo
	at com.python.pydev.analysis.additionalinfo.AbstractAdditionalDependencyInfo.load(AbstractAdditionalDependencyInfo.java:428)
	at com.python.pydev.analysis.additionalinfo.AdditionalSystemInterpreterInfo.getAdditionalSystemInfo(AdditionalSystemInterpreterInfo.java:168)
	at com.python.pydev.analysis.additionalinfo.AdditionalSystemInterpreterInfo.getAdditionalSystemInfo(AdditionalSystemInterpreterInfo.java:139)
	at com.python.pydev.analysis.system_info_builder.InterpreterInfoBuilder.syncInfoToPythonPath(InterpreterInfoBuilder.java:75)
	at org.python.pydev.ast.codecompletion.revisited.SyncSystemModulesManager.synchronizeManagerToNameToInfoPythonpath(SyncSystemModulesManager.java:392)
	at org.python.pydev.ast.codecompletion.revisited.SyncSystemModulesManagerScheduler$SynchJob.run(SyncSystemModulesManagerScheduler.java:257)
	at org.eclipse.core.internal.jobs.Worker.run(Worker.java:63)
Caused by: java.lang.NumberFormatException: Error getting positive int from: class LIEF::ref_iterator<class std::vector<class LIEF::ELF::Section 
	at org.python.pydev.shared_core.string.StringUtils.parsePositiveInt(StringUtils.java:389)
	at com.python.pydev.analysis.additionalinfo.TreeIO.loadTreeFrom(TreeIO.java:247)
	at com.python.pydev.analysis.additionalinfo.AbstractAdditionalDependencyInfo.loadContentsFromFile(AbstractAdditionalDependencyInfo.java:475)
	at com.python.pydev.analysis.additionalinfo.AbstractAdditionalDependencyInfo.load(AbstractAdditionalDependencyInfo.java:426)
	... 6 more

!ENTRY org.python.pydev.shared_core 4 4 2022-07-06 10:01:26.274
!MESSAGE Did not expect to find item below node: Assign[targets=[Name[id=ua, ctx=Store, reserved=false]], value=null, type=null] (module: test_pySmartDL.py file: C:\Users\USER\anaconda3\Lib\site-packages\test\test_pySmartDL.py row: 161).
!STACK 0
java.lang.RuntimeException: Did not expect to find item below node: Assign[targets=[Name[id=ua, ctx=Store, reserved=false]], value=null, type=null] (module: test_pySmartDL.py file: C:\Users\USER\anaconda3\Lib\site-packages\test\test_pySmartDL.py row: 161).
	at org.python.pydev.core.log.Log.log(Log.java:33)
	at org.python.pydev.parser.fastparser.FastDefinitionsParser.endScopesInStack(FastDefinitionsParser.java:631)
	at org.python.pydev.parser.fastparser.FastDefinitionsParser.handleNewLine(FastDefinitionsParser.java:415)
	at org.python.pydev.parser.fastparser.FastDefinitionsParser.extractBody(FastDefinitionsParser.java:259)
	at org.python.pydev.parser.fastparser.FastDefinitionsParser.parse(FastDefinitionsParser.java:698)
	at com.python.pydev.analysis.additionalinfo.AbstractAdditionalTokensInfo.addAstInfo(AbstractAdditionalTokensInfo.java:328)
	at com.python.pydev.analysis.additionalinfo.AbstractAdditionalInfoWithBuild.restoreInfoForModuleManager(AbstractAdditionalInfoWithBuild.java:264)
	at com.python.pydev.analysis.additionalinfo.AdditionalSystemInterpreterInfo.recreateAllInfo(AdditionalSystemInterpreterInfo.java:194)
	at com.python.pydev.analysis.additionalinfo.AdditionalSystemInterpreterInfo.getAdditionalSystemInfo(AdditionalSystemInterpreterInfo.java:170)
	at com.python.pydev.analysis.additionalinfo.AdditionalSystemInterpreterInfo.getAdditionalSystemInfo(AdditionalSystemInterpreterInfo.java:139)
	at com.python.pydev.analysis.system_info_builder.InterpreterInfoBuilder.syncInfoToPythonPath(InterpreterInfoBuilder.java:75)
	at org.python.pydev.ast.codecompletion.revisited.SyncSystemModulesManager.synchronizeManagerToNameToInfoPythonpath(SyncSystemModulesManager.java:392)
	at org.python.pydev.ast.codecompletion.revisited.SyncSystemModulesManagerScheduler$SynchJob.run(SyncSystemModulesManagerScheduler.java:257)
	at org.eclipse.core.internal.jobs.Worker.run(Worker.java:63)

!ENTRY org.python.pydev.shared_core 4 4 2022-07-06 10:02:13.426
!MESSAGE ERROR reading shell. Message sent: @@IMPORTS:astropy.convolution._convolve
END@@

ProcessInfo:

 - Executed: C:\Users\USER\anaconda3\python.exe -u C:\LYK\sts-4.13.1.RELEASE\plugins\org.python.pydev.core_9.3.0.202203051235\pysrc\pycompletionserver.py 2448

 - Environment:
ADSK_3DSMAX_X64_2017=C:\Program Files\Autodesk\3ds Max 2017\
ADSK_CLM_WPAD_PROXY_CHECK=FALSE
ALLUSERSPROFILE=C:\ProgramData
APPDATA=C:\Users\USER\AppData\Roaming
AV_APPDATA=C:\Users\USER\AppData\Roaming
CM2014DIR=C:\Program Files (x86)\Common Files\Autodesk Shared\Materials\
CM2015DIR=C:\Program Files (x86)\Common Files\Autodesk Shared\Materials\
COMMONPROGRAMFILES(X86)=C:\Program Files (x86)\Common Files
COMMONPROGRAMFILES=C:\Program Files\Common Files
COMMONPROGRAMW6432=C:\Program Files\Common Files
COMPUTERNAME=DESKTOP-8ON27CG
COMSPEC=C:\WINDOWS\system32\cmd.exe
CUDA_CACHE_MAXSIZE=268435456
DRIVERDATA=C:\Windows\System32\Drivers\DriverData
FPS_BROWSER_APP_PROFILE_STRING=Internet Explorer
FPS_BROWSER_USER_PROFILE_STRING=Default
HOMEDRIVE=C:
HOMEPATH=\Users\USER
ILBDIR=C:\Program Files (x86)\Common Files\Autodesk Shared\Materials\
JAVA_HOME=C:\Program Files\Java\jdk1.8.0_321
LOCALAPPDATA=C:\Users\USER\AppData\Local
LOGONSERVER=\\DESKTOP-8ON27CG
NUMBER_OF_PROCESSORS=16
NVM_HOME=C:\Users\USER\AppData\Roaming\nvm
NVM_SYMLINK=C:\Program Files\nodejs
ONEDRIVE=C:\Users\USER\OneDrive
OPCODE6DIR64=C:\Program Files\Csound6_x64\plugins64\
OS=Windows_NT
PATH=C:\Program Files (x86)\Common Files\Oracle\Java\javapath;C:\oraclexe\app\oracle\product\11.2.0\server\bin;C:\WINDOWS\system32;C:\WINDOWS;C:\WINDOWS\System32\Wbem;C:\WINDOWS\System32\WindowsPowerShell\v1.0\;C:\WINDOWS\System32\OpenSSH\;C:\Program Files\Common Files\Autodesk Shared\;C:\MinGW\bin;C:\Program Files\Java\jdk1.8.0_321\bin;C:\Program Files\Csound6_x64\bin;C:\Users\USER\AppData\Roaming\nvm;C:\Program Files\nodejs;C:\Program Files\Git\cmd;C:\mongodb5\bin;C:\Users\USER\anaconda3;C:\Users\USER\anaconda3\Library\mingw-w64\bin;C:\Users\USER\anaconda3\Library\usr\bin;C:\Users\USER\anaconda3\Library\bin;C:\Users\USER\anaconda3\Scripts;C:\Program Files\MySQL\MySQL Shell 8.0\bin\;C:\Users\USER\AppData\Local\Microsoft\WindowsApps;C:\Program Files\Bandizip\;C:\Users\USER\AppData\Local\atom\bin;C:\Users\USER\AppData\Roaming\npm;C:\Users\USER\AppData\Local\Programs\Microsoft VS Code\bin;C:\Program Files\Java\jdk1.8.0_321\bin;C:\Users\USER\AppData\Roaming\nvm;C:\Program Files\nodejs;
PATHEXT=.COM;.EXE;.BAT;.CMD;.VBS;.VBE;.JS;.JSE;.WSF;.WSH;.MSC
PROCESSOR_ARCHITECTURE=AMD64
PROCESSOR_IDENTIFIER=AMD64 Family 23 Model 113 Stepping 0, AuthenticAMD
PROCESSOR_LEVEL=23
PROCESSOR_REVISION=7100
PROGRAMDATA=C:\ProgramData
PROGRAMFILES(X86)=C:\Program Files (x86)
PROGRAMFILES=C:\Program Files
PROGRAMW6432=C:\Program Files
PROMPT=$P$G
PSMODULEPATH=C:\Program Files\WindowsPowerShell\Modules;C:\WINDOWS\system32\WindowsPowerShell\v1.0\Modules
PUBLIC=C:\Users\Public
PYTHONPATH=C:\LYK\sts-4.13.1.RELEASE\plugins\org.python.pydev.core_9.3.0.202203051235\pysrc\pydev_sitecustomize;C:\Program Files\Csound6_x64\bin;C:\LYK\sts-4.13.1.RELEASE;C:\Users\USER\anaconda3\DLLs;C:\Users\USER\anaconda3\lib;C:\Users\USER\anaconda3;C:\Users\USER\anaconda3\lib\site-packages;C:\Users\USER\anaconda3\lib\site-packages\win32;C:\Users\USER\anaconda3\lib\site-packages\win32\lib;C:\Users\USER\anaconda3\lib\site-packages\Pythonwin
RAWWAVE_PATH=C:\Program Files\Csound6_x64\samples\
SESSIONNAME=Console
SYSTEMDRIVE=C:
SYSTEMROOT=C:\WINDOWS
TEMP=C:\Users\USER\AppData\Local\Temp
TMP=C:\Users\USER\AppData\Local\Temp
USERDOMAIN=DESKTOP-8ON27CG
USERDOMAIN_ROAMINGPROFILE=DESKTOP-8ON27CG
USERNAME=USER
USERPROFILE=C:\Users\USER
VRAY30_RT_FOR_3DSMAX2017_MAIN_X64=C:\Program Files\Chaos Group\V-Ray\RT for 3ds Max 2017 for x64/bin
VRAY30_RT_FOR_3DSMAX2017_PLUGINS_X64=C:\Program Files\Chaos Group\V-Ray\RT for 3ds Max 2017 for x64/bin/plugins
VRAY_MDL_PATH_3DSMAX2017_X64=C:\Program Files\Chaos Group\V-Ray\3dsmax 2017 for x64\mdl
VRAY_OSL_PATH_3DSMAX2017_X64=C:\Program Files\Chaos Group\V-Ray\3dsmax 2017 for x64\opensl
VRAY_SEND_FEEDBACK=0
WINDIR=C:\WINDOWS

 - Working Dir:
C:\LYK\sts-4.13.1.RELEASE\plugins\org.python.pydev.core_9.3.0.202203051235\pysrc

 - OS:
Windows 10

 - Std output:


 - Err output:

!STACK 0
java.io.IOException:       
	at java.base/sun.nio.ch.SocketDispatcher.read0(Native Method)
	at java.base/sun.nio.ch.SocketDispatcher.read(SocketDispatcher.java:43)
	at java.base/sun.nio.ch.IOUtil.readIntoNativeBuffer(IOUtil.java:276)
	at java.base/sun.nio.ch.IOUtil.read(IOUtil.java:245)
	at java.base/sun.nio.ch.IOUtil.read(IOUtil.java:223)
	at java.base/sun.nio.ch.SocketChannelImpl.read(SocketChannelImpl.java:355)
	at java.base/sun.nio.ch.SocketAdaptor$SocketInputStream.read(SocketAdaptor.java:210)
	at java.base/sun.nio.ch.ChannelInputStream.read(ChannelInputStream.java:101)
	at java.base/java.io.InputStream.read(InputStream.java:205)
	at org.python.pydev.ast.codecompletion.shell.AbstractShell.read(AbstractShell.java:457)
	at org.python.pydev.ast.codecompletion.shell.AbstractShell.read(AbstractShell.java:515)
	at org.python.pydev.ast.codecompletion.shell.AbstractShell.writeAndGetResults(AbstractShell.java:710)
	at org.python.pydev.ast.codecompletion.shell.AbstractShell.writeAndGetResults(AbstractShell.java:702)
	at org.python.pydev.ast.codecompletion.shell.CompletionsShell.getImportCompletions(CompletionsShell.java:63)
	at org.python.pydev.ast.codecompletion.revisited.modules.CompiledModule.createTokensFromServer(CompiledModule.java:378)
	at org.python.pydev.ast.codecompletion.revisited.modules.CompiledModule.<init>(CompiledModule.java:180)
	at org.python.pydev.ast.codecompletion.revisited.SystemModulesManager.getBuiltinModule(SystemModulesManager.java:363)
	at org.python.pydev.ast.codecompletion.revisited.SystemModulesManager.getModule(SystemModulesManager.java:416)
	at com.python.pydev.analysis.additionalinfo.AbstractAdditionalDependencyInfo.updateKeysIfNeededAndSave(AbstractAdditionalDependencyInfo.java:260)
	at com.python.pydev.analysis.system_info_builder.InterpreterInfoBuilder.syncInfoToPythonPath(InterpreterInfoBuilder.java:171)
	at com.python.pydev.analysis.system_info_builder.InterpreterInfoBuilder.syncInfoToPythonPath(InterpreterInfoBuilder.java:97)
	at com.python.pydev.analysis.system_info_builder.InterpreterInfoBuilder.syncInfoToPythonPath(InterpreterInfoBuilder.java:83)
	at org.python.pydev.ast.codecompletion.revisited.SyncSystemModulesManager.synchronizeManagerToNameToInfoPythonpath(SyncSystemModulesManager.java:392)
	at org.python.pydev.ast.codecompletion.revisited.SyncSystemModulesManagerScheduler$SynchJob.run(SyncSystemModulesManagerScheduler.java:257)
	at org.eclipse.core.internal.jobs.Worker.run(Worker.java:63)

!ENTRY org.python.pydev.shared_core 1 1 2022-07-06 10:04:33.622
!MESSAGE Information about process of adding new interpreter:
- Opening dialog to request executable (or jar).
- Chosen interpreter (name and file):'NameAndExecutable [python -- C:\Users\USER\anaconda3\python.exe]
- Ok, file is non-null. Getting info on:C:\Users\USER\anaconda3\python.exe
- Beggining task:Getting libs totalWork:100
- Setting task name:Mounting executable string...
- Setting task name:Executing:  C:\Users\USER\anaconda3\python.exe -u C:\LYK\sts-4.13.1.RELEASE\plugins\org.python.pydev.core_9.3.0.202203051235\pysrc\interpreterInfo.py
- Setting task name:Making pythonpath environment... C:\Users\USER\anaconda3\python.exe -u C:\LYK\sts-4.13.1.RELEASE\plugins\org.python.pydev.core_9.3.0.202203051235\pysrc\interpreterInfo.py
- Setting task name:Making exec... C:\Users\USER\anaconda3\python.exe -u C:\LYK\sts-4.13.1.RELEASE\plugins\org.python.pydev.core_9.3.0.202203051235\pysrc\interpreterInfo.py
- Setting task name:Reading output...
- Setting task name:Waiting for process to finish.
- Setting task name:Process finished.
- Success getting the info. Result:<xml>
<name>python</name>
<version>3.9</version>
<executable>C:\Users\USER\anaconda3\python.exe</executable>
<lib>C:\Program Files\Csound6_x64\bin</lib>
<lib>C:\LYK\sts-4.13.1.RELEASE</lib>
<lib>C:\Users\USER\anaconda3\DLLs</lib>
<lib>C:\Users\USER\anaconda3\lib</lib>
<lib>C:\Users\USER\anaconda3</lib>
<lib>C:\Users\USER\anaconda3\lib\site-packages</lib>
<lib>C:\Users\USER\anaconda3\lib\site-packages\win32</lib>
<lib>C:\Users\USER\anaconda3\lib\site-packages\win32\lib</lib>
<lib>C:\Users\USER\anaconda3\lib\site-packages\Pythonwin</lib>
<forced_lib>Image</forced_lib>
<forced_lib>OpenGL</forced_lib>
<forced_lib>_abc</forced_lib>
<forced_lib>_ast</forced_lib>
<forced_lib>_bisect</forced_lib>
<forced_lib>_blake2</forced_lib>
<forced_lib>_bytesio</forced_lib>
<forced_lib>_codecs</forced_lib>
<forced_lib>_codecs_cn</forced_lib>
<forced_lib>_codecs_hk</forced_lib>
<forced_lib>_codecs_iso2022</forced_lib>
<forced_lib>_codecs_jp</forced_lib>
<forced_lib>_codecs_kr</forced_lib>
<forced_lib>_codecs_tw</forced_lib>
<forced_lib>_collections</forced_lib>
<forced_lib>_contextvars</forced_lib>
<forced_lib>_csv</forced_lib>
<forced_lib>_datetime</forced_lib>
<forced_lib>_fileio</forced_lib>
<forced_lib>_functools</forced_lib>
<forced_lib>_heapq</forced_lib>
<forced_lib>_hotshot</forced_lib>
<forced_lib>_imp</forced_lib>
<forced_lib>_io</forced_lib>
<forced_lib>_json</forced_lib>
<forced_lib>_locale</forced_lib>
<forced_lib>_lsprof</forced_lib>
<forced_lib>_md5</forced_lib>
<forced_lib>_multibytecodec</forced_lib>
<forced_lib>_opcode</forced_lib>
<forced_lib>_operator</forced_lib>
<forced_lib>_peg_parser</forced_lib>
<forced_lib>_pickle</forced_lib>
<forced_lib>_random</forced_lib>
<forced_lib>_sha</forced_lib>
<forced_lib>_sha1</forced_lib>
<forced_lib>_sha256</forced_lib>
<forced_lib>_sha3</forced_lib>
<forced_lib>_sha512</forced_lib>
<forced_lib>_signal</forced_lib>
<forced_lib>_sre</forced_lib>
<forced_lib>_stat</forced_lib>
<forced_lib>_statistics</forced_lib>
<forced_lib>_string</forced_lib>
<forced_lib>_struct</forced_lib>
<forced_lib>_subprocess</forced_lib>
<forced_lib>_symtable</forced_lib>
<forced_lib>_thread</forced_lib>
<forced_lib>_tracemalloc</forced_lib>
<forced_lib>_warnings</forced_lib>
<forced_lib>_weakref</forced_lib>
<forced_lib>_winapi</forced_lib>
<forced_lib>_winreg</forced_lib>
<forced_lib>_xxsubinterpreters</forced_lib>
<forced_lib>array</forced_lib>
<forced_lib>astropy</forced_lib>
<forced_lib>astropy.units</forced_lib>
<forced_lib>atexit</forced_lib>
<forced_lib>audioop</forced_lib>
<forced_lib>binascii</forced_lib>
<forced_lib>builtins</forced_lib>
<forced_lib>cPickle</forced_lib>
<forced_lib>cStringIO</forced_lib>
<forced_lib>cmath</forced_lib>
<forced_lib>cv2</forced_lib>
<forced_lib>datetime</forced_lib>
<forced_lib>email</forced_lib>
<forced_lib>errno</forced_lib>
<forced_lib>exceptions</forced_lib>
<forced_lib>faulthandler</forced_lib>
<forced_lib>future_builtins</forced_lib>
<forced_lib>gc</forced_lib>
<forced_lib>gi</forced_lib>
<forced_lib>hashlib</forced_lib>
<forced_lib>imageop</forced_lib>
<forced_lib>imp</forced_lib>
<forced_lib>itertools</forced_lib>
<forced_lib>marshal</forced_lib>
<forced_lib>math</forced_lib>
<forced_lib>mmap</forced_lib>
<forced_lib>mock</forced_lib>
<forced_lib>msvcrt</forced_lib>
<forced_lib>multiprocessing</forced_lib>
<forced_lib>mutagen</forced_lib>
<forced_lib>nose</forced_lib>
<forced_lib>nose.tools</forced_lib>
<forced_lib>nt</forced_lib>
<forced_lib>numpy</forced_lib>
<forced_lib>operator</forced_lib>
<forced_lib>os</forced_lib>
<forced_lib>os.path</forced_lib>
<forced_lib>parser</forced_lib>
<forced_lib>py</forced_lib>
<forced_lib>pytest</forced_lib>
<forced_lib>random</forced_lib>
<forced_lib>re</forced_lib>
<forced_lib>scipy</forced_lib>
<forced_lib>signal</forced_lib>
<forced_lib>six</forced_lib>
<forced_lib>socket</forced_lib>
<forced_lib>ssl</forced_lib>
<forced_lib>strop</forced_lib>
<forced_lib>sys</forced_lib>
<forced_lib>thread</forced_lib>
<forced_lib>time</forced_lib>
<forced_lib>werkzeug</forced_lib>
<forced_lib>winreg</forced_lib>
<forced_lib>wx</forced_lib>
<forced_lib>wxPython</forced_lib>
<forced_lib>xxsubtype</forced_lib>
<forced_lib>zipimport</forced_lib>
<forced_lib>zlib</forced_lib>
<string_substitution_var><key>PY</key><value>39</value></string_substitution_var>
</xml>

!STACK 0
java.lang.RuntimeException: Information about process of adding new interpreter:
- Opening dialog to request executable (or jar).
- Chosen interpreter (name and file):'NameAndExecutable [python -- C:\Users\USER\anaconda3\python.exe]
- Ok, file is non-null. Getting info on:C:\Users\USER\anaconda3\python.exe
- Beggining task:Getting libs totalWork:100
- Setting task name:Mounting executable string...
- Setting task name:Executing:  C:\Users\USER\anaconda3\python.exe -u C:\LYK\sts-4.13.1.RELEASE\plugins\org.python.pydev.core_9.3.0.202203051235\pysrc\interpreterInfo.py
- Setting task name:Making pythonpath environment... C:\Users\USER\anaconda3\python.exe -u C:\LYK\sts-4.13.1.RELEASE\plugins\org.python.pydev.core_9.3.0.202203051235\pysrc\interpreterInfo.py
- Setting task name:Making exec... C:\Users\USER\anaconda3\python.exe -u C:\LYK\sts-4.13.1.RELEASE\plugins\org.python.pydev.core_9.3.0.202203051235\pysrc\interpreterInfo.py
- Setting task name:Reading output...
- Setting task name:Waiting for process to finish.
- Setting task name:Process finished.
- Success getting the info. Result:<xml>
<name>python</name>
<version>3.9</version>
<executable>C:\Users\USER\anaconda3\python.exe</executable>
<lib>C:\Program Files\Csound6_x64\bin</lib>
<lib>C:\LYK\sts-4.13.1.RELEASE</lib>
<lib>C:\Users\USER\anaconda3\DLLs</lib>
<lib>C:\Users\USER\anaconda3\lib</lib>
<lib>C:\Users\USER\anaconda3</lib>
<lib>C:\Users\USER\anaconda3\lib\site-packages</lib>
<lib>C:\Users\USER\anaconda3\lib\site-packages\win32</lib>
<lib>C:\Users\USER\anaconda3\lib\site-packages\win32\lib</lib>
<lib>C:\Users\USER\anaconda3\lib\site-packages\Pythonwin</lib>
<forced_lib>Image</forced_lib>
<forced_lib>OpenGL</forced_lib>
<forced_lib>_abc</forced_lib>
<forced_lib>_ast</forced_lib>
<forced_lib>_bisect</forced_lib>
<forced_lib>_blake2</forced_lib>
<forced_lib>_bytesio</forced_lib>
<forced_lib>_codecs</forced_lib>
<forced_lib>_codecs_cn</forced_lib>
<forced_lib>_codecs_hk</forced_lib>
<forced_lib>_codecs_iso2022</forced_lib>
<forced_lib>_codecs_jp</forced_lib>
<forced_lib>_codecs_kr</forced_lib>
<forced_lib>_codecs_tw</forced_lib>
<forced_lib>_collections</forced_lib>
<forced_lib>_contextvars</forced_lib>
<forced_lib>_csv</forced_lib>
<forced_lib>_datetime</forced_lib>
<forced_lib>_fileio</forced_lib>
<forced_lib>_functools</forced_lib>
<forced_lib>_heapq</forced_lib>
<forced_lib>_hotshot</forced_lib>
<forced_lib>_imp</forced_lib>
<forced_lib>_io</forced_lib>
<forced_lib>_json</forced_lib>
<forced_lib>_locale</forced_lib>
<forced_lib>_lsprof</forced_lib>
<forced_lib>_md5</forced_lib>
<forced_lib>_multibytecodec</forced_lib>
<forced_lib>_opcode</forced_lib>
<forced_lib>_operator</forced_lib>
<forced_lib>_peg_parser</forced_lib>
<forced_lib>_pickle</forced_lib>
<forced_lib>_random</forced_lib>
<forced_lib>_sha</forced_lib>
<forced_lib>_sha1</forced_lib>
<forced_lib>_sha256</forced_lib>
<forced_lib>_sha3</forced_lib>
<forced_lib>_sha512</forced_lib>
<forced_lib>_signal</forced_lib>
<forced_lib>_sre</forced_lib>
<forced_lib>_stat</forced_lib>
<forced_lib>_statistics</forced_lib>
<forced_lib>_string</forced_lib>
<forced_lib>_struct</forced_lib>
<forced_lib>_subprocess</forced_lib>
<forced_lib>_symtable</forced_lib>
<forced_lib>_thread</forced_lib>
<forced_lib>_tracemalloc</forced_lib>
<forced_lib>_warnings</forced_lib>
<forced_lib>_weakref</forced_lib>
<forced_lib>_winapi</forced_lib>
<forced_lib>_winreg</forced_lib>
<forced_lib>_xxsubinterpreters</forced_lib>
<forced_lib>array</forced_lib>
<forced_lib>astropy</forced_lib>
<forced_lib>astropy.units</forced_lib>
<forced_lib>atexit</forced_lib>
<forced_lib>audioop</forced_lib>
<forced_lib>binascii</forced_lib>
<forced_lib>builtins</forced_lib>
<forced_lib>cPickle</forced_lib>
<forced_lib>cStringIO</forced_lib>
<forced_lib>cmath</forced_lib>
<forced_lib>cv2</forced_lib>
<forced_lib>datetime</forced_lib>
<forced_lib>email</forced_lib>
<forced_lib>errno</forced_lib>
<forced_lib>exceptions</forced_lib>
<forced_lib>faulthandler</forced_lib>
<forced_lib>future_builtins</forced_lib>
<forced_lib>gc</forced_lib>
<forced_lib>gi</forced_lib>
<forced_lib>hashlib</forced_lib>
<forced_lib>imageop</forced_lib>
<forced_lib>imp</forced_lib>
<forced_lib>itertools</forced_lib>
<forced_lib>marshal</forced_lib>
<forced_lib>math</forced_lib>
<forced_lib>mmap</forced_lib>
<forced_lib>mock</forced_lib>
<forced_lib>msvcrt</forced_lib>
<forced_lib>multiprocessing</forced_lib>
<forced_lib>mutagen</forced_lib>
<forced_lib>nose</forced_lib>
<forced_lib>nose.tools</forced_lib>
<forced_lib>nt</forced_lib>
<forced_lib>numpy</forced_lib>
<forced_lib>operator</forced_lib>
<forced_lib>os</forced_lib>
<forced_lib>os.path</forced_lib>
<forced_lib>parser</forced_lib>
<forced_lib>py</forced_lib>
<forced_lib>pytest</forced_lib>
<forced_lib>random</forced_lib>
<forced_lib>re</forced_lib>
<forced_lib>scipy</forced_lib>
<forced_lib>signal</forced_lib>
<forced_lib>six</forced_lib>
<forced_lib>socket</forced_lib>
<forced_lib>ssl</forced_lib>
<forced_lib>strop</forced_lib>
<forced_lib>sys</forced_lib>
<forced_lib>thread</forced_lib>
<forced_lib>time</forced_lib>
<forced_lib>werkzeug</forced_lib>
<forced_lib>winreg</forced_lib>
<forced_lib>wx</forced_lib>
<forced_lib>wxPython</forced_lib>
<forced_lib>xxsubtype</forced_lib>
<forced_lib>zipimport</forced_lib>
<forced_lib>zlib</forced_lib>
<string_substitution_var><key>PY</key><value>39</value></string_substitution_var>
</xml>

	at org.python.pydev.core.log.Log.logInfo(Log.java:45)
	at org.python.pydev.ui.pythonpathconf.AbstractInterpreterEditor.getNewInputObject(AbstractInterpreterEditor.java:1051)
	at org.python.copiedfromeclipsesrc.PythonListEditor.addPressed(PythonListEditor.java:159)
	at org.python.copiedfromeclipsesrc.PythonListEditor$2.widgetSelected(PythonListEditor.java:339)
	at org.eclipse.swt.widgets.TypedListener.handleEvent(TypedListener.java:252)
	at org.eclipse.swt.widgets.EventTable.sendEvent(EventTable.java:89)
	at org.eclipse.swt.widgets.Display.sendEvent(Display.java:4243)
	at org.eclipse.swt.widgets.Widget.sendEvent(Widget.java:1060)
	at org.eclipse.swt.widgets.Display.runDeferredEvents(Display.java:4060)
	at org.eclipse.swt.widgets.Display.readAndDispatch(Display.java:3632)
	at org.eclipse.jface.window.Window.runEventLoop(Window.java:823)
	at org.eclipse.jface.window.Window.open(Window.java:799)
	at org.eclipse.ui.internal.OpenPreferencesAction.run(OpenPreferencesAction.java:66)
	at org.eclipse.jface.action.Action.runWithEvent(Action.java:474)
	at org.eclipse.jface.action.ActionContributionItem.handleWidgetSelection(ActionContributionItem.java:580)
	at org.eclipse.jface.action.ActionContributionItem.lambda$4(ActionContributionItem.java:414)
	at org.eclipse.swt.widgets.EventTable.sendEvent(EventTable.java:89)
	at org.eclipse.swt.widgets.Display.sendEvent(Display.java:4243)
	at org.eclipse.swt.widgets.Widget.sendEvent(Widget.java:1060)
	at org.eclipse.swt.widgets.Display.runDeferredEvents(Display.java:4060)
	at org.eclipse.swt.widgets.Display.readAndDispatch(Display.java:3632)
	at org.eclipse.e4.ui.internal.workbench.swt.PartRenderingEngine$5.run(PartRenderingEngine.java:1154)
	at org.eclipse.core.databinding.observable.Realm.runWithDefault(Realm.java:338)
	at org.eclipse.e4.ui.internal.workbench.swt.PartRenderingEngine.run(PartRenderingEngine.java:1045)
	at org.eclipse.e4.ui.internal.workbench.E4Workbench.createAndRunUI(E4Workbench.java:155)
	at org.eclipse.ui.internal.Workbench.lambda$3(Workbench.java:644)
	at org.eclipse.core.databinding.observable.Realm.runWithDefault(Realm.java:338)
	at org.eclipse.ui.internal.Workbench.createAndRunWorkbench(Workbench.java:551)
	at org.eclipse.ui.PlatformUI.createAndRunWorkbench(PlatformUI.java:156)
	at org.eclipse.ui.internal.ide.application.IDEApplication.start(IDEApplication.java:152)
	at org.eclipse.equinox.internal.app.EclipseAppHandle.run(EclipseAppHandle.java:203)
	at org.eclipse.core.runtime.internal.adaptor.EclipseAppLauncher.runApplication(EclipseAppLauncher.java:136)
	at org.eclipse.core.runtime.internal.adaptor.EclipseAppLauncher.start(EclipseAppLauncher.java:104)
	at org.eclipse.core.runtime.adaptor.EclipseStarter.run(EclipseStarter.java:401)
	at org.eclipse.core.runtime.adaptor.EclipseStarter.run(EclipseStarter.java:255)
	at java.base/jdk.internal.reflect.NativeMethodAccessorImpl.invoke0(Native Method)
	at java.base/jdk.internal.reflect.NativeMethodAccessorImpl.invoke(NativeMethodAccessorImpl.java:62)
	at java.base/jdk.internal.reflect.DelegatingMethodAccessorImpl.invoke(DelegatingMethodAccessorImpl.java:43)
	at java.base/java.lang.reflect.Method.invoke(Method.java:566)
	at org.eclipse.equinox.launcher.Main.invokeFramework(Main.java:659)
	at org.eclipse.equinox.launcher.Main.basicRun(Main.java:596)
	at org.eclipse.equinox.launcher.Main.run(Main.java:1467)
	at org.eclipse.equinox.launcher.Main.main(Main.java:1440)

!ENTRY org.python.pydev.shared_core 4 4 2022-07-06 10:05:36.341
!MESSAGE Did not expect to find item below node: Assign[targets=[Name[id=ua, ctx=Store, reserved=false]], value=null, type=null] (module: test_pySmartDL.py file: C:\Users\USER\anaconda3\Lib\site-packages\test\test_pySmartDL.py row: 161).
!STACK 0
java.lang.RuntimeException: Did not expect to find item below node: Assign[targets=[Name[id=ua, ctx=Store, reserved=false]], value=null, type=null] (module: test_pySmartDL.py file: C:\Users\USER\anaconda3\Lib\site-packages\test\test_pySmartDL.py row: 161).
	at org.python.pydev.core.log.Log.log(Log.java:33)
	at org.python.pydev.parser.fastparser.FastDefinitionsParser.endScopesInStack(FastDefinitionsParser.java:631)
	at org.python.pydev.parser.fastparser.FastDefinitionsParser.handleNewLine(FastDefinitionsParser.java:415)
	at org.python.pydev.parser.fastparser.FastDefinitionsParser.extractBody(FastDefinitionsParser.java:259)
	at org.python.pydev.parser.fastparser.FastDefinitionsParser.parse(FastDefinitionsParser.java:698)
	at com.python.pydev.analysis.additionalinfo.AbstractAdditionalTokensInfo.addAstInfo(AbstractAdditionalTokensInfo.java:328)
	at com.python.pydev.analysis.additionalinfo.AbstractAdditionalInfoWithBuild.restoreInfoForModuleManager(AbstractAdditionalInfoWithBuild.java:264)
	at com.python.pydev.analysis.additionalinfo.AdditionalSystemInterpreterInfo.recreateAllInfo(AdditionalSystemInterpreterInfo.java:194)
	at com.python.pydev.analysis.additionalinfo.builders.InterpreterObserver.notifyDefaultPythonpathRestored(InterpreterObserver.java:36)
	at org.python.pydev.ast.interpreter_managers.AbstractInterpreterManager.restorePythopathForInterpreters(AbstractInterpreterManager.java:668)
	at org.python.pydev.ast.interpreter_managers.AbstractInterpreterManager.setInfos(AbstractInterpreterManager.java:586)
	at org.python.pydev.ui.pythonpathconf.AbstractInterpreterEditor$13.run(AbstractInterpreterEditor.java:1192)
	at org.eclipse.jface.operation.ModalContext$ModalContextThread.run(ModalContext.java:122)

!ENTRY org.python.pydev.shared_core 4 4 2022-07-06 10:06:18.694
!MESSAGE ERROR reading shell. Message sent: @@IMPORTS:astropy.convolution._convolve
END@@

ProcessInfo:

 - Executed: C:\Users\USER\anaconda3\python.exe -u C:\LYK\sts-4.13.1.RELEASE\plugins\org.python.pydev.core_9.3.0.202203051235\pysrc\pycompletionserver.py 2510

 - Environment:
ADSK_3DSMAX_X64_2017=C:\Program Files\Autodesk\3ds Max 2017\
ADSK_CLM_WPAD_PROXY_CHECK=FALSE
ALLUSERSPROFILE=C:\ProgramData
APPDATA=C:\Users\USER\AppData\Roaming
AV_APPDATA=C:\Users\USER\AppData\Roaming
CM2014DIR=C:\Program Files (x86)\Common Files\Autodesk Shared\Materials\
CM2015DIR=C:\Program Files (x86)\Common Files\Autodesk Shared\Materials\
COMMONPROGRAMFILES(X86)=C:\Program Files (x86)\Common Files
COMMONPROGRAMFILES=C:\Program Files\Common Files
COMMONPROGRAMW6432=C:\Program Files\Common Files
COMPUTERNAME=DESKTOP-8ON27CG
COMSPEC=C:\WINDOWS\system32\cmd.exe
CUDA_CACHE_MAXSIZE=268435456
DRIVERDATA=C:\Windows\System32\Drivers\DriverData
FPS_BROWSER_APP_PROFILE_STRING=Internet Explorer
FPS_BROWSER_USER_PROFILE_STRING=Default
HOMEDRIVE=C:
HOMEPATH=\Users\USER
ILBDIR=C:\Program Files (x86)\Common Files\Autodesk Shared\Materials\
JAVA_HOME=C:\Program Files\Java\jdk1.8.0_321
LOCALAPPDATA=C:\Users\USER\AppData\Local
LOGONSERVER=\\DESKTOP-8ON27CG
NUMBER_OF_PROCESSORS=16
NVM_HOME=C:\Users\USER\AppData\Roaming\nvm
NVM_SYMLINK=C:\Program Files\nodejs
ONEDRIVE=C:\Users\USER\OneDrive
OPCODE6DIR64=C:\Program Files\Csound6_x64\plugins64\
OS=Windows_NT
PATH=C:\Program Files (x86)\Common Files\Oracle\Java\javapath;C:\oraclexe\app\oracle\product\11.2.0\server\bin;C:\WINDOWS\system32;C:\WINDOWS;C:\WINDOWS\System32\Wbem;C:\WINDOWS\System32\WindowsPowerShell\v1.0\;C:\WINDOWS\System32\OpenSSH\;C:\Program Files\Common Files\Autodesk Shared\;C:\MinGW\bin;C:\Program Files\Java\jdk1.8.0_321\bin;C:\Program Files\Csound6_x64\bin;C:\Users\USER\AppData\Roaming\nvm;C:\Program Files\nodejs;C:\Program Files\Git\cmd;C:\mongodb5\bin;C:\Users\USER\anaconda3;C:\Users\USER\anaconda3\Library\mingw-w64\bin;C:\Users\USER\anaconda3\Library\usr\bin;C:\Users\USER\anaconda3\Library\bin;C:\Users\USER\anaconda3\Scripts;C:\Program Files\MySQL\MySQL Shell 8.0\bin\;C:\Users\USER\AppData\Local\Microsoft\WindowsApps;C:\Program Files\Bandizip\;C:\Users\USER\AppData\Local\atom\bin;C:\Users\USER\AppData\Roaming\npm;C:\Users\USER\AppData\Local\Programs\Microsoft VS Code\bin;C:\Program Files\Java\jdk1.8.0_321\bin;C:\Users\USER\AppData\Roaming\nvm;C:\Program Files\nodejs;
PATHEXT=.COM;.EXE;.BAT;.CMD;.VBS;.VBE;.JS;.JSE;.WSF;.WSH;.MSC
PROCESSOR_ARCHITECTURE=AMD64
PROCESSOR_IDENTIFIER=AMD64 Family 23 Model 113 Stepping 0, AuthenticAMD
PROCESSOR_LEVEL=23
PROCESSOR_REVISION=7100
PROGRAMDATA=C:\ProgramData
PROGRAMFILES(X86)=C:\Program Files (x86)
PROGRAMFILES=C:\Program Files
PROGRAMW6432=C:\Program Files
PROMPT=$P$G
PSMODULEPATH=C:\Program Files\WindowsPowerShell\Modules;C:\WINDOWS\system32\WindowsPowerShell\v1.0\Modules
PUBLIC=C:\Users\Public
PYTHONPATH=C:\LYK\sts-4.13.1.RELEASE\plugins\org.python.pydev.core_9.3.0.202203051235\pysrc\pydev_sitecustomize;C:\Program Files\Csound6_x64\bin;C:\LYK\sts-4.13.1.RELEASE;C:\Users\USER\anaconda3\DLLs;C:\Users\USER\anaconda3\lib;C:\Users\USER\anaconda3;C:\Users\USER\anaconda3\lib\site-packages;C:\Users\USER\anaconda3\lib\site-packages\win32;C:\Users\USER\anaconda3\lib\site-packages\win32\lib;C:\Users\USER\anaconda3\lib\site-packages\Pythonwin
RAWWAVE_PATH=C:\Program Files\Csound6_x64\samples\
SESSIONNAME=Console
SYSTEMDRIVE=C:
SYSTEMROOT=C:\WINDOWS
TEMP=C:\Users\USER\AppData\Local\Temp
TMP=C:\Users\USER\AppData\Local\Temp
USERDOMAIN=DESKTOP-8ON27CG
USERDOMAIN_ROAMINGPROFILE=DESKTOP-8ON27CG
USERNAME=USER
USERPROFILE=C:\Users\USER
VRAY30_RT_FOR_3DSMAX2017_MAIN_X64=C:\Program Files\Chaos Group\V-Ray\RT for 3ds Max 2017 for x64/bin
VRAY30_RT_FOR_3DSMAX2017_PLUGINS_X64=C:\Program Files\Chaos Group\V-Ray\RT for 3ds Max 2017 for x64/bin/plugins
VRAY_MDL_PATH_3DSMAX2017_X64=C:\Program Files\Chaos Group\V-Ray\3dsmax 2017 for x64\mdl
VRAY_OSL_PATH_3DSMAX2017_X64=C:\Program Files\Chaos Group\V-Ray\3dsmax 2017 for x64\opensl
VRAY_SEND_FEEDBACK=0
WINDIR=C:\WINDOWS

 - Working Dir:
C:\LYK\sts-4.13.1.RELEASE\plugins\org.python.pydev.core_9.3.0.202203051235\pysrc

 - OS:
Windows 10

 - Std output:


 - Err output:

!STACK 0
java.io.IOException:       
	at java.base/sun.nio.ch.SocketDispatcher.read0(Native Method)
	at java.base/sun.nio.ch.SocketDispatcher.read(SocketDispatcher.java:43)
	at java.base/sun.nio.ch.IOUtil.readIntoNativeBuffer(IOUtil.java:276)
	at java.base/sun.nio.ch.IOUtil.read(IOUtil.java:245)
	at java.base/sun.nio.ch.IOUtil.read(IOUtil.java:223)
	at java.base/sun.nio.ch.SocketChannelImpl.read(SocketChannelImpl.java:355)
	at java.base/sun.nio.ch.SocketAdaptor$SocketInputStream.read(SocketAdaptor.java:210)
	at java.base/sun.nio.ch.ChannelInputStream.read(ChannelInputStream.java:101)
	at java.base/java.io.InputStream.read(InputStream.java:205)
	at org.python.pydev.ast.codecompletion.shell.AbstractShell.read(AbstractShell.java:457)
	at org.python.pydev.ast.codecompletion.shell.AbstractShell.read(AbstractShell.java:515)
	at org.python.pydev.ast.codecompletion.shell.AbstractShell.writeAndGetResults(AbstractShell.java:710)
	at org.python.pydev.ast.codecompletion.shell.AbstractShell.writeAndGetResults(AbstractShell.java:702)
	at org.python.pydev.ast.codecompletion.shell.CompletionsShell.getImportCompletions(CompletionsShell.java:63)
	at org.python.pydev.ast.codecompletion.revisited.modules.CompiledModule.createTokensFromServer(CompiledModule.java:378)
	at org.python.pydev.ast.codecompletion.revisited.modules.CompiledModule.<init>(CompiledModule.java:180)
	at org.python.pydev.ast.codecompletion.revisited.SystemModulesManager.getBuiltinModule(SystemModulesManager.java:363)
	at org.python.pydev.ast.codecompletion.revisited.SystemModulesManager.getModule(SystemModulesManager.java:416)
	at com.python.pydev.analysis.additionalinfo.AbstractAdditionalDependencyInfo.updateKeysIfNeededAndSave(AbstractAdditionalDependencyInfo.java:260)
	at com.python.pydev.analysis.system_info_builder.InterpreterInfoBuilder.syncInfoToPythonPath(InterpreterInfoBuilder.java:171)
	at com.python.pydev.analysis.system_info_builder.InterpreterInfoBuilder.syncInfoToPythonPath(InterpreterInfoBuilder.java:97)
	at com.python.pydev.analysis.system_info_builder.InterpreterInfoBuilder.syncInfoToPythonPath(InterpreterInfoBuilder.java:83)
	at org.python.pydev.ast.codecompletion.revisited.SyncSystemModulesManager.synchronizeManagerToNameToInfoPythonpath(SyncSystemModulesManager.java:392)
	at org.python.pydev.ast.codecompletion.revisited.SyncSystemModulesManagerScheduler$SynchJob.run(SyncSystemModulesManagerScheduler.java:257)
	at org.eclipse.core.internal.jobs.Worker.run(Worker.java:63)
!SESSION 2022-07-06 10:09:06.157 -----------------------------------------------
eclipse.buildId=4.13.1.202201311654
java.version=11.0.14
java.vendor=Oracle Corporation
BootLoader constants: OS=win32, ARCH=x86_64, WS=win32, NL=ko_KR

!ENTRY org.eclipse.osgi 4 0 2022-07-06 10:09:06.540
!MESSAGE The -clean (osgi.clean) option was not successful. Unable to clean the storage area: C:\LYK\sts-4.13.1.RELEASE\configuration\org.eclipse.osgi

!ENTRY org.eclipse.jface 2 0 2022-07-06 10:09:23.878
!MESSAGE Keybinding conflicts occurred.  They may interfere with normal accelerator operation.
!SUBENTRY 1 org.eclipse.jface 2 0 2022-07-06 10:09:23.878
!MESSAGE A conflict occurred for CTRL+SHIFT+T:
Binding(CTRL+SHIFT+T,
	ParameterizedCommand(Command(org.eclipse.jdt.ui.navigate.open.type,Open Type,
		Open a type in a Java editor,
		Category(org.eclipse.ui.category.navigate,Navigate,null,true),
		org.eclipse.ui.internal.WorkbenchHandlerServiceHandler@65cf8da0,
		,,true),null),
	org.eclipse.ui.defaultAcceleratorConfiguration,
	org.eclipse.ui.contexts.window,,,system)
Binding(CTRL+SHIFT+T,
	ParameterizedCommand(Command(org.eclipse.lsp4e.symbolinworkspace,Go to Symbol in Workspace,
		,
		Category(org.eclipse.lsp4e.category,Language Servers,null,true),
		org.eclipse.ui.internal.WorkbenchHandlerServiceHandler@823f978,
		,,true),null),
	org.eclipse.ui.defaultAcceleratorConfiguration,
	org.eclipse.ui.contexts.window,,,system)
!SUBENTRY 1 org.eclipse.jface 2 0 2022-07-06 10:09:23.878
!MESSAGE A conflict occurred for ALT+SHIFT+R:
Binding(ALT+SHIFT+R,
	ParameterizedCommand(Command(org.eclipse.jdt.ui.edit.text.java.rename.element,Rename - Refactoring ,
		Rename the selected element,
		Category(org.eclipse.jdt.ui.category.refactoring,Refactor - Java,Java Refactoring Actions,true),
		org.eclipse.ui.internal.WorkbenchHandlerServiceHandler@6195ce27,
		,,true),null),
	org.eclipse.ui.defaultAcceleratorConfiguration,
	org.eclipse.ui.contexts.window,,,system)
Binding(ALT+SHIFT+R,
	ParameterizedCommand(Command(org.eclipse.ui.edit.rename,Rename,
		Rename the selected item,
		Category(org.eclipse.ui.category.file,File,null,true),
		org.eclipse.ui.internal.WorkbenchHandlerServiceHandler@397b5b2d,
		,,true),null),
	org.eclipse.ui.defaultAcceleratorConfiguration,
	org.eclipse.ui.contexts.window,,,system)

!ENTRY org.eclipse.mylyn.tasks.core 4 0 2022-07-06 10:09:24.534
!MESSAGE Unexpected error while loading repository template extensions
!SUBENTRY 1 org.eclipse.mylyn.tasks.core 4 0 2022-07-06 10:09:24.534
!MESSAGE Could not load repository template extension contributed by 'org.eclipse.mylyn.bugzilla.ide' with connectorKind 'bugzilla'

!ENTRY org.eclipse.egit.ui 2 0 2022-07-06 10:09:26.281
!MESSAGE Warning: The environment variable HOME is not set. The following directory will be used to store the Git
user global configuration and to define the default location to store repositories: 'C:\Users\USER'. If this is
not correct please set the HOME environment variable and restart Eclipse. Otherwise Git for Windows and
EGit might behave differently since they see different configuration options.
This warning can be switched off on the Team > Git > Confirmations and Warnings preference page.

!ENTRY org.python.pydev.shared_core 1 1 2022-07-06 10:09:57.441
!MESSAGE Info: Rebuilding internal caches: C:\LYK\work\new\.metadata\.plugins\com.python.pydev.analysis\python_v1_2sb3y5qzm8gpqetykgbv4e728\python.pydevsysteminfo
!STACK 0
java.lang.RuntimeException: Unable to read: C:\LYK\work\new\.metadata\.plugins\com.python.pydev.analysis\python_v1_2sb3y5qzm8gpqetykgbv4e728\python.pydevsysteminfo
	at com.python.pydev.analysis.additionalinfo.AbstractAdditionalDependencyInfo.load(AbstractAdditionalDependencyInfo.java:428)
	at com.python.pydev.analysis.additionalinfo.AdditionalSystemInterpreterInfo.getAdditionalSystemInfo(AdditionalSystemInterpreterInfo.java:168)
	at com.python.pydev.analysis.additionalinfo.AdditionalSystemInterpreterInfo.getAdditionalSystemInfo(AdditionalSystemInterpreterInfo.java:139)
	at com.python.pydev.analysis.system_info_builder.InterpreterInfoBuilder.syncInfoToPythonPath(InterpreterInfoBuilder.java:75)
	at org.python.pydev.ast.codecompletion.revisited.SyncSystemModulesManager.synchronizeManagerToNameToInfoPythonpath(SyncSystemModulesManager.java:392)
	at org.python.pydev.ast.codecompletion.revisited.SyncSystemModulesManagerScheduler$SynchJob.run(SyncSystemModulesManagerScheduler.java:257)
	at org.eclipse.core.internal.jobs.Worker.run(Worker.java:63)
Caused by: java.lang.NumberFormatException: Error getting positive int from: class LIEF::ref_iterator<class std::vector<class LIEF::ELF::Section 
	at org.python.pydev.shared_core.string.StringUtils.parsePositiveInt(StringUtils.java:389)
	at com.python.pydev.analysis.additionalinfo.TreeIO.loadTreeFrom(TreeIO.java:247)
	at com.python.pydev.analysis.additionalinfo.AbstractAdditionalDependencyInfo.loadContentsFromFile(AbstractAdditionalDependencyInfo.java:475)
	at com.python.pydev.analysis.additionalinfo.AbstractAdditionalDependencyInfo.load(AbstractAdditionalDependencyInfo.java:426)
	... 6 more

!ENTRY org.python.pydev.shared_core 4 4 2022-07-06 10:10:33.687
!MESSAGE Did not expect to find item below node: Assign[targets=[Name[id=ua, ctx=Store, reserved=false]], value=null, type=null] (module: test_pySmartDL.py file: C:\Users\USER\anaconda3\Lib\site-packages\test\test_pySmartDL.py row: 161).
!STACK 0
java.lang.RuntimeException: Did not expect to find item below node: Assign[targets=[Name[id=ua, ctx=Store, reserved=false]], value=null, type=null] (module: test_pySmartDL.py file: C:\Users\USER\anaconda3\Lib\site-packages\test\test_pySmartDL.py row: 161).
	at org.python.pydev.core.log.Log.log(Log.java:33)
	at org.python.pydev.parser.fastparser.FastDefinitionsParser.endScopesInStack(FastDefinitionsParser.java:631)
	at org.python.pydev.parser.fastparser.FastDefinitionsParser.handleNewLine(FastDefinitionsParser.java:415)
	at org.python.pydev.parser.fastparser.FastDefinitionsParser.extractBody(FastDefinitionsParser.java:259)
	at org.python.pydev.parser.fastparser.FastDefinitionsParser.parse(FastDefinitionsParser.java:698)
	at com.python.pydev.analysis.additionalinfo.AbstractAdditionalTokensInfo.addAstInfo(AbstractAdditionalTokensInfo.java:328)
	at com.python.pydev.analysis.additionalinfo.AbstractAdditionalInfoWithBuild.restoreInfoForModuleManager(AbstractAdditionalInfoWithBuild.java:264)
	at com.python.pydev.analysis.additionalinfo.AdditionalSystemInterpreterInfo.recreateAllInfo(AdditionalSystemInterpreterInfo.java:194)
	at com.python.pydev.analysis.additionalinfo.AdditionalSystemInterpreterInfo.getAdditionalSystemInfo(AdditionalSystemInterpreterInfo.java:170)
	at com.python.pydev.analysis.additionalinfo.AdditionalSystemInterpreterInfo.getAdditionalSystemInfo(AdditionalSystemInterpreterInfo.java:139)
	at com.python.pydev.analysis.system_info_builder.InterpreterInfoBuilder.syncInfoToPythonPath(InterpreterInfoBuilder.java:75)
	at org.python.pydev.ast.codecompletion.revisited.SyncSystemModulesManager.synchronizeManagerToNameToInfoPythonpath(SyncSystemModulesManager.java:392)
	at org.python.pydev.ast.codecompletion.revisited.SyncSystemModulesManagerScheduler$SynchJob.run(SyncSystemModulesManagerScheduler.java:257)
	at org.eclipse.core.internal.jobs.Worker.run(Worker.java:63)

!ENTRY org.python.pydev.shared_core 4 4 2022-07-06 10:11:18.453
!MESSAGE ERROR reading shell. Message sent: @@IMPORTS:astropy.convolution._convolve
END@@

ProcessInfo:

 - Executed: C:\Users\USER\anaconda3\python.exe -u C:\LYK\sts-4.13.1.RELEASE\plugins\org.python.pydev.core_9.3.0.202203051235\pysrc\pycompletionserver.py 2615

 - Environment:
ADSK_3DSMAX_X64_2017=C:\Program Files\Autodesk\3ds Max 2017\
ADSK_CLM_WPAD_PROXY_CHECK=FALSE
ALLUSERSPROFILE=C:\ProgramData
APPDATA=C:\Users\USER\AppData\Roaming
AV_APPDATA=C:\Users\USER\AppData\Roaming
CM2014DIR=C:\Program Files (x86)\Common Files\Autodesk Shared\Materials\
CM2015DIR=C:\Program Files (x86)\Common Files\Autodesk Shared\Materials\
COMMONPROGRAMFILES(X86)=C:\Program Files (x86)\Common Files
COMMONPROGRAMFILES=C:\Program Files\Common Files
COMMONPROGRAMW6432=C:\Program Files\Common Files
COMPUTERNAME=DESKTOP-8ON27CG
COMSPEC=C:\WINDOWS\system32\cmd.exe
CUDA_CACHE_MAXSIZE=268435456
DRIVERDATA=C:\Windows\System32\Drivers\DriverData
FPS_BROWSER_APP_PROFILE_STRING=Internet Explorer
FPS_BROWSER_USER_PROFILE_STRING=Default
HOMEDRIVE=C:
HOMEPATH=\Users\USER
ILBDIR=C:\Program Files (x86)\Common Files\Autodesk Shared\Materials\
JAVA_HOME=C:\Program Files\Java\jdk1.8.0_321
LOCALAPPDATA=C:\Users\USER\AppData\Local
LOGONSERVER=\\DESKTOP-8ON27CG
NUMBER_OF_PROCESSORS=16
NVM_HOME=C:\Users\USER\AppData\Roaming\nvm
NVM_SYMLINK=C:\Program Files\nodejs
ONEDRIVE=C:\Users\USER\OneDrive
OPCODE6DIR64=C:\Program Files\Csound6_x64\plugins64\
OS=Windows_NT
PATH=C:\Program Files (x86)\Common Files\Oracle\Java\javapath;C:\oraclexe\app\oracle\product\11.2.0\server\bin;C:\WINDOWS\system32;C:\WINDOWS;C:\WINDOWS\System32\Wbem;C:\WINDOWS\System32\WindowsPowerShell\v1.0\;C:\WINDOWS\System32\OpenSSH\;C:\Program Files\Common Files\Autodesk Shared\;C:\MinGW\bin;C:\Program Files\Java\jdk1.8.0_321\bin;C:\Program Files\Csound6_x64\bin;C:\Users\USER\AppData\Roaming\nvm;C:\Program Files\nodejs;C:\Program Files\Git\cmd;C:\mongodb5\bin;C:\Users\USER\anaconda3;C:\Users\USER\anaconda3\Library\mingw-w64\bin;C:\Users\USER\anaconda3\Library\usr\bin;C:\Users\USER\anaconda3\Library\bin;C:\Users\USER\anaconda3\Scripts;C:\Program Files\MySQL\MySQL Shell 8.0\bin\;C:\Users\USER\AppData\Local\Microsoft\WindowsApps;C:\Program Files\Bandizip\;C:\Users\USER\AppData\Local\atom\bin;C:\Users\USER\AppData\Roaming\npm;C:\Users\USER\AppData\Local\Programs\Microsoft VS Code\bin;C:\Program Files\Java\jdk1.8.0_321\bin;C:\Users\USER\AppData\Roaming\nvm;C:\Program Files\nodejs;
PATHEXT=.COM;.EXE;.BAT;.CMD;.VBS;.VBE;.JS;.JSE;.WSF;.WSH;.MSC
PROCESSOR_ARCHITECTURE=AMD64
PROCESSOR_IDENTIFIER=AMD64 Family 23 Model 113 Stepping 0, AuthenticAMD
PROCESSOR_LEVEL=23
PROCESSOR_REVISION=7100
PROGRAMDATA=C:\ProgramData
PROGRAMFILES(X86)=C:\Program Files (x86)
PROGRAMFILES=C:\Program Files
PROGRAMW6432=C:\Program Files
PROMPT=$P$G
PSMODULEPATH=C:\Program Files\WindowsPowerShell\Modules;C:\WINDOWS\system32\WindowsPowerShell\v1.0\Modules
PUBLIC=C:\Users\Public
PYTHONPATH=C:\LYK\sts-4.13.1.RELEASE\plugins\org.python.pydev.core_9.3.0.202203051235\pysrc\pydev_sitecustomize;C:\Program Files\Csound6_x64\bin;C:\LYK\sts-4.13.1.RELEASE;C:\Users\USER\anaconda3\DLLs;C:\Users\USER\anaconda3\lib;C:\Users\USER\anaconda3;C:\Users\USER\anaconda3\lib\site-packages;C:\Users\USER\anaconda3\lib\site-packages\win32;C:\Users\USER\anaconda3\lib\site-packages\win32\lib;C:\Users\USER\anaconda3\lib\site-packages\Pythonwin
RAWWAVE_PATH=C:\Program Files\Csound6_x64\samples\
SESSIONNAME=Console
SYSTEMDRIVE=C:
SYSTEMROOT=C:\WINDOWS
TEMP=C:\Users\USER\AppData\Local\Temp
TMP=C:\Users\USER\AppData\Local\Temp
USERDOMAIN=DESKTOP-8ON27CG
USERDOMAIN_ROAMINGPROFILE=DESKTOP-8ON27CG
USERNAME=USER
USERPROFILE=C:\Users\USER
VRAY30_RT_FOR_3DSMAX2017_MAIN_X64=C:\Program Files\Chaos Group\V-Ray\RT for 3ds Max 2017 for x64/bin
VRAY30_RT_FOR_3DSMAX2017_PLUGINS_X64=C:\Program Files\Chaos Group\V-Ray\RT for 3ds Max 2017 for x64/bin/plugins
VRAY_MDL_PATH_3DSMAX2017_X64=C:\Program Files\Chaos Group\V-Ray\3dsmax 2017 for x64\mdl
VRAY_OSL_PATH_3DSMAX2017_X64=C:\Program Files\Chaos Group\V-Ray\3dsmax 2017 for x64\opensl
VRAY_SEND_FEEDBACK=0
WINDIR=C:\WINDOWS

 - Working Dir:
C:\LYK\sts-4.13.1.RELEASE\plugins\org.python.pydev.core_9.3.0.202203051235\pysrc

 - OS:
Windows 10

 - Std output:


 - Err output:

!STACK 0
java.io.IOException:       
	at java.base/sun.nio.ch.SocketDispatcher.read0(Native Method)
	at java.base/sun.nio.ch.SocketDispatcher.read(SocketDispatcher.java:43)
	at java.base/sun.nio.ch.IOUtil.readIntoNativeBuffer(IOUtil.java:276)
	at java.base/sun.nio.ch.IOUtil.read(IOUtil.java:245)
	at java.base/sun.nio.ch.IOUtil.read(IOUtil.java:223)
	at java.base/sun.nio.ch.SocketChannelImpl.read(SocketChannelImpl.java:355)
	at java.base/sun.nio.ch.SocketAdaptor$SocketInputStream.read(SocketAdaptor.java:210)
	at java.base/sun.nio.ch.ChannelInputStream.read(ChannelInputStream.java:101)
	at java.base/java.io.InputStream.read(InputStream.java:205)
	at org.python.pydev.ast.codecompletion.shell.AbstractShell.read(AbstractShell.java:457)
	at org.python.pydev.ast.codecompletion.shell.AbstractShell.read(AbstractShell.java:515)
	at org.python.pydev.ast.codecompletion.shell.AbstractShell.writeAndGetResults(AbstractShell.java:710)
	at org.python.pydev.ast.codecompletion.shell.AbstractShell.writeAndGetResults(AbstractShell.java:702)
	at org.python.pydev.ast.codecompletion.shell.CompletionsShell.getImportCompletions(CompletionsShell.java:63)
	at org.python.pydev.ast.codecompletion.revisited.modules.CompiledModule.createTokensFromServer(CompiledModule.java:378)
	at org.python.pydev.ast.codecompletion.revisited.modules.CompiledModule.<init>(CompiledModule.java:180)
	at org.python.pydev.ast.codecompletion.revisited.SystemModulesManager.getBuiltinModule(SystemModulesManager.java:363)
	at org.python.pydev.ast.codecompletion.revisited.SystemModulesManager.getModule(SystemModulesManager.java:416)
	at com.python.pydev.analysis.additionalinfo.AbstractAdditionalDependencyInfo.updateKeysIfNeededAndSave(AbstractAdditionalDependencyInfo.java:260)
	at com.python.pydev.analysis.system_info_builder.InterpreterInfoBuilder.syncInfoToPythonPath(InterpreterInfoBuilder.java:171)
	at com.python.pydev.analysis.system_info_builder.InterpreterInfoBuilder.syncInfoToPythonPath(InterpreterInfoBuilder.java:97)
	at com.python.pydev.analysis.system_info_builder.InterpreterInfoBuilder.syncInfoToPythonPath(InterpreterInfoBuilder.java:83)
	at org.python.pydev.ast.codecompletion.revisited.SyncSystemModulesManager.synchronizeManagerToNameToInfoPythonpath(SyncSystemModulesManager.java:392)
	at org.python.pydev.ast.codecompletion.revisited.SyncSystemModulesManagerScheduler$SynchJob.run(SyncSystemModulesManagerScheduler.java:257)
	at org.eclipse.core.internal.jobs.Worker.run(Worker.java:63)

!ENTRY org.python.pydev.shared_core 4 4 2022-07-06 10:11:47.521
!MESSAGE Did not expect to find item below node: Assign[targets=[Name[id=ua, ctx=Store, reserved=false]], value=null, type=null] (module: test_pySmartDL.py file: C:\Users\USER\anaconda3\Lib\site-packages\test\test_pySmartDL.py row: 161).
!STACK 0
java.lang.RuntimeException: Did not expect to find item below node: Assign[targets=[Name[id=ua, ctx=Store, reserved=false]], value=null, type=null] (module: test_pySmartDL.py file: C:\Users\USER\anaconda3\Lib\site-packages\test\test_pySmartDL.py row: 161).
	at org.python.pydev.core.log.Log.log(Log.java:33)
	at org.python.pydev.parser.fastparser.FastDefinitionsParser.endScopesInStack(FastDefinitionsParser.java:631)
	at org.python.pydev.parser.fastparser.FastDefinitionsParser.handleNewLine(FastDefinitionsParser.java:415)
	at org.python.pydev.parser.fastparser.FastDefinitionsParser.extractBody(FastDefinitionsParser.java:259)
	at org.python.pydev.parser.fastparser.FastDefinitionsParser.parse(FastDefinitionsParser.java:698)
	at com.python.pydev.analysis.additionalinfo.AbstractAdditionalTokensInfo.addAstInfo(AbstractAdditionalTokensInfo.java:328)
	at com.python.pydev.analysis.additionalinfo.AbstractAdditionalInfoWithBuild.restoreInfoForModuleManager(AbstractAdditionalInfoWithBuild.java:264)
	at com.python.pydev.analysis.additionalinfo.AdditionalSystemInterpreterInfo.recreateAllInfo(AdditionalSystemInterpreterInfo.java:194)
	at com.python.pydev.analysis.additionalinfo.builders.InterpreterObserver.notifyDefaultPythonpathRestored(InterpreterObserver.java:36)
	at org.python.pydev.ast.interpreter_managers.AbstractInterpreterManager.restorePythopathForInterpreters(AbstractInterpreterManager.java:668)
	at org.python.pydev.ast.interpreter_managers.AbstractInterpreterManager.setInfos(AbstractInterpreterManager.java:586)
	at org.python.pydev.ui.pythonpathconf.AbstractInterpreterEditor$13.run(AbstractInterpreterEditor.java:1192)
	at org.eclipse.jface.operation.ModalContext$ModalContextThread.run(ModalContext.java:122)

!ENTRY org.python.pydev.shared_core 4 4 2022-07-06 10:12:30.910
!MESSAGE ERROR reading shell. Message sent: @@IMPORTS:astropy.convolution._convolve
END@@

ProcessInfo:

 - Executed: C:\Users\USER\anaconda3\python.exe -u C:\LYK\sts-4.13.1.RELEASE\plugins\org.python.pydev.core_9.3.0.202203051235\pysrc\pycompletionserver.py 2626

 - Environment:
ADSK_3DSMAX_X64_2017=C:\Program Files\Autodesk\3ds Max 2017\
ADSK_CLM_WPAD_PROXY_CHECK=FALSE
ALLUSERSPROFILE=C:\ProgramData
APPDATA=C:\Users\USER\AppData\Roaming
AV_APPDATA=C:\Users\USER\AppData\Roaming
CM2014DIR=C:\Program Files (x86)\Common Files\Autodesk Shared\Materials\
CM2015DIR=C:\Program Files (x86)\Common Files\Autodesk Shared\Materials\
COMMONPROGRAMFILES(X86)=C:\Program Files (x86)\Common Files
COMMONPROGRAMFILES=C:\Program Files\Common Files
COMMONPROGRAMW6432=C:\Program Files\Common Files
COMPUTERNAME=DESKTOP-8ON27CG
COMSPEC=C:\WINDOWS\system32\cmd.exe
CUDA_CACHE_MAXSIZE=268435456
DRIVERDATA=C:\Windows\System32\Drivers\DriverData
FPS_BROWSER_APP_PROFILE_STRING=Internet Explorer
FPS_BROWSER_USER_PROFILE_STRING=Default
HOMEDRIVE=C:
HOMEPATH=\Users\USER
ILBDIR=C:\Program Files (x86)\Common Files\Autodesk Shared\Materials\
JAVA_HOME=C:\Program Files\Java\jdk1.8.0_321
LOCALAPPDATA=C:\Users\USER\AppData\Local
LOGONSERVER=\\DESKTOP-8ON27CG
NUMBER_OF_PROCESSORS=16
NVM_HOME=C:\Users\USER\AppData\Roaming\nvm
NVM_SYMLINK=C:\Program Files\nodejs
ONEDRIVE=C:\Users\USER\OneDrive
OPCODE6DIR64=C:\Program Files\Csound6_x64\plugins64\
OS=Windows_NT
PATH=C:\Program Files (x86)\Common Files\Oracle\Java\javapath;C:\oraclexe\app\oracle\product\11.2.0\server\bin;C:\WINDOWS\system32;C:\WINDOWS;C:\WINDOWS\System32\Wbem;C:\WINDOWS\System32\WindowsPowerShell\v1.0\;C:\WINDOWS\System32\OpenSSH\;C:\Program Files\Common Files\Autodesk Shared\;C:\MinGW\bin;C:\Program Files\Java\jdk1.8.0_321\bin;C:\Program Files\Csound6_x64\bin;C:\Users\USER\AppData\Roaming\nvm;C:\Program Files\nodejs;C:\Program Files\Git\cmd;C:\mongodb5\bin;C:\Users\USER\anaconda3;C:\Users\USER\anaconda3\Library\mingw-w64\bin;C:\Users\USER\anaconda3\Library\usr\bin;C:\Users\USER\anaconda3\Library\bin;C:\Users\USER\anaconda3\Scripts;C:\Program Files\MySQL\MySQL Shell 8.0\bin\;C:\Users\USER\AppData\Local\Microsoft\WindowsApps;C:\Program Files\Bandizip\;C:\Users\USER\AppData\Local\atom\bin;C:\Users\USER\AppData\Roaming\npm;C:\Users\USER\AppData\Local\Programs\Microsoft VS Code\bin;C:\Program Files\Java\jdk1.8.0_321\bin;C:\Users\USER\AppData\Roaming\nvm;C:\Program Files\nodejs;
PATHEXT=.COM;.EXE;.BAT;.CMD;.VBS;.VBE;.JS;.JSE;.WSF;.WSH;.MSC
PROCESSOR_ARCHITECTURE=AMD64
PROCESSOR_IDENTIFIER=AMD64 Family 23 Model 113 Stepping 0, AuthenticAMD
PROCESSOR_LEVEL=23
PROCESSOR_REVISION=7100
PROGRAMDATA=C:\ProgramData
PROGRAMFILES(X86)=C:\Program Files (x86)
PROGRAMFILES=C:\Program Files
PROGRAMW6432=C:\Program Files
PROMPT=$P$G
PSMODULEPATH=C:\Program Files\WindowsPowerShell\Modules;C:\WINDOWS\system32\WindowsPowerShell\v1.0\Modules
PUBLIC=C:\Users\Public
PYTHONPATH=C:\LYK\sts-4.13.1.RELEASE\plugins\org.python.pydev.core_9.3.0.202203051235\pysrc\pydev_sitecustomize;C:\Program Files\Csound6_x64\bin;C:\LYK\sts-4.13.1.RELEASE;C:\Users\USER\anaconda3\DLLs;C:\Users\USER\anaconda3\lib;C:\Users\USER\anaconda3;C:\Users\USER\anaconda3\lib\site-packages;C:\Users\USER\anaconda3\lib\site-packages\win32;C:\Users\USER\anaconda3\lib\site-packages\win32\lib;C:\Users\USER\anaconda3\lib\site-packages\Pythonwin
RAWWAVE_PATH=C:\Program Files\Csound6_x64\samples\
SESSIONNAME=Console
SYSTEMDRIVE=C:
SYSTEMROOT=C:\WINDOWS
TEMP=C:\Users\USER\AppData\Local\Temp
TMP=C:\Users\USER\AppData\Local\Temp
USERDOMAIN=DESKTOP-8ON27CG
USERDOMAIN_ROAMINGPROFILE=DESKTOP-8ON27CG
USERNAME=USER
USERPROFILE=C:\Users\USER
VRAY30_RT_FOR_3DSMAX2017_MAIN_X64=C:\Program Files\Chaos Group\V-Ray\RT for 3ds Max 2017 for x64/bin
VRAY30_RT_FOR_3DSMAX2017_PLUGINS_X64=C:\Program Files\Chaos Group\V-Ray\RT for 3ds Max 2017 for x64/bin/plugins
VRAY_MDL_PATH_3DSMAX2017_X64=C:\Program Files\Chaos Group\V-Ray\3dsmax 2017 for x64\mdl
VRAY_OSL_PATH_3DSMAX2017_X64=C:\Program Files\Chaos Group\V-Ray\3dsmax 2017 for x64\opensl
VRAY_SEND_FEEDBACK=0
WINDIR=C:\WINDOWS

 - Working Dir:
C:\LYK\sts-4.13.1.RELEASE\plugins\org.python.pydev.core_9.3.0.202203051235\pysrc

 - OS:
Windows 10

 - Std output:


 - Err output:

!STACK 0
java.io.IOException:       
	at java.base/sun.nio.ch.SocketDispatcher.read0(Native Method)
	at java.base/sun.nio.ch.SocketDispatcher.read(SocketDispatcher.java:43)
	at java.base/sun.nio.ch.IOUtil.readIntoNativeBuffer(IOUtil.java:276)
	at java.base/sun.nio.ch.IOUtil.read(IOUtil.java:245)
	at java.base/sun.nio.ch.IOUtil.read(IOUtil.java:223)
	at java.base/sun.nio.ch.SocketChannelImpl.read(SocketChannelImpl.java:355)
	at java.base/sun.nio.ch.SocketAdaptor$SocketInputStream.read(SocketAdaptor.java:210)
	at java.base/sun.nio.ch.ChannelInputStream.read(ChannelInputStream.java:101)
	at java.base/java.io.InputStream.read(InputStream.java:205)
	at org.python.pydev.ast.codecompletion.shell.AbstractShell.read(AbstractShell.java:457)
	at org.python.pydev.ast.codecompletion.shell.AbstractShell.read(AbstractShell.java:515)
	at org.python.pydev.ast.codecompletion.shell.AbstractShell.writeAndGetResults(AbstractShell.java:710)
	at org.python.pydev.ast.codecompletion.shell.AbstractShell.writeAndGetResults(AbstractShell.java:702)
	at org.python.pydev.ast.codecompletion.shell.CompletionsShell.getImportCompletions(CompletionsShell.java:63)
	at org.python.pydev.ast.codecompletion.revisited.modules.CompiledModule.createTokensFromServer(CompiledModule.java:378)
	at org.python.pydev.ast.codecompletion.revisited.modules.CompiledModule.<init>(CompiledModule.java:180)
	at org.python.pydev.ast.codecompletion.revisited.SystemModulesManager.getBuiltinModule(SystemModulesManager.java:363)
	at org.python.pydev.ast.codecompletion.revisited.SystemModulesManager.getModule(SystemModulesManager.java:416)
	at com.python.pydev.analysis.additionalinfo.AbstractAdditionalDependencyInfo.updateKeysIfNeededAndSave(AbstractAdditionalDependencyInfo.java:260)
	at com.python.pydev.analysis.system_info_builder.InterpreterInfoBuilder.syncInfoToPythonPath(InterpreterInfoBuilder.java:171)
	at com.python.pydev.analysis.system_info_builder.InterpreterInfoBuilder.syncInfoToPythonPath(InterpreterInfoBuilder.java:97)
	at com.python.pydev.analysis.system_info_builder.InterpreterInfoBuilder.syncInfoToPythonPath(InterpreterInfoBuilder.java:83)
	at org.python.pydev.ast.codecompletion.revisited.SyncSystemModulesManager.synchronizeManagerToNameToInfoPythonpath(SyncSystemModulesManager.java:392)
	at org.python.pydev.ast.codecompletion.revisited.SyncSystemModulesManagerScheduler$SynchJob.run(SyncSystemModulesManagerScheduler.java:257)
	at org.eclipse.core.internal.jobs.Worker.run(Worker.java:63)

!ENTRY org.python.pydev.shared_core 4 4 2022-07-06 10:13:28.045
!MESSAGE Info: Rebuilding internal caches: C:\LYK\work\new\.metadata\.plugins\org.eclipse.core.resources\.projects\mysite\com.python.pydev.analysis\AdditionalProjectInterpreterInfo.pydevinfo (Expected error to be provided and got no error!)

!ENTRY org.eclipse.jface 2 0 2022-07-06 10:19:01.640
!MESSAGE Keybinding conflicts occurred.  They may interfere with normal accelerator operation.
!SUBENTRY 1 org.eclipse.jface 2 0 2022-07-06 10:19:01.641
!MESSAGE A conflict occurred for CTRL+SHIFT+C:
Binding(CTRL+SHIFT+C,
	ParameterizedCommand(Command(org.eclipse.tm4e.languageconfiguration.togglelinecommentcommand,Toggle Line Comment,
		,
		Category(org.eclipse.tm4e.languageconfiguration.category,TM4E Language Configuration,null,true),
		org.eclipse.ui.internal.WorkbenchHandlerServiceHandler@7211ab39,
		,,true),null),
	org.eclipse.ui.defaultAcceleratorConfiguration,
	org.eclipse.ui.textEditorScope,,,system)
Binding(CTRL+SHIFT+C,
	ParameterizedCommand(Command(org.springframework.tooling.boot.ls.ToggleComment,Toggle Comment,
		,
		Category(org.springframework.ide.eclipse.commands,Spring Generic Text Editor,Spring Language Server Commands,true),
		org.eclipse.ui.internal.WorkbenchHandlerServiceHandler@3c1c984f,
		,,true),null),
	org.eclipse.ui.defaultAcceleratorConfiguration,
	org.eclipse.ui.textEditorScope,,,system)
!SESSION 2022-07-06 10:20:16.626 -----------------------------------------------
eclipse.buildId=4.13.1.202201311654
java.version=11.0.14
java.vendor=Oracle Corporation
BootLoader constants: OS=win32, ARCH=x86_64, WS=win32, NL=ko_KR

!ENTRY org.eclipse.osgi 4 0 2022-07-06 10:20:17.028
!MESSAGE The -clean (osgi.clean) option was not successful. Unable to clean the storage area: C:\LYK\sts-4.13.1.RELEASE\configuration\org.eclipse.osgi

!ENTRY org.eclipse.jface 2 0 2022-07-06 10:20:24.349
!MESSAGE Keybinding conflicts occurred.  They may interfere with normal accelerator operation.
!SUBENTRY 1 org.eclipse.jface 2 0 2022-07-06 10:20:24.350
!MESSAGE A conflict occurred for CTRL+SHIFT+T:
Binding(CTRL+SHIFT+T,
	ParameterizedCommand(Command(org.eclipse.jdt.ui.navigate.open.type,Open Type,
		Open a type in a Java editor,
		Category(org.eclipse.ui.category.navigate,Navigate,null,true),
		org.eclipse.ui.internal.WorkbenchHandlerServiceHandler@3f2feab7,
		,,true),null),
	org.eclipse.ui.defaultAcceleratorConfiguration,
	org.eclipse.ui.contexts.window,,,system)
Binding(CTRL+SHIFT+T,
	ParameterizedCommand(Command(org.eclipse.lsp4e.symbolinworkspace,Go to Symbol in Workspace,
		,
		Category(org.eclipse.lsp4e.category,Language Servers,null,true),
		org.eclipse.ui.internal.WorkbenchHandlerServiceHandler@8b71052,
		,,true),null),
	org.eclipse.ui.defaultAcceleratorConfiguration,
	org.eclipse.ui.contexts.window,,,system)
!SUBENTRY 1 org.eclipse.jface 2 0 2022-07-06 10:20:24.350
!MESSAGE A conflict occurred for ALT+SHIFT+R:
Binding(ALT+SHIFT+R,
	ParameterizedCommand(Command(org.eclipse.jdt.ui.edit.text.java.rename.element,Rename - Refactoring ,
		Rename the selected element,
		Category(org.eclipse.jdt.ui.category.refactoring,Refactor - Java,Java Refactoring Actions,true),
		org.eclipse.ui.internal.WorkbenchHandlerServiceHandler@2738a1fc,
		,,true),null),
	org.eclipse.ui.defaultAcceleratorConfiguration,
	org.eclipse.ui.contexts.window,,,system)
Binding(ALT+SHIFT+R,
	ParameterizedCommand(Command(org.eclipse.ui.edit.rename,Rename,
		Rename the selected item,
		Category(org.eclipse.ui.category.file,File,null,true),
		org.eclipse.ui.internal.WorkbenchHandlerServiceHandler@6d7d0946,
		,,true),null),
	org.eclipse.ui.defaultAcceleratorConfiguration,
	org.eclipse.ui.contexts.window,,,system)

!ENTRY org.eclipse.mylyn.tasks.core 4 0 2022-07-06 10:20:24.946
!MESSAGE Unexpected error while loading repository template extensions
!SUBENTRY 1 org.eclipse.mylyn.tasks.core 4 0 2022-07-06 10:20:24.946
!MESSAGE Could not load repository template extension contributed by 'org.eclipse.mylyn.bugzilla.ide' with connectorKind 'bugzilla'

!ENTRY org.eclipse.jface 2 0 2022-07-06 10:20:27.183
!MESSAGE Keybinding conflicts occurred.  They may interfere with normal accelerator operation.
!SUBENTRY 1 org.eclipse.jface 2 0 2022-07-06 10:20:27.183
!MESSAGE A conflict occurred for CTRL+SHIFT+C:
Binding(CTRL+SHIFT+C,
	ParameterizedCommand(Command(org.eclipse.tm4e.languageconfiguration.togglelinecommentcommand,Toggle Line Comment,
		,
		Category(org.eclipse.tm4e.languageconfiguration.category,TM4E Language Configuration,null,true),
		org.eclipse.ui.internal.WorkbenchHandlerServiceHandler@25b2d26a,
		,,true),null),
	org.eclipse.ui.defaultAcceleratorConfiguration,
	org.eclipse.ui.textEditorScope,,,system)
Binding(CTRL+SHIFT+C,
	ParameterizedCommand(Command(org.springframework.tooling.boot.ls.ToggleComment,Toggle Comment,
		,
		Category(org.springframework.ide.eclipse.commands,Spring Generic Text Editor,Spring Language Server Commands,true),
		org.eclipse.ui.internal.WorkbenchHandlerServiceHandler@6d67e03,
		,,true),null),
	org.eclipse.ui.defaultAcceleratorConfiguration,
	org.eclipse.ui.textEditorScope,,,system)

!ENTRY org.eclipse.egit.ui 2 0 2022-07-06 10:20:27.450
!MESSAGE Warning: The environment variable HOME is not set. The following directory will be used to store the Git
user global configuration and to define the default location to store repositories: 'C:\Users\USER'. If this is
not correct please set the HOME environment variable and restart Eclipse. Otherwise Git for Windows and
EGit might behave differently since they see different configuration options.
This warning can be switched off on the Team > Git > Confirmations and Warnings preference page.

!ENTRY org.python.pydev.shared_core 1 1 2022-07-06 10:20:28.189
!MESSAGE Info: Rebuilding internal caches: C:\LYK\work\new\.metadata\.plugins\com.python.pydev.analysis\python_v1_2sb3y5qzm8gpqetykgbv4e728\python.pydevsysteminfo
!STACK 0
java.lang.RuntimeException: Unable to read: C:\LYK\work\new\.metadata\.plugins\com.python.pydev.analysis\python_v1_2sb3y5qzm8gpqetykgbv4e728\python.pydevsysteminfo
	at com.python.pydev.analysis.additionalinfo.AbstractAdditionalDependencyInfo.load(AbstractAdditionalDependencyInfo.java:428)
	at com.python.pydev.analysis.additionalinfo.AdditionalSystemInterpreterInfo.getAdditionalSystemInfo(AdditionalSystemInterpreterInfo.java:168)
	at com.python.pydev.analysis.additionalinfo.AdditionalSystemInterpreterInfo.getAdditionalSystemInfo(AdditionalSystemInterpreterInfo.java:139)
	at com.python.pydev.analysis.additionalinfo.AdditionalProjectInterpreterInfo.getAdditionalInfoAndNature(AdditionalProjectInterpreterInfo.java:175)
	at com.python.pydev.analysis.additionalinfo.AdditionalProjectInterpreterInfo.getAdditionalInfoAndNature(AdditionalProjectInterpreterInfo.java:160)
	at com.python.pydev.analysis.additionalinfo.AdditionalProjectInterpreterInfo.getAdditionalInfo(AdditionalProjectInterpreterInfo.java:147)
	at com.python.pydev.analysis.additionalinfo.AdditionalProjectInterpreterInfo.getAdditionalInfo(AdditionalProjectInterpreterInfo.java:137)
	at com.python.pydev.analysis.builder.PreloadAdditionalInfoPyEditListener$1.run(PreloadAdditionalInfoPyEditListener.java:70)
	at org.eclipse.core.internal.jobs.Worker.run(Worker.java:63)
Caused by: java.lang.NumberFormatException: Error getting positive int from: class LIEF::ref_iterator<class std::vector<class LIEF::ELF::Section 
	at org.python.pydev.shared_core.string.StringUtils.parsePositiveInt(StringUtils.java:389)
	at com.python.pydev.analysis.additionalinfo.TreeIO.loadTreeFrom(TreeIO.java:247)
	at com.python.pydev.analysis.additionalinfo.AbstractAdditionalDependencyInfo.loadContentsFromFile(AbstractAdditionalDependencyInfo.java:475)
	at com.python.pydev.analysis.additionalinfo.AbstractAdditionalDependencyInfo.load(AbstractAdditionalDependencyInfo.java:426)
	... 8 more

!ENTRY org.eclipse.core.jobs 2 2 2022-07-06 10:20:50.024
!MESSAGE Job found still running after platform shutdown.  Jobs should be canceled by the plugin that scheduled them during shutdown: com.python.pydev.analysis.builder.PreloadAdditionalInfoPyEditListener$1
!SESSION 2022-07-06 10:20:50.639 -----------------------------------------------
eclipse.buildId=4.13.1.202201311654
java.version=11.0.14
java.vendor=Oracle Corporation
BootLoader constants: OS=win32, ARCH=x86_64, WS=win32, NL=ko_KR

!ENTRY org.eclipse.osgi 4 0 2022-07-06 10:20:51.025
!MESSAGE The -clean (osgi.clean) option was not successful. Unable to clean the storage area: C:\LYK\sts-4.13.1.RELEASE\configuration\org.eclipse.osgi

!ENTRY org.eclipse.jface 2 0 2022-07-06 10:20:58.352
!MESSAGE Keybinding conflicts occurred.  They may interfere with normal accelerator operation.
!SUBENTRY 1 org.eclipse.jface 2 0 2022-07-06 10:20:58.352
!MESSAGE A conflict occurred for CTRL+SHIFT+T:
Binding(CTRL+SHIFT+T,
	ParameterizedCommand(Command(org.eclipse.jdt.ui.navigate.open.type,Open Type,
		Open a type in a Java editor,
		Category(org.eclipse.ui.category.navigate,Navigate,null,true),
		org.eclipse.ui.internal.WorkbenchHandlerServiceHandler@1a5c0b8,
		,,true),null),
	org.eclipse.ui.defaultAcceleratorConfiguration,
	org.eclipse.ui.contexts.window,,,system)
Binding(CTRL+SHIFT+T,
	ParameterizedCommand(Command(org.eclipse.lsp4e.symbolinworkspace,Go to Symbol in Workspace,
		,
		Category(org.eclipse.lsp4e.category,Language Servers,null,true),
		org.eclipse.ui.internal.WorkbenchHandlerServiceHandler@6894436e,
		,,true),null),
	org.eclipse.ui.defaultAcceleratorConfiguration,
	org.eclipse.ui.contexts.window,,,system)
!SUBENTRY 1 org.eclipse.jface 2 0 2022-07-06 10:20:58.352
!MESSAGE A conflict occurred for ALT+SHIFT+R:
Binding(ALT+SHIFT+R,
	ParameterizedCommand(Command(org.eclipse.jdt.ui.edit.text.java.rename.element,Rename - Refactoring ,
		Rename the selected element,
		Category(org.eclipse.jdt.ui.category.refactoring,Refactor - Java,Java Refactoring Actions,true),
		org.eclipse.ui.internal.WorkbenchHandlerServiceHandler@3f2feab7,
		,,true),null),
	org.eclipse.ui.defaultAcceleratorConfiguration,
	org.eclipse.ui.contexts.window,,,system)
Binding(ALT+SHIFT+R,
	ParameterizedCommand(Command(org.eclipse.ui.edit.rename,Rename,
		Rename the selected item,
		Category(org.eclipse.ui.category.file,File,null,true),
		org.eclipse.ui.internal.WorkbenchHandlerServiceHandler@8b71052,
		,,true),null),
	org.eclipse.ui.defaultAcceleratorConfiguration,
	org.eclipse.ui.contexts.window,,,system)

!ENTRY org.eclipse.mylyn.tasks.core 4 0 2022-07-06 10:20:58.944
!MESSAGE Unexpected error while loading repository template extensions
!SUBENTRY 1 org.eclipse.mylyn.tasks.core 4 0 2022-07-06 10:20:58.944
!MESSAGE Could not load repository template extension contributed by 'org.eclipse.mylyn.bugzilla.ide' with connectorKind 'bugzilla'

!ENTRY org.eclipse.egit.ui 2 0 2022-07-06 10:21:01.469
!MESSAGE Warning: The environment variable HOME is not set. The following directory will be used to store the Git
user global configuration and to define the default location to store repositories: 'C:\Users\USER'. If this is
not correct please set the HOME environment variable and restart Eclipse. Otherwise Git for Windows and
EGit might behave differently since they see different configuration options.
This warning can be switched off on the Team > Git > Confirmations and Warnings preference page.

!ENTRY org.python.pydev.shared_core 1 1 2022-07-06 10:21:02.267
!MESSAGE Info: Rebuilding internal caches: C:\LYK\work\new\.metadata\.plugins\com.python.pydev.analysis\python_v1_2sb3y5qzm8gpqetykgbv4e728\python.pydevsysteminfo
!STACK 0
java.lang.RuntimeException: Unable to read: C:\LYK\work\new\.metadata\.plugins\com.python.pydev.analysis\python_v1_2sb3y5qzm8gpqetykgbv4e728\python.pydevsysteminfo
	at com.python.pydev.analysis.additionalinfo.AbstractAdditionalDependencyInfo.load(AbstractAdditionalDependencyInfo.java:428)
	at com.python.pydev.analysis.additionalinfo.AdditionalSystemInterpreterInfo.getAdditionalSystemInfo(AdditionalSystemInterpreterInfo.java:168)
	at com.python.pydev.analysis.additionalinfo.AdditionalSystemInterpreterInfo.getAdditionalSystemInfo(AdditionalSystemInterpreterInfo.java:139)
	at com.python.pydev.analysis.additionalinfo.AdditionalProjectInterpreterInfo.getAdditionalInfoAndNature(AdditionalProjectInterpreterInfo.java:175)
	at com.python.pydev.analysis.additionalinfo.AdditionalProjectInterpreterInfo.getAdditionalInfoAndNature(AdditionalProjectInterpreterInfo.java:160)
	at com.python.pydev.analysis.additionalinfo.AdditionalProjectInterpreterInfo.getAdditionalInfo(AdditionalProjectInterpreterInfo.java:147)
	at com.python.pydev.analysis.additionalinfo.AdditionalProjectInterpreterInfo.getAdditionalInfo(AdditionalProjectInterpreterInfo.java:137)
	at com.python.pydev.analysis.builder.PreloadAdditionalInfoPyEditListener$1.run(PreloadAdditionalInfoPyEditListener.java:70)
	at org.eclipse.core.internal.jobs.Worker.run(Worker.java:63)
Caused by: java.lang.NumberFormatException: Error getting positive int from: class LIEF::ref_iterator<class std::vector<class LIEF::ELF::Section 
	at org.python.pydev.shared_core.string.StringUtils.parsePositiveInt(StringUtils.java:389)
	at com.python.pydev.analysis.additionalinfo.TreeIO.loadTreeFrom(TreeIO.java:247)
	at com.python.pydev.analysis.additionalinfo.AbstractAdditionalDependencyInfo.loadContentsFromFile(AbstractAdditionalDependencyInfo.java:475)
	at com.python.pydev.analysis.additionalinfo.AbstractAdditionalDependencyInfo.load(AbstractAdditionalDependencyInfo.java:426)
	... 8 more

!ENTRY org.python.pydev.shared_core 4 4 2022-07-06 10:21:34.697
!MESSAGE Did not expect to find item below node: Assign[targets=[Name[id=ua, ctx=Store, reserved=false]], value=null, type=null] (module: test_pySmartDL.py file: C:\Users\USER\anaconda3\Lib\site-packages\test\test_pySmartDL.py row: 161).
!STACK 0
java.lang.RuntimeException: Did not expect to find item below node: Assign[targets=[Name[id=ua, ctx=Store, reserved=false]], value=null, type=null] (module: test_pySmartDL.py file: C:\Users\USER\anaconda3\Lib\site-packages\test\test_pySmartDL.py row: 161).
	at org.python.pydev.core.log.Log.log(Log.java:33)
	at org.python.pydev.parser.fastparser.FastDefinitionsParser.endScopesInStack(FastDefinitionsParser.java:631)
	at org.python.pydev.parser.fastparser.FastDefinitionsParser.handleNewLine(FastDefinitionsParser.java:415)
	at org.python.pydev.parser.fastparser.FastDefinitionsParser.extractBody(FastDefinitionsParser.java:259)
	at org.python.pydev.parser.fastparser.FastDefinitionsParser.parse(FastDefinitionsParser.java:698)
	at com.python.pydev.analysis.additionalinfo.AbstractAdditionalTokensInfo.addAstInfo(AbstractAdditionalTokensInfo.java:328)
	at com.python.pydev.analysis.additionalinfo.AbstractAdditionalInfoWithBuild.restoreInfoForModuleManager(AbstractAdditionalInfoWithBuild.java:264)
	at com.python.pydev.analysis.additionalinfo.AdditionalSystemInterpreterInfo.recreateAllInfo(AdditionalSystemInterpreterInfo.java:194)
	at com.python.pydev.analysis.additionalinfo.AdditionalSystemInterpreterInfo.getAdditionalSystemInfo(AdditionalSystemInterpreterInfo.java:170)
	at com.python.pydev.analysis.additionalinfo.AdditionalSystemInterpreterInfo.getAdditionalSystemInfo(AdditionalSystemInterpreterInfo.java:139)
	at com.python.pydev.analysis.additionalinfo.AdditionalProjectInterpreterInfo.getAdditionalInfoAndNature(AdditionalProjectInterpreterInfo.java:175)
	at com.python.pydev.analysis.additionalinfo.AdditionalProjectInterpreterInfo.getAdditionalInfoAndNature(AdditionalProjectInterpreterInfo.java:160)
	at com.python.pydev.analysis.additionalinfo.AdditionalProjectInterpreterInfo.getAdditionalInfo(AdditionalProjectInterpreterInfo.java:147)
	at com.python.pydev.analysis.additionalinfo.AdditionalProjectInterpreterInfo.getAdditionalInfo(AdditionalProjectInterpreterInfo.java:137)
	at com.python.pydev.analysis.builder.PreloadAdditionalInfoPyEditListener$1.run(PreloadAdditionalInfoPyEditListener.java:70)
	at org.eclipse.core.internal.jobs.Worker.run(Worker.java:63)

!ENTRY org.eclipse.jface 2 0 2022-07-06 10:21:57.737
!MESSAGE Keybinding conflicts occurred.  They may interfere with normal accelerator operation.
!SUBENTRY 1 org.eclipse.jface 2 0 2022-07-06 10:21:57.737
!MESSAGE A conflict occurred for CTRL+SHIFT+C:
Binding(CTRL+SHIFT+C,
	ParameterizedCommand(Command(org.eclipse.tm4e.languageconfiguration.togglelinecommentcommand,Toggle Line Comment,
		,
		Category(org.eclipse.tm4e.languageconfiguration.category,TM4E Language Configuration,null,true),
		org.eclipse.ui.internal.WorkbenchHandlerServiceHandler@41c77861,
		,,true),null),
	org.eclipse.ui.defaultAcceleratorConfiguration,
	org.eclipse.ui.textEditorScope,,,system)
Binding(CTRL+SHIFT+C,
	ParameterizedCommand(Command(org.springframework.tooling.boot.ls.ToggleComment,Toggle Comment,
		,
		Category(org.springframework.ide.eclipse.commands,Spring Generic Text Editor,Spring Language Server Commands,true),
		org.eclipse.ui.internal.WorkbenchHandlerServiceHandler@5f5a7737,
		,,true),null),
	org.eclipse.ui.defaultAcceleratorConfiguration,
	org.eclipse.ui.textEditorScope,,,system)

!ENTRY org.python.pydev.shared_core 4 4 2022-07-06 10:22:12.636
!MESSAGE ERROR reading shell. Message sent: @@IMPORTS:astropy.convolution._convolve
END@@

ProcessInfo:

 - Executed: C:\Users\USER\anaconda3\python.exe -u C:\LYK\sts-4.13.1.RELEASE\plugins\org.python.pydev.core_9.3.0.202203051235\pysrc\pycompletionserver.py 2711

 - Environment:
ADSK_3DSMAX_X64_2017=C:\Program Files\Autodesk\3ds Max 2017\
ADSK_CLM_WPAD_PROXY_CHECK=FALSE
ALLUSERSPROFILE=C:\ProgramData
APPDATA=C:\Users\USER\AppData\Roaming
AV_APPDATA=C:\Users\USER\AppData\Roaming
CM2014DIR=C:\Program Files (x86)\Common Files\Autodesk Shared\Materials\
CM2015DIR=C:\Program Files (x86)\Common Files\Autodesk Shared\Materials\
COMMONPROGRAMFILES(X86)=C:\Program Files (x86)\Common Files
COMMONPROGRAMFILES=C:\Program Files\Common Files
COMMONPROGRAMW6432=C:\Program Files\Common Files
COMPUTERNAME=DESKTOP-8ON27CG
COMSPEC=C:\WINDOWS\system32\cmd.exe
CUDA_CACHE_MAXSIZE=268435456
DRIVERDATA=C:\Windows\System32\Drivers\DriverData
FPS_BROWSER_APP_PROFILE_STRING=Internet Explorer
FPS_BROWSER_USER_PROFILE_STRING=Default
HOMEDRIVE=C:
HOMEPATH=\Users\USER
ILBDIR=C:\Program Files (x86)\Common Files\Autodesk Shared\Materials\
JAVA_HOME=C:\Program Files\Java\jdk1.8.0_321
LOCALAPPDATA=C:\Users\USER\AppData\Local
LOGONSERVER=\\DESKTOP-8ON27CG
NUMBER_OF_PROCESSORS=16
NVM_HOME=C:\Users\USER\AppData\Roaming\nvm
NVM_SYMLINK=C:\Program Files\nodejs
ONEDRIVE=C:\Users\USER\OneDrive
OPCODE6DIR64=C:\Program Files\Csound6_x64\plugins64\
OS=Windows_NT
PATH=C:\Program Files (x86)\Common Files\Oracle\Java\javapath;C:\oraclexe\app\oracle\product\11.2.0\server\bin;C:\WINDOWS\system32;C:\WINDOWS;C:\WINDOWS\System32\Wbem;C:\WINDOWS\System32\WindowsPowerShell\v1.0\;C:\WINDOWS\System32\OpenSSH\;C:\Program Files\Common Files\Autodesk Shared\;C:\MinGW\bin;C:\Program Files\Java\jdk1.8.0_321\bin;C:\Program Files\Csound6_x64\bin;C:\Users\USER\AppData\Roaming\nvm;C:\Program Files\nodejs;C:\Program Files\Git\cmd;C:\mongodb5\bin;C:\Users\USER\anaconda3;C:\Users\USER\anaconda3\Library\mingw-w64\bin;C:\Users\USER\anaconda3\Library\usr\bin;C:\Users\USER\anaconda3\Library\bin;C:\Users\USER\anaconda3\Scripts;C:\Program Files\MySQL\MySQL Shell 8.0\bin\;C:\Users\USER\AppData\Local\Microsoft\WindowsApps;C:\Program Files\Bandizip\;C:\Users\USER\AppData\Local\atom\bin;C:\Users\USER\AppData\Roaming\npm;C:\Users\USER\AppData\Local\Programs\Microsoft VS Code\bin;C:\Program Files\Java\jdk1.8.0_321\bin;C:\Users\USER\AppData\Roaming\nvm;C:\Program Files\nodejs;
PATHEXT=.COM;.EXE;.BAT;.CMD;.VBS;.VBE;.JS;.JSE;.WSF;.WSH;.MSC
PROCESSOR_ARCHITECTURE=AMD64
PROCESSOR_IDENTIFIER=AMD64 Family 23 Model 113 Stepping 0, AuthenticAMD
PROCESSOR_LEVEL=23
PROCESSOR_REVISION=7100
PROGRAMDATA=C:\ProgramData
PROGRAMFILES(X86)=C:\Program Files (x86)
PROGRAMFILES=C:\Program Files
PROGRAMW6432=C:\Program Files
PROMPT=$P$G
PSMODULEPATH=C:\Program Files\WindowsPowerShell\Modules;C:\WINDOWS\system32\WindowsPowerShell\v1.0\Modules
PUBLIC=C:\Users\Public
PYTHONPATH=C:\LYK\sts-4.13.1.RELEASE\plugins\org.python.pydev.core_9.3.0.202203051235\pysrc\pydev_sitecustomize;C:\Program Files\Csound6_x64\bin;C:\LYK\sts-4.13.1.RELEASE;C:\Users\USER\anaconda3\DLLs;C:\Users\USER\anaconda3\lib;C:\Users\USER\anaconda3;C:\Users\USER\anaconda3\lib\site-packages;C:\Users\USER\anaconda3\lib\site-packages\win32;C:\Users\USER\anaconda3\lib\site-packages\win32\lib;C:\Users\USER\anaconda3\lib\site-packages\Pythonwin
RAWWAVE_PATH=C:\Program Files\Csound6_x64\samples\
SESSIONNAME=Console
SYSTEMDRIVE=C:
SYSTEMROOT=C:\WINDOWS
TEMP=C:\Users\USER\AppData\Local\Temp
TMP=C:\Users\USER\AppData\Local\Temp
USERDOMAIN=DESKTOP-8ON27CG
USERDOMAIN_ROAMINGPROFILE=DESKTOP-8ON27CG
USERNAME=USER
USERPROFILE=C:\Users\USER
VRAY30_RT_FOR_3DSMAX2017_MAIN_X64=C:\Program Files\Chaos Group\V-Ray\RT for 3ds Max 2017 for x64/bin
VRAY30_RT_FOR_3DSMAX2017_PLUGINS_X64=C:\Program Files\Chaos Group\V-Ray\RT for 3ds Max 2017 for x64/bin/plugins
VRAY_MDL_PATH_3DSMAX2017_X64=C:\Program Files\Chaos Group\V-Ray\3dsmax 2017 for x64\mdl
VRAY_OSL_PATH_3DSMAX2017_X64=C:\Program Files\Chaos Group\V-Ray\3dsmax 2017 for x64\opensl
VRAY_SEND_FEEDBACK=0
WINDIR=C:\WINDOWS

 - Working Dir:
C:\LYK\sts-4.13.1.RELEASE\plugins\org.python.pydev.core_9.3.0.202203051235\pysrc

 - OS:
Windows 10

 - Std output:


 - Err output:

!STACK 0
java.io.IOException:       
	at java.base/sun.nio.ch.SocketDispatcher.read0(Native Method)
	at java.base/sun.nio.ch.SocketDispatcher.read(SocketDispatcher.java:43)
	at java.base/sun.nio.ch.IOUtil.readIntoNativeBuffer(IOUtil.java:276)
	at java.base/sun.nio.ch.IOUtil.read(IOUtil.java:245)
	at java.base/sun.nio.ch.IOUtil.read(IOUtil.java:223)
	at java.base/sun.nio.ch.SocketChannelImpl.read(SocketChannelImpl.java:355)
	at java.base/sun.nio.ch.SocketAdaptor$SocketInputStream.read(SocketAdaptor.java:210)
	at java.base/sun.nio.ch.ChannelInputStream.read(ChannelInputStream.java:101)
	at java.base/java.io.InputStream.read(InputStream.java:205)
	at org.python.pydev.ast.codecompletion.shell.AbstractShell.read(AbstractShell.java:457)
	at org.python.pydev.ast.codecompletion.shell.AbstractShell.read(AbstractShell.java:515)
	at org.python.pydev.ast.codecompletion.shell.AbstractShell.writeAndGetResults(AbstractShell.java:710)
	at org.python.pydev.ast.codecompletion.shell.AbstractShell.writeAndGetResults(AbstractShell.java:702)
	at org.python.pydev.ast.codecompletion.shell.CompletionsShell.getImportCompletions(CompletionsShell.java:63)
	at org.python.pydev.ast.codecompletion.revisited.modules.CompiledModule.createTokensFromServer(CompiledModule.java:378)
	at org.python.pydev.ast.codecompletion.revisited.modules.CompiledModule.<init>(CompiledModule.java:180)
	at org.python.pydev.ast.codecompletion.revisited.SystemModulesManager.getBuiltinModule(SystemModulesManager.java:363)
	at org.python.pydev.ast.codecompletion.revisited.SystemModulesManager.getModule(SystemModulesManager.java:416)
	at com.python.pydev.analysis.additionalinfo.AbstractAdditionalDependencyInfo.updateKeysIfNeededAndSave(AbstractAdditionalDependencyInfo.java:260)
	at com.python.pydev.analysis.system_info_builder.InterpreterInfoBuilder.syncInfoToPythonPath(InterpreterInfoBuilder.java:171)
	at com.python.pydev.analysis.system_info_builder.InterpreterInfoBuilder.syncInfoToPythonPath(InterpreterInfoBuilder.java:97)
	at com.python.pydev.analysis.system_info_builder.InterpreterInfoBuilder.syncInfoToPythonPath(InterpreterInfoBuilder.java:83)
	at org.python.pydev.ast.codecompletion.revisited.SyncSystemModulesManager.synchronizeManagerToNameToInfoPythonpath(SyncSystemModulesManager.java:392)
	at org.python.pydev.ast.codecompletion.revisited.SyncSystemModulesManagerScheduler$SynchJob.run(SyncSystemModulesManagerScheduler.java:257)
	at org.eclipse.core.internal.jobs.Worker.run(Worker.java:63)

!ENTRY org.python.pydev.shared_core 4 4 2022-07-06 11:43:15.774
!MESSAGE Info: Rebuilding internal caches: C:\LYK\work\new\.metadata\.plugins\org.eclipse.core.resources\.projects\pyweb_board\com.python.pydev.analysis\AdditionalProjectInterpreterInfo.pydevinfo (Expected error to be provided and got no error!)

!ENTRY org.eclipse.lsp4e 4 0 2022-07-06 12:26:10.715
!MESSAGE TimeoutException
!STACK 0
java.util.concurrent.TimeoutException
	at java.base/java.util.concurrent.CompletableFuture.timedGet(CompletableFuture.java:1886)
	at java.base/java.util.concurrent.CompletableFuture.get(CompletableFuture.java:2021)
	at org.eclipse.lsp4e.LanguageServerWrapper.supportsWorkspaceFolderCapability(LanguageServerWrapper.java:550)
	at org.eclipse.lsp4e.LanguageServerWrapper.canOperate(LanguageServerWrapper.java:539)
	at org.eclipse.lsp4e.LanguageServerWrapper.canOperate(LanguageServerWrapper.java:872)
	at org.eclipse.lsp4e.LanguageServiceAccessor.lambda$6(LanguageServiceAccessor.java:361)
	at java.base/java.util.stream.ReferencePipeline$2$1.accept(ReferencePipeline.java:176)
	at java.base/java.util.stream.ReferencePipeline$2$1.accept(ReferencePipeline.java:177)
	at java.base/java.util.HashMap$KeySpliterator.forEachRemaining(HashMap.java:1620)
	at java.base/java.util.stream.AbstractPipeline.copyInto(AbstractPipeline.java:484)
	at java.base/java.util.stream.AbstractPipeline.wrapAndCopyInto(AbstractPipeline.java:474)
	at java.base/java.util.stream.ReduceOps$ReduceOp.evaluateSequential(ReduceOps.java:913)
	at java.base/java.util.stream.AbstractPipeline.evaluate(AbstractPipeline.java:234)
	at java.base/java.util.stream.ReferencePipeline.collect(ReferencePipeline.java:578)
	at org.eclipse.lsp4e.LanguageServiceAccessor.getLSWrappers(LanguageServiceAccessor.java:362)
	at org.eclipse.lsp4e.LanguageServiceAccessor.getLanguageServers(LanguageServiceAccessor.java:588)
	at org.eclipse.lsp4e.operations.color.DocumentColorProvider.provideCodeMinings(DocumentColorProvider.java:60)
	at org.eclipse.lsp4e.operations.color.DocumentColorProvider.provideCodeMinings(DocumentColorProvider.java:88)
	at org.eclipse.jface.internal.text.codemining.CodeMiningManager.lambda$2(CodeMiningManager.java:189)
	at java.base/java.util.stream.ReferencePipeline$3$1.accept(ReferencePipeline.java:195)
	at java.base/java.util.Spliterators$ArraySpliterator.forEachRemaining(Spliterators.java:948)
	at java.base/java.util.stream.AbstractPipeline.copyInto(AbstractPipeline.java:484)
	at java.base/java.util.stream.AbstractPipeline.wrapAndCopyInto(AbstractPipeline.java:474)
	at java.base/java.util.stream.ReduceOps$ReduceOp.evaluateSequential(ReduceOps.java:913)
	at java.base/java.util.stream.AbstractPipeline.evaluate(AbstractPipeline.java:234)
	at java.base/java.util.stream.ReferencePipeline.collect(ReferencePipeline.java:578)
	at org.eclipse.jface.internal.text.codemining.CodeMiningManager.getCodeMinings(CodeMiningManager.java:195)
	at org.eclipse.jface.internal.text.codemining.CodeMiningManager.updateCodeMinings(CodeMiningManager.java:140)
	at org.eclipse.jface.internal.text.codemining.CodeMiningManager.run(CodeMiningManager.java:129)
	at org.eclipse.jface.text.source.SourceViewer.updateCodeMinings(SourceViewer.java:1313)
	at org.eclipse.jface.text.source.SourceViewer.ensureCodeMiningManagerInstalled(SourceViewer.java:1301)
	at org.eclipse.jface.text.source.SourceViewer.setCodeMiningAnnotationPainter(SourceViewer.java:1320)
	at org.eclipse.ui.texteditor.SourceViewerDecorationSupport.showAnnotations(SourceViewerDecorationSupport.java:830)
	at org.eclipse.ui.texteditor.SourceViewerDecorationSupport.updateTextDecorations(SourceViewerDecorationSupport.java:301)
	at org.eclipse.ui.texteditor.SourceViewerDecorationSupport.install(SourceViewerDecorationSupport.java:269)
	at org.eclipse.ui.texteditor.AbstractDecoratedTextEditor.createPartControl(AbstractDecoratedTextEditor.java:456)
	at org.eclipse.wst.sse.ui.StructuredTextEditor.createPartControl(StructuredTextEditor.java:1598)
	at org.eclipse.ui.internal.e4.compatibility.CompatibilityPart.createPartControl(CompatibilityPart.java:158)
	at org.eclipse.ui.internal.e4.compatibility.CompatibilityEditor.createPartControl(CompatibilityEditor.java:96)
	at org.eclipse.ui.internal.e4.compatibility.CompatibilityPart.create(CompatibilityPart.java:365)
	at jdk.internal.reflect.GeneratedMethodAccessor151.invoke(Unknown Source)
	at java.base/jdk.internal.reflect.DelegatingMethodAccessorImpl.invoke(DelegatingMethodAccessorImpl.java:43)
	at java.base/java.lang.reflect.Method.invoke(Method.java:566)
	at org.eclipse.e4.core.internal.di.MethodRequestor.execute(MethodRequestor.java:58)
	at org.eclipse.e4.core.internal.di.InjectorImpl.processAnnotated(InjectorImpl.java:995)
	at org.eclipse.e4.core.internal.di.InjectorImpl.processAnnotated(InjectorImpl.java:960)
	at org.eclipse.e4.core.internal.di.InjectorImpl.internalInject(InjectorImpl.java:140)
	at org.eclipse.e4.core.internal.di.InjectorImpl.internalMake(InjectorImpl.java:403)
	at org.eclipse.e4.core.internal.di.InjectorImpl.make(InjectorImpl.java:330)
	at org.eclipse.e4.core.contexts.ContextInjectionFactory.make(ContextInjectionFactory.java:202)
	at org.eclipse.e4.ui.internal.workbench.ReflectionContributionFactory.createFromBundle(ReflectionContributionFactory.java:91)
	at org.eclipse.e4.ui.internal.workbench.ReflectionContributionFactory.doCreate(ReflectionContributionFactory.java:60)
	at org.eclipse.e4.ui.internal.workbench.ReflectionContributionFactory.create(ReflectionContributionFactory.java:42)
	at org.eclipse.e4.ui.workbench.renderers.swt.ContributedPartRenderer.createWidget(ContributedPartRenderer.java:132)
	at org.eclipse.e4.ui.internal.workbench.swt.PartRenderingEngine.createWidget(PartRenderingEngine.java:994)
	at org.eclipse.e4.ui.internal.workbench.swt.PartRenderingEngine.safeCreateGui(PartRenderingEngine.java:658)
	at org.eclipse.e4.ui.internal.workbench.swt.PartRenderingEngine.safeCreateGui(PartRenderingEngine.java:762)
	at org.eclipse.e4.ui.internal.workbench.swt.PartRenderingEngine$2.run(PartRenderingEngine.java:727)
	at org.eclipse.core.runtime.SafeRunner.run(SafeRunner.java:45)
	at org.eclipse.e4.ui.internal.workbench.swt.PartRenderingEngine.createGui(PartRenderingEngine.java:711)
	at org.eclipse.e4.ui.internal.workbench.PartServiceImpl.lambda$0(PartServiceImpl.java:105)
	at org.eclipse.e4.ui.services.internal.events.UIEventHandler.lambda$0(UIEventHandler.java:38)
	at org.eclipse.swt.widgets.Synchronizer.syncExec(Synchronizer.java:236)
	at org.eclipse.ui.internal.UISynchronizer.syncExec(UISynchronizer.java:133)
	at org.eclipse.swt.widgets.Display.syncExec(Display.java:4779)
	at org.eclipse.e4.ui.workbench.swt.DisplayUISynchronize.syncExec(DisplayUISynchronize.java:34)
	at org.eclipse.e4.ui.services.internal.events.UIEventHandler.handleEvent(UIEventHandler.java:38)
	at org.eclipse.equinox.internal.event.EventHandlerWrapper.handleEvent(EventHandlerWrapper.java:205)
	at org.eclipse.equinox.internal.event.EventHandlerTracker.dispatchEvent(EventHandlerTracker.java:203)
	at org.eclipse.equinox.internal.event.EventHandlerTracker.dispatchEvent(EventHandlerTracker.java:1)
	at org.eclipse.osgi.framework.eventmgr.EventManager.dispatchEvent(EventManager.java:228)
	at org.eclipse.osgi.framework.eventmgr.ListenerQueue.dispatchEventSynchronous(ListenerQueue.java:151)
	at org.eclipse.equinox.internal.event.EventAdminImpl.dispatchEvent(EventAdminImpl.java:133)
	at org.eclipse.equinox.internal.event.EventAdminImpl.sendEvent(EventAdminImpl.java:75)
	at org.eclipse.equinox.internal.event.EventComponent.sendEvent(EventComponent.java:44)
	at org.eclipse.e4.ui.services.internal.events.EventBroker.send(EventBroker.java:55)
	at org.eclipse.e4.ui.internal.workbench.UIEventPublisher.notifyChanged(UIEventPublisher.java:63)
	at org.eclipse.emf.common.notify.impl.BasicNotifierImpl.eNotify(BasicNotifierImpl.java:424)
	at org.eclipse.e4.ui.model.application.ui.impl.ElementContainerImpl.setSelectedElementGen(ElementContainerImpl.java:170)
	at org.eclipse.e4.ui.model.application.ui.impl.ElementContainerImpl.setSelectedElement(ElementContainerImpl.java:188)
	at org.eclipse.e4.ui.internal.workbench.ModelServiceImpl.showElementInWindow(ModelServiceImpl.java:660)
	at org.eclipse.e4.ui.internal.workbench.ModelServiceImpl.bringToTop(ModelServiceImpl.java:624)
	at org.eclipse.e4.ui.internal.workbench.PartServiceImpl.delegateBringToTop(PartServiceImpl.java:787)
	at org.eclipse.e4.ui.internal.workbench.PartServiceImpl.bringToTop(PartServiceImpl.java:401)
	at org.eclipse.e4.ui.internal.workbench.PartServiceImpl.showPart(PartServiceImpl.java:1261)
	at org.eclipse.ui.internal.WorkbenchPage.busyOpenEditor(WorkbenchPage.java:3208)
	at org.eclipse.ui.internal.WorkbenchPage.lambda$9(WorkbenchPage.java:3112)
	at org.eclipse.swt.custom.BusyIndicator.showWhile(BusyIndicator.java:74)
	at org.eclipse.ui.internal.WorkbenchPage.openEditor(WorkbenchPage.java:3110)
	at org.eclipse.ui.internal.WorkbenchPage.openEditor(WorkbenchPage.java:3080)
	at org.eclipse.ui.internal.WorkbenchPage.openEditor(WorkbenchPage.java:3071)
	at org.eclipse.ui.ide.IDE.openEditor(IDE.java:569)
	at org.eclipse.ui.ide.IDE.openEditor(IDE.java:524)
	at org.eclipse.wst.html.ui.internal.wizard.NewHTMLWizard$1.run(NewHTMLWizard.java:81)
	at org.eclipse.swt.widgets.RunnableLock.run(RunnableLock.java:40)
	at org.eclipse.swt.widgets.Synchronizer.runAsyncMessages(Synchronizer.java:185)
	at org.eclipse.swt.widgets.Display.runAsyncMessages(Display.java:4035)
	at org.eclipse.swt.widgets.Display.readAndDispatch(Display.java:3635)
	at org.eclipse.e4.ui.internal.workbench.swt.PartRenderingEngine$5.run(PartRenderingEngine.java:1154)
	at org.eclipse.core.databinding.observable.Realm.runWithDefault(Realm.java:338)
	at org.eclipse.e4.ui.internal.workbench.swt.PartRenderingEngine.run(PartRenderingEngine.java:1045)
	at org.eclipse.e4.ui.internal.workbench.E4Workbench.createAndRunUI(E4Workbench.java:155)
	at org.eclipse.ui.internal.Workbench.lambda$3(Workbench.java:644)
	at org.eclipse.core.databinding.observable.Realm.runWithDefault(Realm.java:338)
	at org.eclipse.ui.internal.Workbench.createAndRunWorkbench(Workbench.java:551)
	at org.eclipse.ui.PlatformUI.createAndRunWorkbench(PlatformUI.java:156)
	at org.eclipse.ui.internal.ide.application.IDEApplication.start(IDEApplication.java:152)
	at org.eclipse.equinox.internal.app.EclipseAppHandle.run(EclipseAppHandle.java:203)
	at org.eclipse.core.runtime.internal.adaptor.EclipseAppLauncher.runApplication(EclipseAppLauncher.java:136)
	at org.eclipse.core.runtime.internal.adaptor.EclipseAppLauncher.start(EclipseAppLauncher.java:104)
	at org.eclipse.core.runtime.adaptor.EclipseStarter.run(EclipseStarter.java:401)
	at org.eclipse.core.runtime.adaptor.EclipseStarter.run(EclipseStarter.java:255)
	at java.base/jdk.internal.reflect.NativeMethodAccessorImpl.invoke0(Native Method)
	at java.base/jdk.internal.reflect.NativeMethodAccessorImpl.invoke(NativeMethodAccessorImpl.java:62)
	at java.base/jdk.internal.reflect.DelegatingMethodAccessorImpl.invoke(DelegatingMethodAccessorImpl.java:43)
	at java.base/java.lang.reflect.Method.invoke(Method.java:566)
	at org.eclipse.equinox.launcher.Main.invokeFramework(Main.java:659)
	at org.eclipse.equinox.launcher.Main.basicRun(Main.java:596)
	at org.eclipse.equinox.launcher.Main.run(Main.java:1467)
	at org.eclipse.equinox.launcher.Main.main(Main.java:1440)

!ENTRY org.eclipse.lsp4e 4 0 2022-07-06 12:26:11.721
!MESSAGE TimeoutException
!STACK 0
java.util.concurrent.TimeoutException
	at java.base/java.util.concurrent.CompletableFuture.timedGet(CompletableFuture.java:1886)
	at java.base/java.util.concurrent.CompletableFuture.get(CompletableFuture.java:2021)
	at org.eclipse.lsp4e.LanguageServerWrapper.supportsWorkspaceFolderCapability(LanguageServerWrapper.java:550)
	at org.eclipse.lsp4e.LanguageServerWrapper.canOperate(LanguageServerWrapper.java:539)
	at org.eclipse.lsp4e.LanguageServerWrapper.canOperate(LanguageServerWrapper.java:872)
	at org.eclipse.lsp4e.LanguageServiceAccessor.lambda$7(LanguageServiceAccessor.java:379)
	at java.base/java.util.stream.MatchOps$1MatchSink.accept(MatchOps.java:90)
	at java.base/java.util.HashMap$KeySpliterator.tryAdvance(HashMap.java:1641)
	at java.base/java.util.stream.ReferencePipeline.forEachWithCancel(ReferencePipeline.java:127)
	at java.base/java.util.stream.AbstractPipeline.copyIntoWithCancel(AbstractPipeline.java:502)
	at java.base/java.util.stream.AbstractPipeline.copyInto(AbstractPipeline.java:488)
	at java.base/java.util.stream.AbstractPipeline.wrapAndCopyInto(AbstractPipeline.java:474)
	at java.base/java.util.stream.MatchOps$MatchOp.evaluateSequential(MatchOps.java:230)
	at java.base/java.util.stream.MatchOps$MatchOp.evaluateSequential(MatchOps.java:196)
	at java.base/java.util.stream.AbstractPipeline.evaluate(AbstractPipeline.java:234)
	at java.base/java.util.stream.ReferencePipeline.anyMatch(ReferencePipeline.java:528)
	at org.eclipse.lsp4e.LanguageServiceAccessor.getLSWrappers(LanguageServiceAccessor.java:378)
	at org.eclipse.lsp4e.LanguageServiceAccessor.getLanguageServers(LanguageServiceAccessor.java:588)
	at org.eclipse.lsp4e.operations.color.DocumentColorProvider.provideCodeMinings(DocumentColorProvider.java:60)
	at org.eclipse.lsp4e.operations.color.DocumentColorProvider.provideCodeMinings(DocumentColorProvider.java:88)
	at org.eclipse.jface.internal.text.codemining.CodeMiningManager.lambda$2(CodeMiningManager.java:189)
	at java.base/java.util.stream.ReferencePipeline$3$1.accept(ReferencePipeline.java:195)
	at java.base/java.util.Spliterators$ArraySpliterator.forEachRemaining(Spliterators.java:948)
	at java.base/java.util.stream.AbstractPipeline.copyInto(AbstractPipeline.java:484)
	at java.base/java.util.stream.AbstractPipeline.wrapAndCopyInto(AbstractPipeline.java:474)
	at java.base/java.util.stream.ReduceOps$ReduceOp.evaluateSequential(ReduceOps.java:913)
	at java.base/java.util.stream.AbstractPipeline.evaluate(AbstractPipeline.java:234)
	at java.base/java.util.stream.ReferencePipeline.collect(ReferencePipeline.java:578)
	at org.eclipse.jface.internal.text.codemining.CodeMiningManager.getCodeMinings(CodeMiningManager.java:195)
	at org.eclipse.jface.internal.text.codemining.CodeMiningManager.updateCodeMinings(CodeMiningManager.java:140)
	at org.eclipse.jface.internal.text.codemining.CodeMiningManager.run(CodeMiningManager.java:129)
	at org.eclipse.jface.text.source.SourceViewer.updateCodeMinings(SourceViewer.java:1313)
	at org.eclipse.jface.text.source.SourceViewer.ensureCodeMiningManagerInstalled(SourceViewer.java:1301)
	at org.eclipse.jface.text.source.SourceViewer.setCodeMiningAnnotationPainter(SourceViewer.java:1320)
	at org.eclipse.ui.texteditor.SourceViewerDecorationSupport.showAnnotations(SourceViewerDecorationSupport.java:830)
	at org.eclipse.ui.texteditor.SourceViewerDecorationSupport.updateTextDecorations(SourceViewerDecorationSupport.java:301)
	at org.eclipse.ui.texteditor.SourceViewerDecorationSupport.install(SourceViewerDecorationSupport.java:269)
	at org.eclipse.ui.texteditor.AbstractDecoratedTextEditor.createPartControl(AbstractDecoratedTextEditor.java:456)
	at org.eclipse.wst.sse.ui.StructuredTextEditor.createPartControl(StructuredTextEditor.java:1598)
	at org.eclipse.ui.internal.e4.compatibility.CompatibilityPart.createPartControl(CompatibilityPart.java:158)
	at org.eclipse.ui.internal.e4.compatibility.CompatibilityEditor.createPartControl(CompatibilityEditor.java:96)
	at org.eclipse.ui.internal.e4.compatibility.CompatibilityPart.create(CompatibilityPart.java:365)
	at jdk.internal.reflect.GeneratedMethodAccessor151.invoke(Unknown Source)
	at java.base/jdk.internal.reflect.DelegatingMethodAccessorImpl.invoke(DelegatingMethodAccessorImpl.java:43)
	at java.base/java.lang.reflect.Method.invoke(Method.java:566)
	at org.eclipse.e4.core.internal.di.MethodRequestor.execute(MethodRequestor.java:58)
	at org.eclipse.e4.core.internal.di.InjectorImpl.processAnnotated(InjectorImpl.java:995)
	at org.eclipse.e4.core.internal.di.InjectorImpl.processAnnotated(InjectorImpl.java:960)
	at org.eclipse.e4.core.internal.di.InjectorImpl.internalInject(InjectorImpl.java:140)
	at org.eclipse.e4.core.internal.di.InjectorImpl.internalMake(InjectorImpl.java:403)
	at org.eclipse.e4.core.internal.di.InjectorImpl.make(InjectorImpl.java:330)
	at org.eclipse.e4.core.contexts.ContextInjectionFactory.make(ContextInjectionFactory.java:202)
	at org.eclipse.e4.ui.internal.workbench.ReflectionContributionFactory.createFromBundle(ReflectionContributionFactory.java:91)
	at org.eclipse.e4.ui.internal.workbench.ReflectionContributionFactory.doCreate(ReflectionContributionFactory.java:60)
	at org.eclipse.e4.ui.internal.workbench.ReflectionContributionFactory.create(ReflectionContributionFactory.java:42)
	at org.eclipse.e4.ui.workbench.renderers.swt.ContributedPartRenderer.createWidget(ContributedPartRenderer.java:132)
	at org.eclipse.e4.ui.internal.workbench.swt.PartRenderingEngine.createWidget(PartRenderingEngine.java:994)
	at org.eclipse.e4.ui.internal.workbench.swt.PartRenderingEngine.safeCreateGui(PartRenderingEngine.java:658)
	at org.eclipse.e4.ui.internal.workbench.swt.PartRenderingEngine.safeCreateGui(PartRenderingEngine.java:762)
	at org.eclipse.e4.ui.internal.workbench.swt.PartRenderingEngine$2.run(PartRenderingEngine.java:727)
	at org.eclipse.core.runtime.SafeRunner.run(SafeRunner.java:45)
	at org.eclipse.e4.ui.internal.workbench.swt.PartRenderingEngine.createGui(PartRenderingEngine.java:711)
	at org.eclipse.e4.ui.internal.workbench.PartServiceImpl.lambda$0(PartServiceImpl.java:105)
	at org.eclipse.e4.ui.services.internal.events.UIEventHandler.lambda$0(UIEventHandler.java:38)
	at org.eclipse.swt.widgets.Synchronizer.syncExec(Synchronizer.java:236)
	at org.eclipse.ui.internal.UISynchronizer.syncExec(UISynchronizer.java:133)
	at org.eclipse.swt.widgets.Display.syncExec(Display.java:4779)
	at org.eclipse.e4.ui.workbench.swt.DisplayUISynchronize.syncExec(DisplayUISynchronize.java:34)
	at org.eclipse.e4.ui.services.internal.events.UIEventHandler.handleEvent(UIEventHandler.java:38)
	at org.eclipse.equinox.internal.event.EventHandlerWrapper.handleEvent(EventHandlerWrapper.java:205)
	at org.eclipse.equinox.internal.event.EventHandlerTracker.dispatchEvent(EventHandlerTracker.java:203)
	at org.eclipse.equinox.internal.event.EventHandlerTracker.dispatchEvent(EventHandlerTracker.java:1)
	at org.eclipse.osgi.framework.eventmgr.EventManager.dispatchEvent(EventManager.java:228)
	at org.eclipse.osgi.framework.eventmgr.ListenerQueue.dispatchEventSynchronous(ListenerQueue.java:151)
	at org.eclipse.equinox.internal.event.EventAdminImpl.dispatchEvent(EventAdminImpl.java:133)
	at org.eclipse.equinox.internal.event.EventAdminImpl.sendEvent(EventAdminImpl.java:75)
	at org.eclipse.equinox.internal.event.EventComponent.sendEvent(EventComponent.java:44)
	at org.eclipse.e4.ui.services.internal.events.EventBroker.send(EventBroker.java:55)
	at org.eclipse.e4.ui.internal.workbench.UIEventPublisher.notifyChanged(UIEventPublisher.java:63)
	at org.eclipse.emf.common.notify.impl.BasicNotifierImpl.eNotify(BasicNotifierImpl.java:424)
	at org.eclipse.e4.ui.model.application.ui.impl.ElementContainerImpl.setSelectedElementGen(ElementContainerImpl.java:170)
	at org.eclipse.e4.ui.model.application.ui.impl.ElementContainerImpl.setSelectedElement(ElementContainerImpl.java:188)
	at org.eclipse.e4.ui.internal.workbench.ModelServiceImpl.showElementInWindow(ModelServiceImpl.java:660)
	at org.eclipse.e4.ui.internal.workbench.ModelServiceImpl.bringToTop(ModelServiceImpl.java:624)
	at org.eclipse.e4.ui.internal.workbench.PartServiceImpl.delegateBringToTop(PartServiceImpl.java:787)
	at org.eclipse.e4.ui.internal.workbench.PartServiceImpl.bringToTop(PartServiceImpl.java:401)
	at org.eclipse.e4.ui.internal.workbench.PartServiceImpl.showPart(PartServiceImpl.java:1261)
	at org.eclipse.ui.internal.WorkbenchPage.busyOpenEditor(WorkbenchPage.java:3208)
	at org.eclipse.ui.internal.WorkbenchPage.lambda$9(WorkbenchPage.java:3112)
	at org.eclipse.swt.custom.BusyIndicator.showWhile(BusyIndicator.java:74)
	at org.eclipse.ui.internal.WorkbenchPage.openEditor(WorkbenchPage.java:3110)
	at org.eclipse.ui.internal.WorkbenchPage.openEditor(WorkbenchPage.java:3080)
	at org.eclipse.ui.internal.WorkbenchPage.openEditor(WorkbenchPage.java:3071)
	at org.eclipse.ui.ide.IDE.openEditor(IDE.java:569)
	at org.eclipse.ui.ide.IDE.openEditor(IDE.java:524)
	at org.eclipse.wst.html.ui.internal.wizard.NewHTMLWizard$1.run(NewHTMLWizard.java:81)
	at org.eclipse.swt.widgets.RunnableLock.run(RunnableLock.java:40)
	at org.eclipse.swt.widgets.Synchronizer.runAsyncMessages(Synchronizer.java:185)
	at org.eclipse.swt.widgets.Display.runAsyncMessages(Display.java:4035)
	at org.eclipse.swt.widgets.Display.readAndDispatch(Display.java:3635)
	at org.eclipse.e4.ui.internal.workbench.swt.PartRenderingEngine$5.run(PartRenderingEngine.java:1154)
	at org.eclipse.core.databinding.observable.Realm.runWithDefault(Realm.java:338)
	at org.eclipse.e4.ui.internal.workbench.swt.PartRenderingEngine.run(PartRenderingEngine.java:1045)
	at org.eclipse.e4.ui.internal.workbench.E4Workbench.createAndRunUI(E4Workbench.java:155)
	at org.eclipse.ui.internal.Workbench.lambda$3(Workbench.java:644)
	at org.eclipse.core.databinding.observable.Realm.runWithDefault(Realm.java:338)
	at org.eclipse.ui.internal.Workbench.createAndRunWorkbench(Workbench.java:551)
	at org.eclipse.ui.PlatformUI.createAndRunWorkbench(PlatformUI.java:156)
	at org.eclipse.ui.internal.ide.application.IDEApplication.start(IDEApplication.java:152)
	at org.eclipse.equinox.internal.app.EclipseAppHandle.run(EclipseAppHandle.java:203)
	at org.eclipse.core.runtime.internal.adaptor.EclipseAppLauncher.runApplication(EclipseAppLauncher.java:136)
	at org.eclipse.core.runtime.internal.adaptor.EclipseAppLauncher.start(EclipseAppLauncher.java:104)
	at org.eclipse.core.runtime.adaptor.EclipseStarter.run(EclipseStarter.java:401)
	at org.eclipse.core.runtime.adaptor.EclipseStarter.run(EclipseStarter.java:255)
	at java.base/jdk.internal.reflect.NativeMethodAccessorImpl.invoke0(Native Method)
	at java.base/jdk.internal.reflect.NativeMethodAccessorImpl.invoke(NativeMethodAccessorImpl.java:62)
	at java.base/jdk.internal.reflect.DelegatingMethodAccessorImpl.invoke(DelegatingMethodAccessorImpl.java:43)
	at java.base/java.lang.reflect.Method.invoke(Method.java:566)
	at org.eclipse.equinox.launcher.Main.invokeFramework(Main.java:659)
	at org.eclipse.equinox.launcher.Main.basicRun(Main.java:596)
	at org.eclipse.equinox.launcher.Main.run(Main.java:1467)
	at org.eclipse.equinox.launcher.Main.main(Main.java:1440)

!ENTRY org.eclipse.wst.xml.core 4 4 2022-07-06 13:12:34.769
!MESSAGE IStructuredDocumentRegion management failed.
!STACK 0
org.eclipse.wst.xml.core.internal.document.StructuredDocumentRegionManagementException: IStructuredDocumentRegion management failed.
	at org.eclipse.wst.xml.core.internal.document.XMLModelParser.removeStructuredDocumentRegion(XMLModelParser.java:2267)
	at org.eclipse.wst.xml.core.internal.document.XMLModelParser.replaceStructuredDocumentRegions(XMLModelParser.java:2341)
	at org.eclipse.wst.xml.core.internal.document.DOMModelImpl.nodesReplaced(DOMModelImpl.java:742)
	at org.eclipse.wst.sse.core.internal.text.BasicStructuredDocument._fireEvent(BasicStructuredDocument.java:602)
	at org.eclipse.wst.sse.core.internal.text.BasicStructuredDocument.fireStructuredDocumentEvent(BasicStructuredDocument.java:1200)
	at org.eclipse.wst.sse.core.internal.text.BasicStructuredDocument.internalReplaceText(BasicStructuredDocument.java:1981)
	at org.eclipse.wst.sse.core.internal.text.BasicStructuredDocument.replaceText(BasicStructuredDocument.java:2425)
	at org.eclipse.wst.sse.core.internal.text.BasicStructuredDocument.replaceText(BasicStructuredDocument.java:2410)
	at org.eclipse.wst.sse.core.internal.text.JobSafeStructuredDocument.access$2(JobSafeStructuredDocument.java:1)
	at org.eclipse.wst.sse.core.internal.text.JobSafeStructuredDocument$3.run(JobSafeStructuredDocument.java:143)
	at org.eclipse.core.runtime.SafeRunner.run(SafeRunner.java:45)
	at org.eclipse.wst.sse.ui.EditorExecutionContext.execute(EditorExecutionContext.java:150)
	at org.eclipse.wst.sse.core.internal.text.JobSafeStructuredDocument.replaceText(JobSafeStructuredDocument.java:146)
	at org.eclipse.wst.sse.core.internal.text.BasicStructuredDocument.replace(BasicStructuredDocument.java:2370)
	at org.eclipse.wst.sse.core.internal.text.JobSafeStructuredDocument.access$0(JobSafeStructuredDocument.java:1)
	at org.eclipse.wst.sse.core.internal.text.JobSafeStructuredDocument$1.run(JobSafeStructuredDocument.java:105)
	at org.eclipse.core.runtime.SafeRunner.run(SafeRunner.java:45)
	at org.eclipse.wst.sse.ui.EditorExecutionContext.execute(EditorExecutionContext.java:150)
	at org.eclipse.wst.sse.core.internal.text.JobSafeStructuredDocument.replace(JobSafeStructuredDocument.java:108)
	at org.eclipse.jface.text.projection.ProjectionTextStore.replace(ProjectionTextStore.java:106)
	at org.eclipse.jface.text.AbstractDocument.replace(AbstractDocument.java:1093)
	at org.eclipse.jface.text.AbstractDocument.replace(AbstractDocument.java:1118)
	at org.eclipse.jface.text.projection.ProjectionDocument.replace(ProjectionDocument.java:627)
	at org.eclipse.jface.text.DefaultDocumentAdapter.replaceTextRange(DefaultDocumentAdapter.java:223)
	at org.eclipse.swt.custom.StyledText.modifyContent(StyledText.java:7639)
	at org.eclipse.swt.custom.StyledText.sendKeyEvent(StyledText.java:8539)
	at org.eclipse.swt.custom.StyledText.doBackspace(StyledText.java:2312)
	at org.eclipse.swt.custom.StyledText.invokeAction(StyledText.java:7428)
	at org.eclipse.swt.custom.StyledText.handleKey(StyledText.java:6226)
	at org.eclipse.swt.custom.StyledText.handleKeyDown(StyledText.java:6253)
	at org.eclipse.swt.custom.StyledText.lambda$28(StyledText.java:5932)
	at org.eclipse.swt.widgets.EventTable.sendEvent(EventTable.java:89)
	at org.eclipse.swt.widgets.Display.sendEvent(Display.java:4243)
	at org.eclipse.swt.widgets.Widget.sendEvent(Widget.java:1060)
	at org.eclipse.swt.widgets.Widget.sendEvent(Widget.java:1084)
	at org.eclipse.swt.widgets.Widget.sendEvent(Widget.java:1069)
	at org.eclipse.swt.widgets.Widget.sendKeyEvent(Widget.java:1111)
	at org.eclipse.swt.widgets.Widget.sendKeyEvent(Widget.java:1107)
	at org.eclipse.swt.widgets.Widget.wmChar(Widget.java:1536)
	at org.eclipse.swt.widgets.Control.WM_CHAR(Control.java:4875)
	at org.eclipse.swt.widgets.Canvas.WM_CHAR(Canvas.java:345)
	at org.eclipse.swt.widgets.Control.windowProc(Control.java:4753)
	at org.eclipse.swt.widgets.Canvas.windowProc(Canvas.java:340)
	at org.eclipse.swt.widgets.Display.windowProc(Display.java:5002)
	at org.eclipse.swt.internal.win32.OS.DispatchMessage(Native Method)
	at org.eclipse.swt.widgets.Display.readAndDispatch(Display.java:3630)
	at org.eclipse.e4.ui.internal.workbench.swt.PartRenderingEngine$5.run(PartRenderingEngine.java:1154)
	at org.eclipse.core.databinding.observable.Realm.runWithDefault(Realm.java:338)
	at org.eclipse.e4.ui.internal.workbench.swt.PartRenderingEngine.run(PartRenderingEngine.java:1045)
	at org.eclipse.e4.ui.internal.workbench.E4Workbench.createAndRunUI(E4Workbench.java:155)
	at org.eclipse.ui.internal.Workbench.lambda$3(Workbench.java:644)
	at org.eclipse.core.databinding.observable.Realm.runWithDefault(Realm.java:338)
	at org.eclipse.ui.internal.Workbench.createAndRunWorkbench(Workbench.java:551)
	at org.eclipse.ui.PlatformUI.createAndRunWorkbench(PlatformUI.java:156)
	at org.eclipse.ui.internal.ide.application.IDEApplication.start(IDEApplication.java:152)
	at org.eclipse.equinox.internal.app.EclipseAppHandle.run(EclipseAppHandle.java:203)
	at org.eclipse.core.runtime.internal.adaptor.EclipseAppLauncher.runApplication(EclipseAppLauncher.java:136)
	at org.eclipse.core.runtime.internal.adaptor.EclipseAppLauncher.start(EclipseAppLauncher.java:104)
	at org.eclipse.core.runtime.adaptor.EclipseStarter.run(EclipseStarter.java:401)
	at org.eclipse.core.runtime.adaptor.EclipseStarter.run(EclipseStarter.java:255)
	at java.base/jdk.internal.reflect.NativeMethodAccessorImpl.invoke0(Native Method)
	at java.base/jdk.internal.reflect.NativeMethodAccessorImpl.invoke(NativeMethodAccessorImpl.java:62)
	at java.base/jdk.internal.reflect.DelegatingMethodAccessorImpl.invoke(DelegatingMethodAccessorImpl.java:43)
	at java.base/java.lang.reflect.Method.invoke(Method.java:566)
	at org.eclipse.equinox.launcher.Main.invokeFramework(Main.java:659)
	at org.eclipse.equinox.launcher.Main.basicRun(Main.java:596)
	at org.eclipse.equinox.launcher.Main.run(Main.java:1467)
	at org.eclipse.equinox.launcher.Main.main(Main.java:1440)
!SESSION 2022-07-06 13:52:29.315 -----------------------------------------------
eclipse.buildId=4.13.1.202201311654
java.version=11.0.14
java.vendor=Oracle Corporation
BootLoader constants: OS=win32, ARCH=x86_64, WS=win32, NL=ko_KR
Framework arguments:  -product org.springframework.boot.ide.branding.sts4
Command-line arguments:  -os win32 -ws win32 -arch x86_64 -product org.springframework.boot.ide.branding.sts4 -clean

!ENTRY org.eclipse.core.resources 4 567 2022-07-06 13:52:44.575
!MESSAGE Workspace restored, but some problems occurred.
!SUBENTRY 1 org.eclipse.core.resources 4 567 2022-07-06 13:52:44.575
!MESSAGE Could not read metadata for '.org.eclipse.egit.core.cmp'.
!STACK 1
org.eclipse.core.internal.resources.ResourceException(/.org.eclipse.egit.core.cmp)[567]: java.lang.Exception: The project description file (.project) for '.org.eclipse.egit.core.cmp' is missing.  This file contains important information about the project.  The project will not function properly until this file is restored.
	at org.eclipse.core.internal.resources.ResourceException.provideStackTrace(ResourceException.java:42)
	at org.eclipse.core.internal.resources.ResourceException.<init>(ResourceException.java:38)
	at org.eclipse.core.internal.localstore.FileSystemResourceManager.read(FileSystemResourceManager.java:908)
	at org.eclipse.core.internal.resources.SaveManager.restoreMetaInfo(SaveManager.java:888)
	at org.eclipse.core.internal.resources.SaveManager.restoreMetaInfo(SaveManager.java:868)
	at org.eclipse.core.internal.resources.SaveManager.restore(SaveManager.java:724)
	at org.eclipse.core.internal.resources.SaveManager.startup(SaveManager.java:1555)
	at org.eclipse.core.internal.resources.Workspace.startup(Workspace.java:2480)
	at org.eclipse.core.internal.resources.Workspace.open(Workspace.java:2231)
	at org.eclipse.core.resources.ResourcesPlugin.start(ResourcesPlugin.java:475)
	at org.eclipse.osgi.internal.framework.BundleContextImpl.lambda$2(BundleContextImpl.java:808)
	at java.base/java.security.AccessController.doPrivileged(Native Method)
	at org.eclipse.osgi.internal.framework.BundleContextImpl.startActivator(BundleContextImpl.java:802)
	at org.eclipse.osgi.internal.framework.BundleContextImpl.start(BundleContextImpl.java:759)
	at org.eclipse.osgi.internal.framework.EquinoxBundle.startWorker0(EquinoxBundle.java:1019)
	at org.eclipse.osgi.internal.framework.EquinoxBundle$EquinoxModule.startWorker(EquinoxBundle.java:365)
	at org.eclipse.osgi.container.Module.doStart(Module.java:605)
	at org.eclipse.osgi.container.Module.start(Module.java:468)
	at org.eclipse.osgi.framework.util.SecureAction.start(SecureAction.java:404)
	at org.eclipse.osgi.internal.hooks.EclipseLazyStarter.postFindLocalClass(EclipseLazyStarter.java:117)
	at org.eclipse.osgi.internal.loader.classpath.ClasspathManager.findLocalClass(ClasspathManager.java:570)
	at org.eclipse.osgi.internal.loader.ModuleClassLoader.findLocalClass(ModuleClassLoader.java:335)
	at org.eclipse.osgi.internal.loader.BundleLoader.findLocalClass(BundleLoader.java:384)
	at org.eclipse.osgi.internal.loader.sources.SingleSourcePackage.loadClass(SingleSourcePackage.java:41)
	at org.eclipse.osgi.internal.loader.BundleLoader.findClass0(BundleLoader.java:471)
	at org.eclipse.osgi.internal.loader.BundleLoader.findClass(BundleLoader.java:403)
	at org.eclipse.osgi.internal.loader.ModuleClassLoader.loadClass(ModuleClassLoader.java:168)
	at java.base/java.lang.ClassLoader.loadClass(ClassLoader.java:521)
	at org.eclipse.ui.internal.ide.application.IDEApplication.start(IDEApplication.java:153)
	at org.eclipse.equinox.internal.app.EclipseAppHandle.run(EclipseAppHandle.java:203)
	at org.eclipse.core.runtime.internal.adaptor.EclipseAppLauncher.runApplication(EclipseAppLauncher.java:136)
	at org.eclipse.core.runtime.internal.adaptor.EclipseAppLauncher.start(EclipseAppLauncher.java:104)
	at org.eclipse.core.runtime.adaptor.EclipseStarter.run(EclipseStarter.java:401)
	at org.eclipse.core.runtime.adaptor.EclipseStarter.run(EclipseStarter.java:255)
	at java.base/jdk.internal.reflect.NativeMethodAccessorImpl.invoke0(Native Method)
	at java.base/jdk.internal.reflect.NativeMethodAccessorImpl.invoke(NativeMethodAccessorImpl.java:62)
	at java.base/jdk.internal.reflect.DelegatingMethodAccessorImpl.invoke(DelegatingMethodAccessorImpl.java:43)
	at java.base/java.lang.reflect.Method.invoke(Method.java:566)
	at org.eclipse.equinox.launcher.Main.invokeFramework(Main.java:659)
	at org.eclipse.equinox.launcher.Main.basicRun(Main.java:596)
	at org.eclipse.equinox.launcher.Main.run(Main.java:1467)
	at org.eclipse.equinox.launcher.Main.main(Main.java:1440)
!SUBENTRY 2 org.eclipse.core.resources 4 567 2022-07-06 13:52:44.575
!MESSAGE The project description file (.project) for '.org.eclipse.egit.core.cmp' is missing.  This file contains important information about the project.  The project will not function properly until this file is restored.
!STACK 0
java.lang.Exception: The project description file (.project) for '.org.eclipse.egit.core.cmp' is missing.  This file contains important information about the project.  The project will not function properly until this file is restored.
	at org.eclipse.core.internal.resources.ResourceException.provideStackTrace(ResourceException.java:42)
	at org.eclipse.core.internal.resources.ResourceException.<init>(ResourceException.java:38)
	at org.eclipse.core.internal.localstore.FileSystemResourceManager.read(FileSystemResourceManager.java:908)
	at org.eclipse.core.internal.resources.SaveManager.restoreMetaInfo(SaveManager.java:888)
	at org.eclipse.core.internal.resources.SaveManager.restoreMetaInfo(SaveManager.java:868)
	at org.eclipse.core.internal.resources.SaveManager.restore(SaveManager.java:724)
	at org.eclipse.core.internal.resources.SaveManager.startup(SaveManager.java:1555)
	at org.eclipse.core.internal.resources.Workspace.startup(Workspace.java:2480)
	at org.eclipse.core.internal.resources.Workspace.open(Workspace.java:2231)
	at org.eclipse.core.resources.ResourcesPlugin.start(ResourcesPlugin.java:475)
	at org.eclipse.osgi.internal.framework.BundleContextImpl.lambda$2(BundleContextImpl.java:808)
	at java.base/java.security.AccessController.doPrivileged(Native Method)
	at org.eclipse.osgi.internal.framework.BundleContextImpl.startActivator(BundleContextImpl.java:802)
	at org.eclipse.osgi.internal.framework.BundleContextImpl.start(BundleContextImpl.java:759)
	at org.eclipse.osgi.internal.framework.EquinoxBundle.startWorker0(EquinoxBundle.java:1019)
	at org.eclipse.osgi.internal.framework.EquinoxBundle$EquinoxModule.startWorker(EquinoxBundle.java:365)
	at org.eclipse.osgi.container.Module.doStart(Module.java:605)
	at org.eclipse.osgi.container.Module.start(Module.java:468)
	at org.eclipse.osgi.framework.util.SecureAction.start(SecureAction.java:404)
	at org.eclipse.osgi.internal.hooks.EclipseLazyStarter.postFindLocalClass(EclipseLazyStarter.java:117)
	at org.eclipse.osgi.internal.loader.classpath.ClasspathManager.findLocalClass(ClasspathManager.java:570)
	at org.eclipse.osgi.internal.loader.ModuleClassLoader.findLocalClass(ModuleClassLoader.java:335)
	at org.eclipse.osgi.internal.loader.BundleLoader.findLocalClass(BundleLoader.java:384)
	at org.eclipse.osgi.internal.loader.sources.SingleSourcePackage.loadClass(SingleSourcePackage.java:41)
	at org.eclipse.osgi.internal.loader.BundleLoader.findClass0(BundleLoader.java:471)
	at org.eclipse.osgi.internal.loader.BundleLoader.findClass(BundleLoader.java:403)
	at org.eclipse.osgi.internal.loader.ModuleClassLoader.loadClass(ModuleClassLoader.java:168)
	at java.base/java.lang.ClassLoader.loadClass(ClassLoader.java:521)
	at org.eclipse.ui.internal.ide.application.IDEApplication.start(IDEApplication.java:153)
	at org.eclipse.equinox.internal.app.EclipseAppHandle.run(EclipseAppHandle.java:203)
	at org.eclipse.core.runtime.internal.adaptor.EclipseAppLauncher.runApplication(EclipseAppLauncher.java:136)
	at org.eclipse.core.runtime.internal.adaptor.EclipseAppLauncher.start(EclipseAppLauncher.java:104)
	at org.eclipse.core.runtime.adaptor.EclipseStarter.run(EclipseStarter.java:401)
	at org.eclipse.core.runtime.adaptor.EclipseStarter.run(EclipseStarter.java:255)
	at java.base/jdk.internal.reflect.NativeMethodAccessorImpl.invoke0(Native Method)
	at java.base/jdk.internal.reflect.NativeMethodAccessorImpl.invoke(NativeMethodAccessorImpl.java:62)
	at java.base/jdk.internal.reflect.DelegatingMethodAccessorImpl.invoke(DelegatingMethodAccessorImpl.java:43)
	at java.base/java.lang.reflect.Method.invoke(Method.java:566)
	at org.eclipse.equinox.launcher.Main.invokeFramework(Main.java:659)
	at org.eclipse.equinox.launcher.Main.basicRun(Main.java:596)
	at org.eclipse.equinox.launcher.Main.run(Main.java:1467)
	at org.eclipse.equinox.launcher.Main.main(Main.java:1440)

!ENTRY org.eclipse.jface 2 0 2022-07-06 13:52:45.945
!MESSAGE Keybinding conflicts occurred.  They may interfere with normal accelerator operation.
!SUBENTRY 1 org.eclipse.jface 2 0 2022-07-06 13:52:45.945
!MESSAGE A conflict occurred for CTRL+SHIFT+T:
Binding(CTRL+SHIFT+T,
	ParameterizedCommand(Command(org.eclipse.jdt.ui.navigate.open.type,Open Type,
		Open a type in a Java editor,
		Category(org.eclipse.ui.category.navigate,Navigate,null,true),
		org.eclipse.ui.internal.WorkbenchHandlerServiceHandler@48543f11,
		,,true),null),
	org.eclipse.ui.defaultAcceleratorConfiguration,
	org.eclipse.ui.contexts.window,,,system)
Binding(CTRL+SHIFT+T,
	ParameterizedCommand(Command(org.eclipse.lsp4e.symbolinworkspace,Go to Symbol in Workspace,
		,
		Category(org.eclipse.lsp4e.category,Language Servers,null,true),
		org.eclipse.ui.internal.WorkbenchHandlerServiceHandler@cda988,
		,,true),null),
	org.eclipse.ui.defaultAcceleratorConfiguration,
	org.eclipse.ui.contexts.window,,,system)
!SUBENTRY 1 org.eclipse.jface 2 0 2022-07-06 13:52:45.945
!MESSAGE A conflict occurred for ALT+SHIFT+R:
Binding(ALT+SHIFT+R,
	ParameterizedCommand(Command(org.eclipse.jdt.ui.edit.text.java.rename.element,Rename - Refactoring ,
		Rename the selected element,
		Category(org.eclipse.jdt.ui.category.refactoring,Refactor - Java,Java Refactoring Actions,true),
		org.eclipse.ui.internal.WorkbenchHandlerServiceHandler@7e92e9a2,
		,,true),null),
	org.eclipse.ui.defaultAcceleratorConfiguration,
	org.eclipse.ui.contexts.window,,,system)
Binding(ALT+SHIFT+R,
	ParameterizedCommand(Command(org.eclipse.ui.edit.rename,Rename,
		Rename the selected item,
		Category(org.eclipse.ui.category.file,File,null,true),
		org.eclipse.ui.internal.WorkbenchHandlerServiceHandler@c0a8787,
		,,true),null),
	org.eclipse.ui.defaultAcceleratorConfiguration,
	org.eclipse.ui.contexts.window,,,system)

!ENTRY org.eclipse.mylyn.tasks.core 4 0 2022-07-06 13:52:46.548
!MESSAGE Unexpected error while loading repository template extensions
!SUBENTRY 1 org.eclipse.mylyn.tasks.core 4 0 2022-07-06 13:52:46.548
!MESSAGE Could not load repository template extension contributed by 'org.eclipse.mylyn.bugzilla.ide' with connectorKind 'bugzilla'

!ENTRY org.eclipse.egit.ui 2 0 2022-07-06 13:52:49.767
!MESSAGE Warning: The environment variable HOME is not set. The following directory will be used to store the Git
user global configuration and to define the default location to store repositories: 'C:\Users\USER'. If this is
not correct please set the HOME environment variable and restart Eclipse. Otherwise Git for Windows and
EGit might behave differently since they see different configuration options.
This warning can be switched off on the Team > Git > Confirmations and Warnings preference page.

!ENTRY org.python.pydev.shared_core 4 4 2022-07-06 13:52:49.882
!MESSAGE Error. returning: 0
!STACK 0
java.nio.file.NoSuchFileException: C:\LYK\work\new\pyweb_board\board\views.py
	at java.base/sun.nio.fs.WindowsException.translateToIOException(WindowsException.java:85)
	at java.base/sun.nio.fs.WindowsException.rethrowAsIOException(WindowsException.java:103)
	at java.base/sun.nio.fs.WindowsException.rethrowAsIOException(WindowsException.java:108)
	at java.base/sun.nio.fs.WindowsFileAttributeViews$Basic.readAttributes(WindowsFileAttributeViews.java:53)
	at java.base/sun.nio.fs.WindowsFileAttributeViews$Basic.readAttributes(WindowsFileAttributeViews.java:38)
	at java.base/sun.nio.fs.WindowsFileSystemProvider.readAttributes(WindowsFileSystemProvider.java:198)
	at java.base/java.nio.file.Files.readAttributes(Files.java:1764)
	at java.base/java.nio.file.Files.getLastModifiedTime(Files.java:2315)
	at org.python.pydev.shared_core.io.FileUtils.lastModified(FileUtils.java:1081)
	at org.python.pydev.shared_core.io.FileUtils.lastModified(FileUtils.java:1072)
	at com.python.pydev.analysis.additionalinfo.AbstractAdditionalDependencyInfo.addInfoToModuleOnRestoreInsertCommand(AbstractAdditionalDependencyInfo.java:541)
	at com.python.pydev.analysis.additionalinfo.AbstractAdditionalInfoWithBuild.processInsert(AbstractAdditionalInfoWithBuild.java:192)
	at org.python.pydev.core.DeltaSaver$DeltaInsertCommand.processWith(DeltaSaver.java:98)
	at org.python.pydev.core.DeltaSaver.processDeltas(DeltaSaver.java:318)
	at com.python.pydev.analysis.additionalinfo.AbstractAdditionalInfoWithBuild.restoreSavedInfo(AbstractAdditionalInfoWithBuild.java:103)
	at com.python.pydev.analysis.additionalinfo.AbstractAdditionalDependencyInfo.loadContentsFromFile(AbstractAdditionalDependencyInfo.java:511)
	at com.python.pydev.analysis.additionalinfo.AbstractAdditionalDependencyInfo.load(AbstractAdditionalDependencyInfo.java:426)
	at com.python.pydev.analysis.additionalinfo.AdditionalProjectInterpreterInfo.getAdditionalInfoForProject(AdditionalProjectInterpreterInfo.java:249)
	at com.python.pydev.analysis.additionalinfo.AdditionalProjectInterpreterInfo.recreateAllInfo(AdditionalProjectInterpreterInfo.java:339)
	at com.python.pydev.analysis.additionalinfo.builders.InterpreterObserver.notifyProjectPythonpathRestored(InterpreterObserver.java:41)
	at org.python.pydev.plugin.nature.PythonNature$RebuildPythonNatureModules.run(PythonNature.java:201)
	at org.eclipse.core.internal.jobs.Worker.run(Worker.java:63)
!SESSION 2022-07-06 13:54:15.668 -----------------------------------------------
eclipse.buildId=4.13.1.202201311654
java.version=11.0.14
java.vendor=Oracle Corporation
BootLoader constants: OS=win32, ARCH=x86_64, WS=win32, NL=ko_KR
Framework arguments:  -product org.springframework.boot.ide.branding.sts4
Command-line arguments:  -os win32 -ws win32 -arch x86_64 -product org.springframework.boot.ide.branding.sts4 -clean

!ENTRY org.eclipse.jface 2 0 2022-07-06 13:54:30.015
!MESSAGE Keybinding conflicts occurred.  They may interfere with normal accelerator operation.
!SUBENTRY 1 org.eclipse.jface 2 0 2022-07-06 13:54:30.015
!MESSAGE A conflict occurred for CTRL+SHIFT+T:
Binding(CTRL+SHIFT+T,
	ParameterizedCommand(Command(org.eclipse.jdt.ui.navigate.open.type,Open Type,
		Open a type in a Java editor,
		Category(org.eclipse.ui.category.navigate,Navigate,null,true),
		org.eclipse.ui.internal.WorkbenchHandlerServiceHandler@539f2fec,
		,,true),null),
	org.eclipse.ui.defaultAcceleratorConfiguration,
	org.eclipse.ui.contexts.window,,,system)
Binding(CTRL+SHIFT+T,
	ParameterizedCommand(Command(org.eclipse.lsp4e.symbolinworkspace,Go to Symbol in Workspace,
		,
		Category(org.eclipse.lsp4e.category,Language Servers,null,true),
		org.eclipse.ui.internal.WorkbenchHandlerServiceHandler@a4e1ca7,
		,,true),null),
	org.eclipse.ui.defaultAcceleratorConfiguration,
	org.eclipse.ui.contexts.window,,,system)
!SUBENTRY 1 org.eclipse.jface 2 0 2022-07-06 13:54:30.015
!MESSAGE A conflict occurred for ALT+SHIFT+R:
Binding(ALT+SHIFT+R,
	ParameterizedCommand(Command(org.eclipse.jdt.ui.edit.text.java.rename.element,Rename - Refactoring ,
		Rename the selected element,
		Category(org.eclipse.jdt.ui.category.refactoring,Refactor - Java,Java Refactoring Actions,true),
		org.eclipse.ui.internal.WorkbenchHandlerServiceHandler@7d466ef9,
		,,true),null),
	org.eclipse.ui.defaultAcceleratorConfiguration,
	org.eclipse.ui.contexts.window,,,system)
Binding(ALT+SHIFT+R,
	ParameterizedCommand(Command(org.eclipse.ui.edit.rename,Rename,
		Rename the selected item,
		Category(org.eclipse.ui.category.file,File,null,true),
		org.eclipse.ui.internal.WorkbenchHandlerServiceHandler@4a561f7d,
		,,true),null),
	org.eclipse.ui.defaultAcceleratorConfiguration,
	org.eclipse.ui.contexts.window,,,system)

!ENTRY org.eclipse.mylyn.tasks.core 4 0 2022-07-06 13:54:30.590
!MESSAGE Unexpected error while loading repository template extensions
!SUBENTRY 1 org.eclipse.mylyn.tasks.core 4 0 2022-07-06 13:54:30.591
!MESSAGE Could not load repository template extension contributed by 'org.eclipse.mylyn.bugzilla.ide' with connectorKind 'bugzilla'

!ENTRY org.eclipse.egit.ui 2 0 2022-07-06 13:54:33.580
!MESSAGE Warning: The environment variable HOME is not set. The following directory will be used to store the Git
user global configuration and to define the default location to store repositories: 'C:\Users\USER'. If this is
not correct please set the HOME environment variable and restart Eclipse. Otherwise Git for Windows and
EGit might behave differently since they see different configuration options.
This warning can be switched off on the Team > Git > Confirmations and Warnings preference page.

!ENTRY org.eclipse.jface 2 0 2022-07-06 13:54:39.710
!MESSAGE Keybinding conflicts occurred.  They may interfere with normal accelerator operation.
!SUBENTRY 1 org.eclipse.jface 2 0 2022-07-06 13:54:39.710
!MESSAGE A conflict occurred for CTRL+SHIFT+C:
Binding(CTRL+SHIFT+C,
	ParameterizedCommand(Command(org.eclipse.tm4e.languageconfiguration.togglelinecommentcommand,Toggle Line Comment,
		,
		Category(org.eclipse.tm4e.languageconfiguration.category,TM4E Language Configuration,null,true),
		org.eclipse.ui.internal.WorkbenchHandlerServiceHandler@7da7a932,
		,,true),null),
	org.eclipse.ui.defaultAcceleratorConfiguration,
	org.eclipse.ui.textEditorScope,,,system)
Binding(CTRL+SHIFT+C,
	ParameterizedCommand(Command(org.springframework.tooling.boot.ls.ToggleComment,Toggle Comment,
		,
		Category(org.springframework.ide.eclipse.commands,Spring Generic Text Editor,Spring Language Server Commands,true),
		org.eclipse.ui.internal.WorkbenchHandlerServiceHandler@5d6d21e2,
		,,true),null),
	org.eclipse.ui.defaultAcceleratorConfiguration,
	org.eclipse.ui.textEditorScope,,,system)

!ENTRY org.python.pydev.shared_core 1 1 2022-07-06 13:54:41.565
!MESSAGE Info: Rebuilding internal caches: C:\LYK\work\django\.metadata\.plugins\com.python.pydev.analysis\python_v1_2sb3y5qzm8gpqetykgbv4e728\python.pydevsysteminfo
!STACK 0
java.lang.RuntimeException: Unable to read: C:\LYK\work\django\.metadata\.plugins\com.python.pydev.analysis\python_v1_2sb3y5qzm8gpqetykgbv4e728\python.pydevsysteminfo
	at com.python.pydev.analysis.additionalinfo.AbstractAdditionalDependencyInfo.load(AbstractAdditionalDependencyInfo.java:428)
	at com.python.pydev.analysis.additionalinfo.AdditionalSystemInterpreterInfo.getAdditionalSystemInfo(AdditionalSystemInterpreterInfo.java:168)
	at com.python.pydev.analysis.additionalinfo.AdditionalSystemInterpreterInfo.getAdditionalSystemInfo(AdditionalSystemInterpreterInfo.java:139)
	at com.python.pydev.analysis.additionalinfo.AdditionalProjectInterpreterInfo.getAdditionalInfoAndNature(AdditionalProjectInterpreterInfo.java:175)
	at com.python.pydev.analysis.additionalinfo.AdditionalProjectInterpreterInfo.getAdditionalInfoAndNature(AdditionalProjectInterpreterInfo.java:160)
	at com.python.pydev.analysis.additionalinfo.AdditionalProjectInterpreterInfo.getAdditionalInfo(AdditionalProjectInterpreterInfo.java:147)
	at com.python.pydev.analysis.additionalinfo.AdditionalProjectInterpreterInfo.getAdditionalInfo(AdditionalProjectInterpreterInfo.java:137)
	at com.python.pydev.analysis.builder.PreloadAdditionalInfoPyEditListener$1.run(PreloadAdditionalInfoPyEditListener.java:70)
	at org.eclipse.core.internal.jobs.Worker.run(Worker.java:63)
Caused by: java.lang.NumberFormatException: Error getting positive int from: class LIEF::ref_iterator<class std::vector<class LIEF::ELF::Section 
	at org.python.pydev.shared_core.string.StringUtils.parsePositiveInt(StringUtils.java:389)
	at com.python.pydev.analysis.additionalinfo.TreeIO.loadTreeFrom(TreeIO.java:247)
	at com.python.pydev.analysis.additionalinfo.AbstractAdditionalDependencyInfo.loadContentsFromFile(AbstractAdditionalDependencyInfo.java:475)
	at com.python.pydev.analysis.additionalinfo.AbstractAdditionalDependencyInfo.load(AbstractAdditionalDependencyInfo.java:426)
	... 8 more

!ENTRY org.eclipse.core.jobs 2 2 2022-07-06 13:55:23.325
!MESSAGE Job found still running after platform shutdown.  Jobs should be canceled by the plugin that scheduled them during shutdown: com.python.pydev.analysis.builder.PreloadAdditionalInfoPyEditListener$1

!ENTRY org.eclipse.core.jobs 2 2 2022-07-06 13:55:23.326
!MESSAGE Job found still running after platform shutdown.  Jobs should be canceled by the plugin that scheduled them during shutdown: org.python.pydev.ast.codecompletion.revisited.SyncSystemModulesManagerScheduler$SynchJob

!ENTRY org.eclipse.core.jobs 2 2 2022-07-06 13:55:23.327
!MESSAGE Job found still running after platform shutdown.  Jobs should be canceled by the plugin that scheduled them during shutdown: com.python.pydev.analysis.builder.PreloadAdditionalInfoPyEditListener$1

!ENTRY org.eclipse.core.jobs 2 2 2022-07-06 13:55:23.327
!MESSAGE Job found still running after platform shutdown.  Jobs should be canceled by the plugin that scheduled them during shutdown: com.python.pydev.analysis.builder.PreloadAdditionalInfoPyEditListener$1

!ENTRY org.eclipse.core.jobs 2 2 2022-07-06 13:55:23.328
!MESSAGE Job found still running after platform shutdown.  Jobs should be canceled by the plugin that scheduled them during shutdown: com.python.pydev.analysis.builder.PreloadAdditionalInfoPyEditListener$1

!ENTRY org.eclipse.core.jobs 2 2 2022-07-06 13:55:23.329
!MESSAGE Job found still running after platform shutdown.  Jobs should be canceled by the plugin that scheduled them during shutdown: com.python.pydev.analysis.builder.PreloadAdditionalInfoPyEditListener$1
